1
1
100
51 92
0 41
47 92
25 92
3 92
29 92
47 41
41 92
68 92
42 92
76 92
6 92
81 92
89 92
60 92
11 92
61 92
23 92
47 36
36 92
90 92
40 92
47 79
79 92
57 92
24 92
13 92
30 92
26 92
38 92
17 92
25 62
62 92
21 92
84 92
88 92
0 92
3 39
39 92
47 5
5 92
3 66
66 92
47 15
25 15
15 92
44 92
47 74
25 74
74 92
51 64
47 64
64 92
65 92
71 92
47 2
2 92
31 92
78 92
4 92
25 43
3 43
51 43
47 43
25 41
3 41
43 92
72 92
25 28
0 3
28 92
82 92
19 92
12 92
27 92
25 58
58 92
69 92
22 92
51 18
47 18
25 18
51 3
18 92
8 92
67 92
47 87
25 87
87 92
49 92
25 37
37 92
47 55
25 55
51 55
55 92
25 10
51 10
10 92
33 92
