1
1
100
0 97
4 99
0 52
85 99
4 97
23 99
44 99
2 97
4 3
4 5
6 97
7 97
4 8
4 9
4 10
11 97
4 12
13 97
14 97
4 15
4 16
17 97
4 18
4 19
20 97
4 21
4 22
24 97
4 25
4 26
27 97
4 28
29 97
4 30
4 31
32 97
33 97
4 34
35 97
36 97
37 97
4 38
4 39
40 97
4 41
42 97
43 97
45 97
4 46
4 47
48 97
49 97
50 97
4 51
52 97
53 97
54 97
55 97
4 56
57 97
4 58
59 97
4 60
4 61
62 97
63 97
4 64
4 65
4 66
67 97
4 68
69 97
70 97
71 97
72 97
73 97
4 74
4 75
4 76
77 97
78 97
4 79
80 97
81 97
4 82
4 83
4 84
4 86
4 87
88 97
4 89
4 90
91 97
92 97
93 97
94 97
95 97
4 96
4 98
4 85
