0
100
0 13
0 16
0 9
0 36
0 44
0 2
0 21
0 50
22 57
22 14
22 35
22 13
22 40
22 59
22 11
22 15
22 56
22 17
22 42
22 31
22 44
22 27
22 46
22 6
22 18
22 51
22 36
22 55
22 4
22 20
22 54
22 3
22 9
22 32
22 16
22 33
22 34
22 8
22 58
22 45
22 7
22 28
22 10
22 25
22 48
22 21
22 12
22 37
22 24
22 39
22 38
22 50
22 30
22 26
22 49
22 29
22 52
22 43
22 1
22 19
22 47
22 2
22 53
22 41
22 5
23 35
23 14
23 57
23 13
23 59
23 11
23 15
23 40
23 17
23 56
23 27
23 6
23 2
23 58
23 33
23 7
23 50
23 12
23 47
23 24
23 21
23 46
23 20
23 28
23 9
23 45
23 37
23 53
23 5
23 1
23 32
23 39
23 41
23 55
23 29
