1
1
100
0 99
0 86
0 87
0 88
0 89
0 90
0 81
0 82
0 83
0 84
0 85
0 71
0 72
0 73
0 74
0 75
0 76
0 77
0 78
0 79
0 80
32 81
32 82
32 83
32 84
32 85
32 2
32 3
32 4
32 5
32 6
32 7
32 8
32 9
32 10
32 11
32 12
32 13
32 14
32 15
32 16
32 17
32 18
32 19
32 20
32 21
32 22
32 23
32 24
32 25
32 26
32 27
32 28
32 29
32 30
32 31
32 33
32 34
32 35
32 36
32 37
32 38
32 39
32 40
32 41
32 42
32 43
32 44
32 45
32 46
32 47
32 48
32 49
32 50
32 51
32 52
32 53
32 54
32 55
32 56
32 57
32 58
32 59
32 60
32 61
32 62
32 63
32 64
32 65
32 66
32 67
32 68
32 69
32 70
0 32
34 82
34 83
34 84
34 85
34 81
