1
1
100
0 83
84 99
94 99
84 83
0 82
25 99
0 76
0 46
2 83
3 83
84 4
84 5
6 83
84 7
84 8
9 83
10 83
11 83
84 12
0 84
0 68
0 94
0 64
0 13
0 31
0 78
0 88
0 61
2 31
0 2
0 65
0 30
0 15
0 27
0 74
0 28
0 99
25 83
25 43
25 45
25 23
0 25
0 51
0 23
0 29
0 18
0 22
77 83
77 24
77 87
77 93
77 20
0 77
0 93
69 83
69 4
0 69
10 81
10 97
0 10
0 85
0 43
0 63
16 83
16 72
16 87
16 34
16 63
19 83
84 20
0 16
0 97
9 38
0 9
0 57
0 56
0 92
35 83
35 95
23 83
84 24
26 83
0 35
6 44
0 6
71 83
84 29
84 30
0 71
0 52
48 83
11 38
23 46
48 79
48 84
48 11
48 63
48 9
48 65
48 15
