1
1
100
69 99
78 99
41 99
0 69
0 62
0 22
0 90
83 69
83 82
83 43
83 21
38 69
38 35
38 72
38 45
38 14
83 22
0 81
27 69
27 55
27 31
27 60
27 48
27 84
27 64
27 58
27 53
27 47
27 34
0 17
0 27
0 83
33 99
71 99
81 99
5 99
0 75
65 69
65 60
65 49
65 26
34 69
34 37
34 72
34 48
34 57
34 85
34 4
34 59
34 25
34 92
34 55
65 34
9 99
71 34
69 94
22 94
23 94
71 94
92 94
85 94
69 45
17 45
63 45
56 45
52 45
93 45
90 45
59 94
89 94
45 94
0 5
0 82
67 94
0 63
0 65
0 32
0 7
0 28
75 99
87 27
75 27
19 78
94 99
0 19
49 99
83 38
67 38
6 38
50 38
52 38
65 38
0 79
0 89
54 99
85 99
57 84
38 99
73 99
34 99
