0
100
0 21
0 4
0 22
0 92
0 76
0 30
0 67
46 17
46 7
46 10
42 81
42 92
55 50
55 95
55 28
55 54
90 28
90 88
90 61
90 51
34 52
18 17
18 25
18 79
16 98
16 35
16 94
16 69
62 3
62 73
62 19
62 56
20 83
20 3
15 95
15 47
15 40
15 67
33 75
28 73
40 57
40 95
40 48
44 45
31 52
31 11
12 98
12 19
12 97
88 50
88 97
88 96
7 70
32 26
32 64
32 24
32 22
32 56
93 24
93 45
93 23
71 30
94 66
94 2
75 86
75 23
75 69
24 77
17 78
17 38
17 92
17 81
17 36
76 11
76 64
87 58
87 80
61 22
68 52
39 77
39 60
96 1
96 38
8 37
8 86
8 11
45 98
97 22
97 9
97 92
97 41
97 11
97 89
35 37
52 99
52 77
38 6
49 63
73 99
10 58
