1
1
94
0 58
37 22
37 35
84 64
25 58
79 52
48 65
29 99
56 47
79 13
89 12
84 28
82 13
49 63
49 20
49 10
73 10
49 97
49 8
86 89
54 90
42 54
94 37
66 37
66 23
86 62
19 82
94 79
84 75
20 69
55 64
56 41
12 57
81 89
71 58
55 24
4 89
4 39
18 41
67 59
11 64
93 95
77 18
93 5
76 5
97 96
77 88
20 52
45 28
15 98
15 45
97 8
70 93
38 43
68 98
30 17
70 4
50 60
2 50
2 91
30 75
92 33
16 92
85 99
33 57
40 33
18 29
13 48
29 74
53 89
35 28
91 72
46 23
61 48
98 35
36 39
34 61
46 34
6 12
24 12
24 87
35 78
68 16
32 16
58 64
69 26
25 27
48 41
10 99
59 63
69 48
65 78
73 44
73 96
