1
1
100
0 10
0 30
0 13
0 42
0 45
0 37
0 50
0 29
0 22
0 33
0 12
0 7
0 23
0 35
0 38
0 20
0 40
0 6
0 24
0 16
0 5
0 46
0 41
0 3
0 44
0 28
0 32
0 11
0 19
0 49
0 27
0 31
0 8
2 10
2 30
2 22
2 46
2 42
2 26
2 36
2 6
2 8
2 28
2 43
2 35
2 49
2 24
2 7
2 32
2 38
2 41
2 33
2 27
2 18
2 44
2 20
2 25
2 3
2 19
2 39
2 5
2 29
2 37
2 40
2 4
2 16
2 12
2 14
2 23
2 13
31 10
31 35
31 30
31 47
31 11
31 22
31 3
31 46
31 14
31 42
31 20
31 17
31 44
31 48
31 41
31 32
31 25
31 12
31 33
31 40
31 4
31 28
31 8
31 45
31 16
31 15
31 39
31 23
31 37
31 5
