1
1
100
62 71
68 71
68 7
66 17
17 99
34 20
43 23
60 27
0 62
43 55
66 26
27 55
68 28
97 63
24 3
71 99
44 99
90 21
4 35
62 88
89 28
24 34
94 27
5 34
0 64
14 66
0 14
11 72
11 8
0 48
34 17
22 91
15 89
61 26
15 98
34 16
22 15
90 94
90 93
32 24
22 34
0 22
2 19
78 15
0 2
10 98
95 50
10 61
26 44
26 83
97 53
74 35
88 35
74 42
5 53
94 91
60 17
19 79
75 29
65 27
56 6
19 75
14 7
85 48
50 35
92 17
27 17
70 35
19 67
13 67
54 20
56 11
16 74
85 98
19 41
41 48
5 4
11 22
12 85
11 12
11 48
55 86
2 82
72 75
54 37
57 3
11 57
54 57
81 23
37 3
57 68
57 52
36 61
52 3
83 75
16 10
79 47
81 47
95 36
30 47
