1
1
100
0 57
0 4
0 6
0 70
57 94
19 94
57 84
26 84
33 84
71 84
0 14
0 78
0 85
6 94
84 94
0 23
0 28
0 91
79 94
0 52
0 65
30 94
41 94
51 94
65 94
0 19
0 46
0 35
36 57
36 16
36 67
36 33
36 79
36 45
0 77
46 94
57 67
46 67
75 67
80 67
61 67
73 67
17 67
22 67
42 67
52 67
35 67
78 67
81 67
0 71
0 83
23 94
0 76
31 57
31 65
31 93
31 61
31 74
31 8
31 18
53 57
53 19
53 70
53 22
53 65
53 81
34 57
34 8
34 17
34 30
34 65
34 78
34 90
34 5
31 53
34 26
34 41
34 56
34 89
31 41
31 63
31 89
31 7
31 22
31 34
31 50
31 82
31 4
31 35
31 40
24 94
45 67
0 73
67 94
68 94
93 94
74 53
15 53
73 53
4 53
