1
1
100
87 99
52 99
0 80
0 53
87 80
52 80
76 80
52 7
80 99
6 99
44 99
45 99
95 99
64 99
87 92
92 99
36 99
78 99
0 99
34 99
58 99
67 99
96 99
69 99
52 82
82 99
52 24
24 99
41 99
37 99
23 99
90 99
52 66
66 99
98 99
26 99
16 99
85 99
52 59
59 99
68 99
21 99
52 28
28 99
0 52
84 99
87 4
87 52
48 4
47 52
52 4
80 4
40 4
38 4
9 4
97 4
16 4
51 4
87 19
98 19
36 19
9 19
19 4
70 4
68 4
66 4
98 4
74 4
27 4
87 60
78 60
34 60
74 60
54 60
26 60
47 60
87 58
52 60
60 4
18 4
20 4
56 4
59 4
87 34
32 34
37 34
54 34
51 34
52 34
34 4
15 4
87 10
43 52
10 99
62 99
33 99
72 4
24 4
54 4
9 92
