1
1
100
33 95
18 95
0 55
70 95
55 95
34 95
62 95
71 95
11 95
66 95
83 95
89 95
28 95
31 95
18 5
5 95
40 95
56 95
6 95
10 95
7 95
17 95
23 95
44 95
59 95
13 95
18 61
33 61
26 61
33 55
61 95
60 95
18 72
33 72
9 72
37 72
72 95
0 33
35 95
41 95
51 95
90 95
26 95
63 95
18 32
20 32
86 32
18 33
55 32
91 32
33 32
90 32
24 32
18 53
53 32
68 32
31 32
61 32
16 32
92 5
5 32
41 32
25 32
64 32
51 32
54 32
40 32
52 32
69 32
18 79
89 79
55 79
70 79
79 32
30 32
42 32
0 32
18 36
28 36
31 36
36 32
62 32
56 32
37 32
75 32
18 91
47 91
55 91
15 91
9 91
41 91
91 95
19 32
23 32
9 32
78 95
18 84
55 84
59 84
35 84
