1
1
100
88 66
0 88
0 14
0 12
11 51
0 11
66 99
81 99
77 99
20 99
3 23
23 99
0 82
0 83
0 69
0 72
21 16
21 67
21 23
21 32
21 79
21 8
33 54
33 61
90 65
17 48
5 46
90 19
33 11
33 90
28 33
47 79
57 97
57 65
47 65
11 20
11 10
11 24
0 28
0 21
74 19
39 73
74 39
17 90
17 8
74 17
55 44
55 78
55 67
74 55
74 65
4 25
4 16
4 27
4 58
36 69
4 36
4 61
47 28
47 57
76 80
76 93
76 2
76 29
34 96
76 34
98 71
98 33
76 98
33 18
33 30
76 37
76 33
42 52
70 81
39 87
39 18
39 9
42 39
42 70
40 73
76 42
74 95
62 44
93 85
93 12
62 93
62 87
45 80
45 83
45 12
45 36
62 45
74 4
78 84
78 69
78 81
78 17
78 32
90 96
