1
1
100
70 90
87 90
28 90
0 70
0 69
0 11
0 63
0 79
0 44
0 29
69 90
0 64
54 90
0 39
83 72
83 76
78 58
83 78
0 83
81 90
65 90
30 90
70 34
42 34
24 34
51 34
6 34
55 40
41 40
62 40
40 34
16 90
86 33
48 33
24 33
21 33
71 33
54 33
70 56
24 56
22 33
39 68
67 68
56 33
27 33
88 33
33 34
61 90
70 23
53 23
28 23
89 23
88 10
10 23
36 37
27 37
37 23
84 23
34 90
0 75
70 58
76 58
70 59
36 7
59 7
21 7
45 7
7 58
19 58
28 83
54 83
41 83
14 83
89 83
42 33
57 33
68 33
14 33
75 83
33 83
47 84
18 84
57 84
88 78
74 78
41 17
77 17
87 17
72 32
16 32
35 32
32 17
79 17
17 78
55 84
37 84
80 84
45 56
78 84
79 84
