1
1
100
0 24
36 99
18 99
63 99
0 33
0 46
74 99
58 99
36 24
24 99
63 33
74 33
33 99
0 36
18 46
0 63
74 46
46 99
78 99
74 38
38 99
41 99
35 99
0 99
70 99
88 99
74 11
58 11
11 99
10 99
96 99
93 99
30 99
49 99
25 99
82 99
58 89
89 99
74 42
42 99
3 99
81 99
44 99
55 99
16 99
58 45
45 99
74 28
28 99
18 73
73 99
61 99
18 85
74 85
85 99
43 99
19 99
72 99
79 99
74 14
58 14
14 99
74 65
65 99
66 99
74 26
26 99
18 17
17 99
77 99
53 99
74 56
56 99
18 50
50 99
58 80
18 80
80 99
58 86
86 99
12 99
58 37
18 37
37 99
51 99
64 99
74 71
71 99
59 99
8 99
58 98
18 98
98 99
69 99
18 27
74 27
27 99
83 99
40 99
91 99
