1
1
100
0 67
0 43
0 88
48 7
48 46
48 71
72 88
72 27
72 44
72 11
72 6
72 80
31 47
31 33
42 88
42 71
42 17
42 37
57 18
57 80
57 4
57 65
57 36
57 14
57 49
85 82
85 45
85 32
85 46
21 38
21 39
27 64
27 39
27 88
27 35
27 11
27 40
34 10
34 19
34 46
34 30
74 71
74 5
28 78
28 37
28 22
61 51
61 12
61 88
61 59
64 59
64 12
37 16
37 66
37 69
44 71
44 65
58 89
10 18
10 13
30 9
30 12
30 45
30 71
30 53
60 68
60 55
52 16
52 18
52 53
52 6
59 56
46 25
46 23
46 17
46 7
46 26
55 33
55 13
55 69
8 2
8 14
8 80
56 7
26 62
26 78
26 36
26 15
13 2
13 29
13 32
13 12
79 20
79 7
79 38
79 33
78 19
78 39
41 81
41 7
