1
1
100
0 57
0 6
0 33
0 39
0 48
0 16
0 27
0 60
0 61
0 69
0 95
0 56
0 5
0 23
0 29
0 52
0 70
0 98
0 42
0 75
0 11
0 18
0 22
0 28
0 43
0 78
0 86
0 89
0 92
0 93
0 8
0 7
0 20
0 25
0 55
0 58
0 96
0 10
0 15
0 19
0 46
0 82
0 13
0 62
0 32
0 34
0 66
0 72
0 74
0 87
0 94
0 12
0 17
0 30
0 38
0 41
0 64
0 90
0 97
0 35
0 36
0 31
0 65
0 77
0 73
0 91
0 3
0 4
0 9
0 37
0 40
47 62
47 57
47 6
47 29
47 38
47 41
47 52
47 36
47 4
47 27
47 53
47 55
47 79
47 83
47 95
47 14
47 82
47 46
47 69
47 74
47 76
47 96
47 8
47 13
47 75
47 9
47 19
47 2
47 80
