1
1
100
66 99
97 99
0 14
98 99
3 99
0 45
0 72
23 99
0 51
0 54
64 99
41 99
35 99
39 99
76 99
75 99
14 99
0 98
3 45
23 45
66 45
97 45
72 99
23 51
66 51
97 51
3 51
54 99
0 94
0 62
0 74
66 20
97 20
20 99
0 40
23 4
4 51
97 4
2 45
5 45
5 51
0 97
3 4
6 51
8 45
3 6
8 51
66 9
3 7
9 51
10 45
3 9
23 10
66 12
10 51
11 45
13 45
3 11
12 51
15 51
13 51
16 45
0 66
3 17
23 17
3 18
23 18
3 19
23 19
21 45
20 45
22 45
21 51
3 24
23 22
3 25
2 51
3 26
24 45
3 27
23 25
28 45
23 26
3 29
28 51
30 45
29 45
31 45
23 30
32 45
23 31
3 33
32 51
3 34
23 33
36 45
23 34
3 37
23 35
41 45
