1
1
100
0 54
86 54
56 54
67 15
14 16
16 54
0 59
23 47
31 23
31 5
0 42
0 67
0 81
0 16
58 37
25 33
31 25
25 64
0 25
87 15
0 56
0 86
54 98
0 37
0 71
0 72
0 97
0 98
30 82
33 87
56 31
23 70
52 42
38 30
23 52
0 66
22 98
2 36
9 36
87 58
52 20
8 73
51 73
9 73
2 26
41 73
73 58
58 36
54 15
76 15
79 15
48 94
94 15
97 15
84 19
52 19
46 15
36 98
54 3
59 10
5 10
9 10
71 57
57 10
67 14
51 14
97 14
14 10
76 25
97 3
10 3
54 85
62 85
42 85
60 85
96 25
93 25
22 87
13 52
51 52
13 35
35 87
82 25
92 31
78 74
92 14
14 74
10 25
68 23
38 23
42 23
48 23
6 23
60 53
5 94
53 33
53 83
5 2
27 2
76 10
