1
1
100
0 60
92 99
0 71
92 60
71 99
92 2
92 3
92 4
92 5
6 60
92 7
8 60
92 9
10 60
92 11
12 60
13 60
14 60
92 15
92 16
17 60
18 60
92 19
92 20
21 60
92 22
92 23
24 60
25 60
60 99
36 99
13 99
38 99
59 99
82 99
9 99
92 85
28 85
85 99
33 99
92 54
71 54
91 54
94 54
27 60
54 99
32 23
23 99
86 99
34 19
89 19
19 99
48 99
75 22
91 22
71 22
33 22
22 99
0 99
92 69
69 99
87 99
68 7
7 99
92 40
40 99
68 99
84 99
3 99
78 99
24 99
96 20
20 99
64 99
32 99
10 99
25 99
26 99
79 99
92 80
0 80
14 80
80 99
92 43
71 43
60 43
44 43
21 43
51 43
29 43
87 43
80 43
83 43
78 43
69 43
92 35
35 43
75 43
27 43
85 43
