1
1
100
0 44
0 31
0 64
0 71
0 6
0 61
0 17
0 87
0 92
0 98
0 13
0 89
0 12
0 51
0 88
0 3
0 29
0 28
0 80
0 54
0 94
0 58
0 11
0 68
0 55
0 41
0 79
0 30
0 40
0 43
0 95
0 69
0 67
0 50
0 59
0 45
0 8
0 4
0 32
0 90
0 33
0 83
0 91
0 65
93 44
93 55
93 40
93 90
93 52
93 22
93 11
93 17
93 10
93 96
93 47
93 37
93 28
93 3
93 19
93 80
93 45
93 9
93 63
93 39
93 76
93 98
93 23
93 83
93 30
93 7
93 91
93 8
93 74
93 6
93 81
93 88
93 62
93 24
93 82
93 58
93 12
93 48
93 78
93 92
93 31
93 33
93 5
93 29
93 16
93 86
93 87
93 61
93 51
93 21
93 64
66 44
66 38
66 11
66 53
66 72
