5
98
97
96
95
94
100
0 1
0 5
0 18
0 19
0 20
0 29
0 31
0 34
0 36
0 49
0 50
0 51
0 53
0 54
0 55
0 57
0 58
0 60
0 62
0 66
0 70
0 71
0 72
0 74
0 75
0 76
0 81
0 85
0 87
0 88
0 90
0 92
99 6
99 20
99 22
99 23
99 24
99 28
99 30
99 38
99 47
99 48
99 51
99 55
99 56
99 57
99 58
99 60
99 61
99 63
99 66
99 69
99 70
99 71
99 74
99 75
99 82
99 90
1 2
1 4
1 5
1 6
1 7
1 8
1 11
1 13
1 14
1 17
1 18
1 22
1 29
1 31
1 38
1 44
1 50
1 51
1 54
1 56
1 60
1 61
1 62
1 64
1 68
1 70
1 72
1 75
1 77
1 82
1 86
1 87
2 3
2 6
2 10
2 12
2 14
2 15
2 17
2 20
2 23
2 25
