1
1
100
0 20
0 13
0 35
0 15
0 17
0 51
0 64
0 72
0 37
0 44
0 9
0 26
0 60
0 69
0 27
0 14
0 43
0 73
0 10
0 36
0 53
0 66
38 61
38 51
38 11
38 63
38 33
38 2
38 55
38 19
38 35
38 56
38 53
38 27
38 74
38 37
38 70
38 40
38 26
38 59
38 24
38 22
38 50
38 43
38 23
38 39
60 25
60 58
60 8
60 21
60 33
60 73
60 52
60 51
60 42
60 46
60 26
60 5
60 76
60 29
60 37
60 70
60 64
60 41
17 20
17 40
17 69
17 2
17 72
17 56
17 32
17 75
17 37
17 12
17 77
17 70
17 24
17 9
17 66
17 34
17 30
17 55
17 44
17 42
17 13
17 35
17 53
17 76
17 45
11 62
11 77
11 24
11 70
11 78
11 22
11 29
11 13
11 2
11 35
11 58
