1
1
100
34 80
0 34
0 78
8 80
0 43
0 7
0 17
0 45
34 20
35 20
30 73
73 20
59 20
31 18
24 80
0 30
44 80
19 20
17 20
18 20
0 49
0 54
0 21
0 33
68 80
0 63
7 80
20 80
23 80
30 80
0 44
59 80
58 80
69 80
0 76
0 69
0 15
34 5
14 5
42 5
46 5
31 5
36 5
46 18
19 18
19 57
57 18
75 18
15 18
40 18
69 18
3 18
18 5
24 5
3 5
34 51
60 51
44 51
52 51
73 51
39 51
34 32
68 32
44 32
15 32
49 51
21 51
50 32
7 32
35 51
19 59
59 51
32 51
41 51
30 51
11 51
24 51
66 51
8 18
34 54
46 54
41 54
34 71
14 71
73 54
22 71
21 71
27 54
71 54
76 54
34 43
57 43
41 43
48 43
38 43
12 43
17 43
43 54
69 54
36 54
