1
1
100
27 99
14 99
0 36
27 36
14 36
0 80
27 2
0 14
27 3
0 27
0 81
0 83
0 88
0 45
0 46
0 20
0 13
0 86
0 75
0 10
0 60
0 24
0 47
0 77
0 64
0 92
0 33
0 23
0 42
67 36
67 95
0 67
0 95
0 12
0 89
0 99
0 87
70 36
0 70
37 36
37 27
0 37
0 62
0 68
0 9
0 51
32 36
32 5
32 8
32 94
8 36
14 4
27 9
5 36
27 10
0 32
93 36
93 27
93 14
93 16
93 64
93 79
93 62
93 25
93 17
93 86
93 78
43 36
93 43
93 37
93 66
93 81
93 7
93 52
93 53
93 82
93 3
29 36
29 4
29 72
93 29
56 36
27 15
93 56
93 11
34 36
34 49
16 36
34 14
27 17
27 18
93 34
93 12
35 36
93 35
93 60
93 77
93 69
93 23
93 32
