1
1
100
18 99
8 99
46 99
88 99
0 18
0 50
66 99
95 99
0 32
0 84
60 99
0 71
64 99
86 99
0 13
0 48
0 4
0 74
10 99
23 99
0 85
56 99
68 99
50 99
37 99
13 99
0 99
0 58
0 52
18 85
5 85
75 85
23 85
63 85
2 85
92 85
96 85
7 85
37 85
29 85
28 85
18 86
78 86
50 86
42 86
49 86
74 86
40 86
5 86
25 86
91 86
90 86
18 19
53 19
75 19
25 19
20 19
88 19
71 19
52 19
23 19
80 19
93 19
48 19
19 86
76 86
37 86
0 60
0 94
40 18
40 26
40 38
40 77
40 95
40 41
40 5
40 74
48 53
40 48
40 80
40 54
22 18
22 51
22 54
22 88
22 9
22 80
22 90
22 70
22 79
40 36
40 66
40 22
40 4
40 29
40 55
40 78
40 82
40 63
40 7
