1
1
100
0 52
30 94
24 94
77 94
44 94
24 52
52 94
13 94
61 94
85 94
0 94
39 94
89 94
5 94
12 94
62 94
87 94
47 94
84 94
77 25
25 94
65 94
91 94
51 94
81 94
23 94
34 94
3 94
46 94
83 94
8 94
31 94
30 26
26 94
41 94
64 94
82 94
77 88
88 94
24 14
14 94
16 94
24 48
77 48
48 94
24 56
56 94
57 94
53 94
77 79
79 94
63 94
73 94
30 49
24 49
49 94
27 94
42 94
77 50
30 50
24 50
47 50
30 52
52 50
31 50
55 50
38 50
68 50
30 69
77 69
69 50
91 50
53 50
48 50
14 50
61 50
90 50
17 50
51 50
30 44
44 50
9 50
26 50
10 50
24 80
77 80
80 50
81 50
16 50
66 50
7 50
32 50
79 50
34 50
76 50
30 62
24 62
77 62
62 50
11 94
