1
1
100
0 25
0 51
0 31
0 30
0 2
0 76
0 12
0 4
0 53
0 92
0 90
0 84
0 78
0 80
0 49
0 52
0 45
0 41
0 13
0 59
0 82
0 21
0 18
0 11
0 15
0 23
0 57
0 69
0 79
0 3
0 8
0 67
0 37
0 17
0 10
0 38
0 28
0 48
0 6
7 15
7 31
7 2
7 37
7 21
7 44
7 58
7 27
7 6
7 61
7 71
7 66
7 18
7 5
7 14
7 90
7 60
7 46
7 55
7 17
7 45
7 38
7 47
7 69
7 24
7 22
7 62
7 73
7 51
7 88
7 87
7 30
7 84
7 56
7 9
7 75
7 50
7 85
7 79
7 80
63 67
63 71
63 28
63 50
63 21
63 6
63 45
63 18
63 19
63 39
63 35
63 88
63 84
63 17
63 41
63 83
63 68
63 70
63 47
63 61
63 78
