1
1
100
0 99
76 99
96 86
0 29
37 68
0 39
71 51
71 79
71 60
71 21
43 21
71 49
23 73
23 16
23 26
91 97
91 22
36 20
36 25
36 90
5 97
86 99
68 55
56 22
92 57
86 68
36 93
80 99
23 75
96 22
96 97
95 25
95 50
96 41
39 9
44 17
75 25
41 9
15 25
73 6
22 25
80 79
22 64
36 14
18 25
56 92
6 48
18 87
3 19
6 38
81 38
19 92
52 73
81 73
18 2
21 73
95 73
52 3
74 52
25 99
86 7
61 65
12 7
65 7
64 99
23 36
18 12
56 12
86 29
33 21
14 45
58 85
51 63
39 20
34 82
74 33
18 33
11 33
70 41
18 51
91 36
61 70
68 63
97 41
26 85
5 85
26 19
40 6
17 33
56 11
79 60
25 9
44 90
79 34
80 67
32 13
18 61
96 83
88 81
55 22
