1
1
100
0 89
0 11
0 27
0 55
0 74
0 40
0 26
0 5
0 93
0 18
0 78
0 82
0 7
0 76
0 39
0 75
0 72
0 2
0 47
0 61
0 10
0 19
0 91
0 50
0 90
0 58
0 13
0 25
0 70
0 73
0 94
0 45
0 28
0 42
0 77
0 3
0 44
0 79
0 95
0 17
0 30
0 54
0 12
0 16
0 35
0 21
0 22
0 32
0 38
0 81
0 8
0 46
0 59
0 20
0 23
0 52
0 60
0 9
0 15
0 41
0 56
0 57
0 29
0 51
0 88
0 68
0 49
0 62
0 92
0 6
0 65
0 36
0 24
0 33
0 84
0 85
0 63
0 86
0 80
0 83
0 87
0 96
0 34
0 14
0 31
0 53
0 66
0 43
0 64
0 67
0 37
0 48
0 69
0 4
71 89
71 11
71 24
71 35
71 74
71 27
