5
77
22
25
30
98
100
0 68
0 6
0 80
0 81
0 19
0 20
0 10
0 90
0 8
0 71
0 69
0 3
0 70
0 28
0 78
0 7
0 94
0 2
0 23
0 85
0 84
0 86
0 14
0 97
0 9
0 11
0 74
0 73
0 91
0 87
0 4
0 29
0 67
0 34
0 15
0 83
0 75
0 79
0 72
0 33
0 27
0 21
0 96
0 18
0 88
0 92
0 82
0 5
0 31
0 16
0 17
0 93
0 26
0 76
0 32
0 13
0 24
0 12
0 95
0 66
89 60
89 73
89 92
89 8
89 14
89 2
89 59
89 96
89 55
89 79
89 75
89 80
89 12
89 56
89 58
89 57
89 7
89 94
89 10
89 70
89 69
89 83
89 68
89 3
89 78
89 23
89 18
89 66
89 21
89 4
89 81
89 85
89 72
89 91
89 15
89 99
89 16
89 76
89 5
89 82
