1
1
100
0 98
2 99
0 21
2 98
0 2
0 60
0 22
0 84
0 10
0 13
0 76
0 26
0 79
0 74
0 48
71 98
0 71
0 78
0 44
0 43
91 98
0 91
34 98
0 34
96 98
0 96
25 98
0 25
0 72
52 98
0 52
53 98
53 21
0 53
0 55
0 18
0 87
0 30
0 7
0 99
0 33
61 98
0 61
0 14
0 11
0 17
0 70
35 98
0 35
0 46
19 98
19 21
19 2
19 50
19 7
19 41
19 15
19 18
19 27
19 78
19 38
19 71
19 16
19 93
19 58
19 89
19 49
19 13
26 21
19 26
19 35
19 47
19 63
19 85
55 21
19 55
17 21
19 17
19 88
19 87
19 67
19 61
12 98
12 21
19 12
19 73
19 92
46 21
19 46
62 98
19 62
64 98
64 21
19 64
19 20
19 39
19 11
42 98
19 42
19 72
