5
27
72
6
47
32
100
0 5
0 9
0 97
0 24
0 67
0 84
0 20
0 44
0 29
0 25
0 36
0 75
0 43
0 74
0 71
0 78
0 77
0 12
0 59
0 95
0 73
0 26
0 53
0 70
0 48
0 91
0 86
0 88
0 89
0 35
0 17
0 40
0 18
0 34
0 81
0 7
0 93
0 65
8 29
8 57
8 89
8 18
8 30
8 24
8 98
8 13
8 75
8 16
8 52
8 12
8 3
8 38
8 11
8 95
8 93
8 90
8 63
8 14
8 82
8 5
8 86
8 62
8 74
8 80
8 26
8 23
8 21
8 7
8 87
8 81
8 83
8 99
8 92
8 40
8 60
8 49
8 15
8 58
8 2
8 96
8 22
8 9
8 97
8 28
8 44
53 79
53 44
53 77
53 48
53 92
53 9
53 65
53 87
53 38
53 66
53 59
53 94
53 35
53 78
53 28
