5
1
4
7
10
12
86
13 14
15 17
15 16
16 18
17 18
19 21
19 18
20 21
22 24
22 21
23 25
24 26
25 26
27 26
27 29
28 30
29 31
30 31
32 34
32 31
33 34
35 36
35 34
37 38
37 39
38 40
39 40
41 43
41 42
42 44
43 44
45 47
45 44
46 48
47 49
48 49
50 52
50 51
51 53
52 53
54 56
54 55
55 57
56 58
57 58
59 61
59 60
60 61
62 64
62 63
63 64
65 67
65 64
66 68
67 69
68 69
70 72
70 71
71 73
72 73
74 73
74 75
76 75
76 77
78 77
78 80
79 77
79 81
80 81
82 83
82 84
83 85
84 85
86 88
86 87
87 89
88 90
89 91
90 91
92 91
92 94
93 95
94 95
96 95
96 98
97 99
