1
1
95
0 51
0 45
0 37
65 69
65 11
33 8
33 67
64 36
64 60
76 31
76 91
96 15
96 49
30 48
30 97
91 17
13 2
13 94
90 43
90 42
53 42
53 14
28 2
28 37
83 73
83 23
32 62
32 77
36 16
19 14
19 3
58 46
80 75
80 10
71 10
71 12
46 40
88 48
88 24
73 66
61 86
61 59
49 72
31 98
7 78
7 29
63 68
63 60
44 98
44 41
29 82
5 43
5 12
89 17
89 14
6 93
6 59
18 15
18 47
4 57
4 47
16 84
92 50
92 52
41 87
8 27
82 85
93 20
67 77
70 55
70 87
26 86
26 60
78 45
75 9
24 22
3 85
21 51
21 81
57 69
25 20
68 56
11 55
23 81
9 10
52 98
94 27
74 56
74 72
34 38
34 81
39 22
54 50
95 72
95 35
