1
1
100
0 76
65 94
0 2
0 14
0 61
26 94
58 94
65 76
0 65
0 19
0 44
0 68
0 82
0 62
8 76
0 8
0 93
0 66
0 48
0 40
0 79
0 85
0 59
0 15
0 90
5 76
5 2
5 88
5 92
0 5
0 64
0 81
0 49
0 29
67 76
0 67
0 87
0 51
0 69
0 6
0 55
0 20
0 57
0 18
0 53
0 70
0 83
0 26
72 76
72 2
72 28
72 68
72 82
72 89
0 72
78 76
0 78
0 56
10 76
0 10
63 76
0 63
92 2
0 92
34 76
34 2
34 22
34 65
34 31
34 5
34 41
34 64
81 2
34 81
34 72
34 32
34 48
34 73
34 57
34 83
34 10
34 45
34 62
34 35
34 33
39 76
34 39
34 89
60 76
34 60
34 20
34 78
34 11
34 28
34 17
34 6
34 82
34 88
34 56
34 71
