1
1
100
54 31
85 9
80 43
89 30
98 52
74 24
0 99
45 88
6 8
25 48
11 28
83 57
0 78
50 58
54 67
81 57
0 40
38 11
36 42
57 47
64 28
4 77
68 36
11 58
97 87
27 19
12 46
73 40
84 55
31 64
83 7
32 43
0 18
35 14
17 99
89 25
47 54
91 99
51 37
18 77
11 9
83 43
26 88
65 60
0 93
55 9
0 90
89 68
37 24
0 19
2 74
95 11
66 6
0 32
88 29
51 67
52 40
42 99
0 82
85 60
53 49
55 3
81 37
67 70
77 83
92 4
0 63
90 33
0 61
62 78
46 79
7 99
66 45
15 92
3 99
41 2
0 27
0 85
70 99
9 99
0 34
0 26
0 62
87 99
0 53
29 99
48 99
0 80
0 71
10 99
58 99
0 21
30 99
76 99
0 75
8 99
0 96
0 56
0 22
44 99
