0
100
0 89
0 80
0 25
0 28
0 66
0 73
0 82
0 35
0 86
0 40
0 85
0 78
27 15
27 83
27 60
27 71
27 17
27 28
27 69
27 53
27 19
27 52
27 68
27 84
27 20
27 16
64 26
64 66
64 67
64 72
64 21
64 9
64 13
84 62
84 86
84 43
84 13
84 36
84 39
84 30
84 58
14 10
14 53
14 75
14 52
14 5
14 37
2 56
2 52
2 54
2 1
2 55
2 76
50 60
50 52
50 44
50 88
50 11
50 58
50 53
36 6
36 1
36 9
36 18
36 76
36 87
36 48
36 22
36 71
36 85
36 74
24 3
24 69
24 15
24 86
24 54
24 72
24 6
24 41
24 87
24 79
24 13
24 52
26 42
26 63
26 62
26 53
26 10
26 51
40 81
40 78
40 71
40 32
40 30
19 60
19 43
19 49
19 82
19 51
19 59
