1
1
100
0 47
0 36
0 62
0 11
0 49
0 81
0 15
0 56
0 60
0 63
0 4
0 68
0 57
0 91
0 58
0 75
0 48
0 45
0 93
0 6
0 40
0 30
0 31
80 2
80 34
80 81
80 65
80 11
80 28
80 35
80 8
80 19
80 45
80 26
80 25
80 48
80 52
80 70
80 76
80 69
80 84
80 39
80 71
80 3
80 66
40 62
40 76
40 6
40 75
40 86
40 70
40 24
40 42
40 78
40 38
40 89
40 64
40 21
40 9
40 60
40 33
40 95
40 41
40 94
40 5
71 29
71 65
71 25
71 43
71 69
71 14
71 87
71 34
71 16
71 11
71 91
71 28
71 51
71 88
71 38
71 73
71 42
71 30
71 45
71 54
27 30
27 59
27 10
27 8
27 75
27 26
27 53
27 82
27 48
27 63
27 46
27 61
27 28
27 42
27 86
