1
1
100
0 58
0 28
0 45
0 52
0 41
0 71
0 35
0 73
0 38
0 6
0 34
0 10
0 7
0 18
0 31
0 57
0 37
0 60
0 3
0 69
0 47
0 48
0 11
65 14
65 72
65 24
65 28
65 73
65 5
65 27
65 21
65 40
65 36
65 2
65 6
65 31
65 55
65 50
65 3
65 93
65 20
65 85
65 26
65 4
65 34
65 39
65 22
65 12
65 43
81 33
81 8
81 56
81 5
81 23
81 63
81 72
81 26
81 9
81 54
81 17
81 42
81 87
81 18
81 44
81 45
81 32
81 55
81 47
81 70
81 85
81 80
81 10
81 74
77 46
77 27
77 53
77 11
77 84
77 31
77 88
77 13
77 57
77 25
77 44
77 49
77 68
77 63
77 75
77 40
77 43
77 36
90 82
90 59
90 2
90 76
90 50
90 74
90 21
90 86
90 63
