1
1
100
0 37
37 17
31 55
0 31
0 25
0 16
17 97
19 97
84 3
17 49
3 97
53 11
0 14
11 97
0 11
45 37
45 33
21 66
45 21
45 20
45 25
92 37
42 92
80 56
80 8
42 80
42 83
42 48
42 79
76 20
76 12
76 40
26 80
76 26
42 76
72 56
72 8
9 77
9 40
91 9
72 91
72 6
69 86
69 41
62 30
60 49
60 17
62 60
69 62
9 95
27 7
80 31
80 74
54 37
17 84
80 40
69 19
0 42
69 9
0 45
38 66
0 38
81 97
43 68
8 68
4 68
20 68
14 68
95 96
15 96
17 35
66 35
96 68
44 68
19 68
11 68
21 68
69 27
68 97
55 97
17 64
82 64
86 64
24 64
37 30
49 30
95 30
8 30
4 94
50 92
20 25
47 16
78 94
94 30
53 30
31 26
14 26
43 26
65 51
15 51
