1
1
100
0 57
0 17
0 70
0 80
0 19
0 34
20 57
20 22
20 69
20 62
20 89
32 91
20 32
20 66
20 24
20 46
20 50
57 91
36 91
41 91
33 91
40 91
18 91
0 37
0 63
0 73
0 20
64 91
0 88
40 57
40 72
40 13
40 32
40 11
40 53
40 6
40 21
40 19
40 63
43 57
43 10
43 2
43 5
43 56
43 60
43 59
43 87
43 90
40 46
43 4
0 49
40 25
40 47
31 57
31 24
31 29
31 78
31 32
31 81
31 18
31 68
31 16
31 38
31 46
31 10
40 43
0 40
16 91
39 91
50 91
11 91
0 89
30 91
83 91
28 91
70 91
88 91
0 4
0 46
0 65
72 57
72 42
72 2
72 27
72 71
72 5
72 56
72 8
72 45
72 46
72 73
72 17
72 67
72 63
90 91
0 56
0 72
21 91
19 91
0 9
