1
1
100
0 85
47 96
7 96
47 85
2 85
3 85
85 96
89 96
54 96
57 96
66 96
27 96
29 96
49 96
14 96
34 96
33 96
77 96
45 96
50 96
47 41
43 41
41 96
63 96
8 96
20 96
70 96
60 96
47 19
78 19
47 6
47 9
19 96
47 69
44 69
53 69
71 69
82 69
47 11
69 96
28 96
47 32
80 32
50 32
32 96
47 53
47 15
85 53
8 53
71 53
74 53
47 17
65 17
79 17
17 53
25 53
73 53
21 9
84 9
9 53
48 53
50 53
26 53
94 53
39 53
34 53
79 53
45 53
22 53
23 53
57 53
0 53
89 53
30 53
3 53
49 53
46 53
47 29
47 24
31 85
47 35
47 36
85 29
91 29
64 29
54 29
42 29
38 29
2 29
80 35
37 35
54 35
35 29
72 29
47 90
54 90
47 51
90 29
61 29
7 29
