1
1
100
27 59
29 59
31 59
19 22
38 22
27 6
29 22
42 30
14 10
30 47
34 10
47 59
12 59
30 13
20 13
5 13
23 13
23 45
3 19
13 59
51 6
25 5
32 40
44 40
58 40
19 26
6 26
4 26
45 13
3 8
19 17
17 20
20 8
24 23
27 12
19 12
37 44
51 36
14 36
52 12
53 12
31 12
49 36
37 49
32 12
44 12
20 43
55 12
24 12
31 15
11 15
6 38
13 26
25 48
3 34
11 34
29 16
44 36
16 35
3 32
32 34
50 20
11 44
49 24
4 24
43 34
11 33
48 40
52 10
0 3
27 3
42 14
32 51
25 11
32 17
57 14
19 37
21 56
19 41
21 41
52 41
6 25
22 52
50 25
29 21
0 27
7 28
26 40
14 21
32 30
28 43
44 43
6 37
29 37
28 37
12 15
34 20
35 20
7 15
56 9
