1
1
100
0 16
52 99
0 96
36 99
52 16
0 36
52 96
85 99
2 16
16 99
4 96
52 5
52 6
52 7
8 96
52 9
52 10
52 11
52 12
13 96
14 96
15 96
52 17
18 96
19 96
52 20
21 96
52 22
52 23
24 96
25 96
26 96
52 27
28 96
52 29
52 30
52 31
52 32
33 96
34 96
52 35
52 37
52 38
39 96
52 40
41 96
52 42
52 43
52 44
52 45
46 96
52 47
48 96
52 49
52 50
52 51
52 53
0 52
0 71
0 23
21 63
0 21
0 82
0 17
0 27
0 65
0 94
91 96
91 16
36 96
91 44
91 66
0 91
0 14
0 39
0 57
92 96
92 90
0 92
0 47
0 81
0 80
0 58
0 29
0 9
0 87
33 76
33 50
0 33
0 72
0 45
0 10
0 3
67 96
67 3
0 67
90 96
0 90
0 49
0 35
