1
1
100
2 95
56 95
0 32
0 42
2 32
32 95
84 95
9 95
20 95
22 95
92 95
56 30
30 95
18 95
2 79
56 79
57 79
62 79
79 95
2 19
19 95
48 95
77 95
74 95
56 62
2 62
20 62
62 95
37 95
50 95
42 95
63 95
2 44
44 95
58 95
59 95
13 95
72 95
15 95
56 5
5 95
56 4
4 95
61 95
33 95
31 95
38 95
39 95
2 8
8 95
10 95
56 53
53 95
56 29
29 95
56 47
2 47
75 47
32 47
8 47
50 47
63 47
25 47
39 47
62 47
27 47
71 47
12 47
92 47
77 47
56 13
13 47
24 47
7 47
78 47
30 47
29 47
37 47
43 47
65 47
86 47
49 47
66 47
48 47
64 47
69 47
2 76
76 47
5 47
42 47
2 68
68 47
2 72
72 47
6 47
21 47
2 59
59 47
94 95
56 22
