1
1
100
0 99
16 99
0 33
16 57
61 39
25 57
44 8
8 99
8 4
25 95
82 41
63 10
41 99
10 82
96 82
96 86
61 16
39 83
25 14
24 66
72 83
75 17
17 99
49 86
25 79
98 83
68 57
68 82
0 61
8 61
76 10
76 28
85 96
28 10
75 72
8 76
57 99
8 13
28 52
64 95
4 7
56 41
11 72
36 7
20 60
44 63
85 80
20 45
64 18
33 66
14 66
44 66
18 77
80 63
42 9
66 54
54 25
54 61
35 12
12 82
33 83
54 2
88 97
97 63
83 2
24 39
35 38
79 39
13 25
38 13
13 82
7 41
68 54
9 54
8 32
35 54
32 54
28 66
4 51
28 77
38 37
5 37
45 80
37 80
9 43
2 90
90 61
87 7
87 10
28 87
24 35
76 14
56 5
18 5
37 14
98 64
84 14
0 75
50 14
53 83
