0
100
0 98
0 51
0 83
0 77
0 99
0 88
0 75
0 33
0 46
0 52
0 18
0 54
0 40
0 48
0 12
0 80
0 59
0 89
0 70
0 39
0 5
0 23
0 69
0 82
0 53
0 61
0 60
0 25
0 43
0 67
0 66
0 87
0 15
0 9
0 26
0 41
0 21
0 72
0 3
0 35
0 17
0 56
0 49
0 37
0 91
0 93
0 96
0 1
0 86
0 95
0 47
0 27
0 32
0 10
0 58
0 31
0 28
30 14
30 59
30 93
30 31
30 43
30 57
30 15
30 66
30 91
30 94
30 38
30 58
30 90
30 77
30 5
30 2
30 60
30 67
30 12
30 52
30 39
30 53
30 56
30 81
30 36
30 76
30 18
30 99
30 35
30 42
30 85
30 20
30 54
30 80
30 79
30 84
30 1
30 16
30 65
30 95
30 26
30 89
30 96
