0
100
0 45
0 6
0 26
0 14
0 17
0 10
0 23
0 28
0 15
0 29
0 69
0 24
0 46
0 7
0 13
0 9
0 31
0 12
0 41
0 18
0 72
0 70
0 67
0 20
0 25
0 98
0 62
0 22
0 21
0 66
0 65
0 83
63 20
63 43
63 40
63 48
57 1
57 53
57 86
57 26
57 6
57 43
24 23
24 87
24 8
24 4
24 33
24 6
24 13
24 58
86 1
86 22
86 29
19 68
19 8
19 30
19 9
19 7
19 18
19 77
19 75
19 26
19 36
19 2
19 35
19 6
19 79
19 41
42 34
42 79
42 43
42 95
42 13
42 1
42 8
40 5
40 1
40 87
40 35
40 20
40 79
40 60
40 56
40 6
40 76
95 76
95 5
95 35
12 31
12 5
12 82
12 92
12 67
12 25
12 29
12 6
12 14
12 23
12 13
12 80
