1
1
100
0 92
0 90
0 56
92 98
38 98
3 98
47 98
56 98
89 98
0 19
10 32
10 49
10 6
89 76
32 98
92 87
94 15
31 15
70 87
86 87
15 87
94 13
25 84
23 84
85 84
35 84
13 87
10 59
10 54
21 87
10 4
0 10
26 98
87 98
0 82
40 98
75 98
22 58
20 58
74 58
94 58
76 58
53 24
54 24
42 24
21 30
2 96
80 58
38 15
15 58
76 27
53 27
24 58
25 58
27 58
61 58
83 58
86 10
89 10
39 62
48 78
2 62
59 62
65 62
56 62
78 62
69 10
66 71
86 34
34 71
71 58
70 89
62 10
58 98
80 15
97 15
91 15
75 7
55 7
24 30
96 30
70 81
81 30
30 7
7 15
17 77
19 77
72 77
9 77
82 77
92 47
42 47
25 47
47 77
54 77
0 94
77 15
46 16
18 16
40 16
