0
100
0 37
0 48
0 44
0 5
0 69
0 31
0 86
0 7
0 66
0 13
0 62
0 54
0 26
0 96
0 34
12 73
12 66
63 72
63 82
63 21
63 85
63 50
63 71
63 59
63 33
63 60
63 90
63 5
63 31
63 97
63 4
63 84
63 8
63 32
23 99
23 40
23 44
23 93
23 94
23 8
23 33
80 52
80 2
80 90
80 8
80 48
80 87
80 93
80 73
35 67
35 1
35 68
35 50
35 71
35 57
35 37
35 18
35 81
3 73
3 90
3 36
3 57
3 84
3 56
3 91
3 26
3 95
3 81
30 87
30 64
30 29
30 14
30 7
30 46
30 13
30 77
30 15
2 81
2 4
2 41
2 78
2 73
2 8
2 58
2 61
2 99
2 88
2 36
2 28
71 10
71 52
71 65
71 67
71 81
71 25
71 27
71 11
71 70
71 7
71 68
