1
1
100
0 22
10 71
0 60
28 71
10 22
60 71
2 22
0 10
0 20
0 40
60 22
15 58
0 15
0 47
17 13
17 4
0 17
0 66
0 16
68 24
68 64
0 68
0 14
49 70
23 4
0 49
30 22
30 32
0 30
0 65
58 3
67 58
67 69
67 3
67 35
67 23
67 19
67 11
16 60
67 16
39 22
67 38
67 24
6 22
60 11
6 60
6 13
6 11
20 22
20 12
20 61
20 60
20 63
20 35
20 2
20 16
20 7
20 50
20 55
20 5
6 4
10 55
59 22
67 17
36 19
0 67
0 50
53 22
0 53
0 46
60 27
0 23
0 26
62 22
64 22
60 32
10 66
62 60
0 62
0 4
0 19
60 46
47 22
0 36
0 7
0 9
0 2
21 22
10 29
10 35
54 22
70 22
10 51
10 28
0 31
0 25
0 32
0 28
57 22
61 22
