1
1
100
0 27
54 95
54 27
0 54
0 88
0 46
0 42
0 48
0 59
0 91
0 60
0 62
0 41
0 71
0 74
0 87
0 65
0 92
0 31
0 84
0 7
0 23
79 27
79 31
79 87
54 3
0 79
0 33
0 8
0 9
21 27
21 85
54 5
21 54
21 30
21 91
88 27
88 9
21 88
21 15
21 12
72 27
21 72
21 3
21 31
21 51
21 56
21 82
21 49
21 23
21 43
21 94
21 52
21 57
21 93
21 29
21 39
21 47
21 73
0 52
0 78
21 28
21 89
85 27
85 59
85 7
85 47
54 9
54 10
11 27
0 85
0 21
0 30
0 86
0 80
36 27
36 10
36 82
36 54
36 26
36 87
36 35
36 69
36 68
36 73
36 80
36 30
36 47
36 75
36 67
36 4
36 6
36 48
36 52
36 25
36 76
36 79
36 7
36 14
36 46
