1
1
100
0 81
0 89
0 93
0 17
0 87
66 78
66 65
66 10
66 15
91 58
91 37
52 82
52 23
52 53
18 28
18 13
18 60
8 19
30 2
30 15
30 55
30 7
87 93
38 99
38 21
38 3
38 56
38 59
70 62
70 74
70 83
27 20
78 95
78 80
62 53
62 83
62 72
62 28
62 96
86 93
32 73
32 50
54 93
13 64
13 85
13 37
75 51
75 23
75 43
75 84
19 4
19 94
88 82
88 5
88 68
88 14
88 85
88 60
88 67
88 29
31 69
31 76
31 22
7 61
7 58
9 92
9 5
9 72
29 3
63 56
63 12
40 10
20 44
20 12
20 90
11 64
11 14
11 92
11 51
11 72
16 60
49 58
49 33
34 56
34 98
4 89
4 77
4 95
72 67
72 80
72 97
72 33
72 59
69 68
69 43
46 89
46 55
46 74
51 26
51 82
