1
1
100
12 46
0 12
61 14
62 22
0 97
33 99
57 25
33 57
89 9
85 68
56 92
50 15
50 56
18 86
35 59
75 45
59 99
66 51
83 8
58 69
83 97
95 11
51 35
48 62
60 62
81 87
40 60
11 46
48 55
29 55
12 68
15 64
26 44
55 26
85 75
36 21
17 47
76 32
36 76
36 17
33 82
64 99
66 75
58 2
64 37
5 37
79 84
5 3
87 40
79 90
87 54
84 55
89 36
81 51
66 59
82 23
43 71
82 85
50 18
23 43
25 42
85 18
38 79
83 2
30 17
24 83
56 61
9 67
63 31
9 8
77 11
68 67
57 92
37 91
86 45
16 94
95 49
37 49
35 45
84 47
39 45
52 49
15 16
64 19
46 99
58 38
46 67
68 22
75 29
39 52
27 52
65 22
31 94
51 48
2 95
90 3
20 21
7 41
66 93
94 41
