1
1
100
0 6
0 4
0 7
0 49
0 24
0 2
0 3
0 29
0 74
0 9
0 19
0 39
0 59
0 5
0 69
0 89
79 30
79 20
79 10
40 46
40 27
40 77
40 34
40 14
40 29
40 9
40 23
40 39
40 59
40 64
40 32
40 44
40 19
40 84
40 89
40 37
40 94
40 17
40 7
40 69
40 47
40 57
40 97
40 67
40 5
87 2
87 28
87 16
87 14
26 35
26 18
26 8
26 43
26 68
26 93
26 12
26 45
26 95
26 17
26 31
26 20
26 41
26 70
26 4
26 39
26 67
26 91
26 37
62 2
62 28
62 41
62 39
15 46
15 14
15 12
15 4
15 44
15 48
15 54
15 94
15 2
15 22
15 30
15 32
15 42
15 72
15 52
15 82
92 22
92 8
92 29
36 35
36 8
36 48
36 33
36 58
36 83
36 22
36 30
36 47
