0
97
0 75
0 2
0 3
1 10
1 2
1 48
1 20
1 11
1 12
1 33
1 94
1 4
1 21
1 6
1 15
1 36
1 66
1 74
23 14
10 7
10 17
10 30
3 24
3 2
3 25
3 56
3 50
5 4
5 2
5 61
41 2
7 91
7 60
7 19
7 13
7 67
7 2
7 32
7 4
7 33
7 34
7 18
7 80
7 35
7 69
7 8
7 22
7 16
7 68
7 28
7 51
7 52
2 86
2 29
2 62
2 59
2 4
2 9
2 97
2 13
2 78
2 40
2 14
2 11
2 8
2 58
2 18
2 21
19 46
19 17
19 73
19 20
19 44
19 61
21 43
21 31
21 85
14 26
14 38
14 30
14 9
35 96
17 46
17 24
17 54
17 72
17 13
17 38
26 82
4 55
54 80
54 93
54 82
53 39
42 16
40 18
18 37
