1
1
100
0 57
85 99
0 51
60 99
33 99
85 57
16 99
28 99
38 99
0 72
0 11
57 99
47 98
69 45
91 98
3 45
44 99
85 3
87 3
98 99
45 99
95 3
92 3
57 3
86 99
6 99
0 32
42 32
41 32
4 32
78 32
37 68
89 79
35 79
93 79
85 94
62 79
33 10
16 68
28 79
41 79
4 68
85 7
84 65
18 65
37 65
7 65
22 65
22 48
45 65
94 65
85 58
48 65
94 68
7 78
27 56
0 22
29 56
42 56
78 56
34 56
64 56
17 56
92 56
86 56
4 56
7 33
56 99
0 7
88 7
26 7
24 32
2 65
74 65
85 76
20 76
37 76
62 65
86 32
96 30
38 30
69 30
78 30
60 5
64 5
78 5
89 15
78 15
14 76
85 61
79 32
91 76
87 7
10 32
95 10
84 10
46 10
2 10
96 10
47 36
