1
1
100
0 25
10 96
0 94
83 96
92 96
10 25
30 96
25 96
45 96
81 96
61 96
62 96
77 96
40 96
59 96
76 96
53 96
72 96
67 96
69 96
54 96
78 96
3 96
31 96
89 96
10 34
6 34
34 96
10 47
8 47
84 47
5 25
7 25
10 9
47 96
21 96
43 96
10 71
46 71
51 71
69 71
25 71
32 71
66 71
74 71
8 71
81 71
73 71
40 71
70 71
10 12
12 71
59 71
86 71
3 71
5 71
92 71
26 71
79 71
95 71
49 71
19 71
10 33
15 33
22 33
10 14
33 71
0 71
10 50
2 50
30 50
50 71
39 71
87 71
13 71
43 71
76 71
6 71
54 71
64 96
10 18
37 18
40 18
18 96
86 96
87 96
23 25
10 24
27 25
10 28
50 96
71 96
17 96
32 96
10 95
95 96
10 75
43 75
10 36
75 96
