1
1
100
0 4
0 5
0 2
3 55
3 30
3 45
3 15
3 11
3 4
3 9
3 35
3 16
3 33
3 41
3 48
3 54
3 34
3 7
3 24
3 2
3 8
3 10
3 14
3 52
3 32
3 6
3 39
3 40
3 20
3 13
3 42
3 51
3 22
3 27
3 12
3 18
3 31
3 23
3 47
3 29
3 43
3 5
3 50
3 49
3 37
3 21
3 19
3 25
3 26
3 38
3 53
3 46
3 36
3 17
3 28
44 55
44 47
44 45
44 15
44 11
44 4
44 33
44 36
44 10
44 46
44 6
44 29
44 42
44 37
44 18
44 17
44 52
44 16
44 19
44 25
44 31
44 12
44 39
44 38
44 40
44 13
44 48
44 43
44 7
44 51
44 54
44 30
44 20
44 21
44 24
44 23
44 35
44 9
44 5
44 8
44 41
44 14
44 53
44 28
44 49
