1
1
100
0 49
0 40
0 28
0 89
0 94
0 74
0 86
0 39
4 49
4 23
4 77
4 35
4 67
4 32
4 61
4 86
4 44
4 81
37 83
37 50
37 94
37 16
21 31
21 76
21 22
21 20
21 18
21 78
21 55
21 39
21 40
21 41
21 14
21 5
21 44
21 23
21 28
43 3
43 11
43 75
43 15
43 57
43 16
43 62
43 39
43 34
43 40
43 90
59 3
59 49
59 61
59 95
59 11
59 80
59 23
40 31
40 49
40 46
40 16
53 45
53 28
53 3
53 66
53 7
53 25
53 76
53 93
53 47
53 77
53 70
53 97
32 5
32 3
32 33
32 66
32 75
32 54
32 26
32 8
32 67
32 50
32 28
32 48
41 61
41 55
41 96
41 62
41 6
41 16
41 68
63 3
63 24
63 97
63 64
63 19
5 45
5 82
5 64
5 47
5 57
