5
98
43
26
65
66
100
0 54
0 35
0 10
0 89
0 53
0 67
0 80
0 64
0 57
0 85
0 12
0 14
0 17
0 23
34 68
34 28
34 58
34 64
34 8
34 88
34 24
34 30
34 25
34 9
34 56
34 80
34 10
34 16
34 36
34 71
34 3
34 79
34 32
4 20
4 75
4 5
4 19
4 58
4 12
4 69
4 44
4 3
4 22
4 35
4 6
4 95
4 46
81 42
81 18
81 16
81 73
81 19
81 75
81 54
81 96
81 17
81 27
81 49
81 53
81 74
81 83
81 22
81 7
81 15
81 2
81 9
90 15
90 33
90 7
90 97
90 62
90 75
90 46
90 19
90 47
90 45
90 23
90 57
90 52
90 8
68 11
68 96
68 49
68 19
68 35
68 73
68 56
68 42
68 41
68 62
68 37
68 16
68 18
77 80
77 86
77 31
77 21
77 84
77 78
77 44
