1
1
100
0 99
72 10
62 74
30 17
33 99
58 25
12 15
54 20
72 43
20 99
55 17
78 93
84 81
8 54
81 46
78 52
75 25
77 46
33 15
54 25
27 66
66 80
72 62
78 8
9 11
16 45
72 30
31 40
27 30
78 43
31 43
78 26
25 93
34 30
12 48
78 31
53 54
26 27
90 19
46 99
57 74
82 45
60 81
36 82
27 19
0 23
72 44
41 44
28 30
28 51
27 12
0 85
36 7
19 43
29 58
86 66
7 52
18 86
98 57
47 52
7 50
17 99
79 48
16 56
40 30
97 61
54 33
75 11
74 50
74 47
26 90
18 37
16 10
87 97
97 76
46 93
28 93
36 69
87 69
10 76
50 30
50 47
50 44
76 77
28 41
47 99
80 81
94 33
81 99
79 35
20 52
6 49
74 49
86 49
35 49
74 82
11 82
19 36
29 16
19 9
