1
1
96
0 3
39 42
12 15
2 4
20 23
21 24
15 18
18 21
17 18
21 23
2 5
22 23
22 24
25 27
7 10
21 22
20 22
47 50
48 50
25 26
9 12
23 26
24 26
33 35
25 24
27 30
50 53
38 41
30 33
31 33
32 33
31 34
34 36
24 27
32 34
36 39
42 44
39 41
38 40
40 42
38 39
18 19
28 29
37 39
44 47
41 42
44 45
46 47
41 43
44 43
46 49
44 46
10 13
12 14
12 13
11 13
45 47
48 47
28 30
26 29
20 21
16 19
17 19
3 6
4 6
3 5
7 9
8 9
10 11
29 32
7 6
29 31
15 16
13 16
14 16
45 48
16 18
30 32
30 31
43 46
43 42
15 17
50 52
51 52
50 49
51 49
5 6
8 6
8 10
7 8
35 37
35 34
35 36
38 37
36 37
4 5
