1
1
100
0 91
12 87
12 84
80 84
51 29
77 74
77 9
78 45
33 59
22 9
6 45
6 62
53 29
73 42
80 85
2 42
2 59
73 18
22 76
76 60
53 2
82 2
25 2
25 47
13 91
47 29
74 91
22 44
49 42
70 38
70 46
12 78
0 33
68 29
0 12
81 34
81 65
20 66
20 58
19 66
23 77
23 76
85 42
60 66
21 77
3 28
81 90
29 91
40 46
54 24
65 32
60 36
6 46
74 17
74 87
84 75
33 73
20 19
34 91
49 46
17 46
74 4
29 67
74 67
67 42
78 46
66 46
58 42
32 69
69 4
66 77
21 3
67 41
60 30
76 77
6 33
51 77
22 33
36 83
56 83
0 70
53 82
0 20
42 91
42 77
61 83
28 6
61 21
42 61
44 68
44 71
71 61
44 45
25 45
74 84
32 36
32 53
32 34
49 71
87 59
