1
1
100
58 6
47 18
52 15
37 79
31 92
13 47
43 54
19 96
60 8
76 35
94 31
53 83
67 56
59 87
80 53
61 32
92 57
0 34
10 81
39 2
41 55
48 23
62 82
54 16
18 52
64 71
15 56
87 25
70 76
31 86
57 89
41 96
3 64
60 37
87 96
0 40
30 94
11 96
90 96
0 67
92 96
54 96
47 96
20 31
64 83
74 96
21 96
28 96
72 96
0 9
66 96
0 51
78 96
0 84
17 96
0 58
0 23
0 37
0 31
0 57
0 94
69 96
0 44
85 96
18 96
46 96
50 96
3 96
35 96
0 64
35 55
15 81
92 2
93 57
47 80
60 31
11 71
54 2
32 67
79 31
59 40
85 83
54 31
41 30
63 8
63 7
13 55
75 56
46 44
70 2
20 16
61 57
46 16
93 6
13 58
15 89
75 6
46 33
77 40
43 8
