5
97
96
95
94
93
89
0 1
0 41
1 2
1 51
1 53
2 3
2 10
2 54
3 4
3 57
4 5
4 7
4 43
4 70
4 74
5 6
5 80
6 7
9 10
10 11
11 12
12 13
12 22
13 14
13 33
14 15
14 48
15 16
16 17
16 35
17 18
17 49
18 19
18 27
20 21
20 75
21 22
23 24
23 67
24 25
24 72
25 26
25 40
26 27
26 34
26 76
29 30
30 31
31 32
31 35
31 53
32 33
33 34
33 38
35 36
37 38
38 39
41 42
43 44
45 46
46 47
48 49
48 61
49 50
49 62
51 52
51 75
51 84
52 53
52 75
53 54
53 73
55 56
56 57
57 58
57 60
57 73
58 59
59 60
59 80
61 62
64 65
67 68
69 70
69 71
72 73
80 81
82 83
83 84
