1
1
100
0 81
65 99
0 63
65 81
0 12
0 65
0 84
0 41
0 30
0 67
0 68
28 99
0 28
0 89
39 81
39 86
39 24
39 90
39 71
39 13
0 39
0 33
0 83
32 79
32 78
0 32
17 81
17 10
17 11
17 87
17 65
17 73
17 66
17 82
17 71
17 58
17 8
17 30
17 14
61 81
61 15
61 70
17 61
17 60
17 69
17 64
48 81
48 64
17 48
17 35
0 99
0 8
13 81
13 12
0 13
0 62
0 17
0 3
0 76
0 77
22 81
22 45
22 66
22 65
22 70
22 59
22 18
22 32
22 11
65 19
22 13
22 15
22 12
22 14
86 81
86 87
86 65
86 77
86 80
86 30
86 18
86 58
86 10
86 66
22 79
86 74
22 27
22 86
51 81
51 40
51 7
51 68
51 74
51 64
51 49
53 35
53 58
51 53
51 21
51 93
