1
1
100
0 15
0 90
0 33
0 17
0 14
0 82
0 41
0 60
0 94
0 10
0 11
0 6
0 36
0 45
0 66
0 64
0 34
0 78
0 51
0 53
0 24
0 89
0 49
0 74
0 19
0 88
0 58
0 18
0 75
0 21
0 46
0 59
0 4
0 37
0 92
0 27
0 71
0 7
0 95
0 81
0 91
0 68
0 87
0 16
0 20
0 35
0 73
0 47
0 50
0 29
0 38
0 22
0 30
0 48
0 69
0 72
0 85
0 42
0 5
0 86
0 13
0 43
0 28
0 77
0 8
0 76
0 39
0 67
0 79
0 54
0 3
0 40
0 56
0 93
0 55
0 62
0 23
0 25
0 80
0 32
0 2
0 44
0 52
0 26
0 31
0 9
0 57
0 63
0 70
0 83
0 61
0 65
0 84
12 15
12 90
12 33
12 59
12 80
12 30
12 54
