1
1
100
0 45
0 48
0 62
0 35
0 72
45 99
89 99
57 99
76 99
45 80
67 80
28 80
74 80
80 99
0 99
0 89
0 25
21 45
21 55
21 35
21 16
21 97
21 3
21 12
21 75
21 42
56 99
59 99
87 99
8 99
58 99
67 44
98 44
36 44
37 44
4 44
75 85
58 85
53 44
75 40
67 40
68 40
90 40
49 40
40 44
82 44
85 44
58 77
78 79
79 77
27 5
70 5
98 5
62 5
45 65
95 65
8 65
58 65
77 44
45 90
58 90
76 90
55 90
68 37
37 90
8 90
29 44
20 92
4 92
23 92
77 65
27 7
45 7
22 7
68 91
91 7
63 7
25 7
46 65
89 7
65 92
27 13
16 13
46 13
81 13
71 13
13 92
45 63
36 63
5 77
3 51
54 51
46 51
63 77
92 44
68 44
25 44
90 44
69 5
95 5
