5
69
68
67
66
65
100
0 1
0 3
0 7
0 8
0 9
0 11
0 14
0 17
0 20
0 21
0 22
0 23
0 25
0 26
0 28
0 32
0 34
0 37
0 38
0 40
0 43
0 46
0 47
0 48
0 49
0 53
0 54
0 55
0 57
0 58
0 60
0 61
0 62
70 1
70 2
70 3
70 4
70 8
70 10
70 11
70 13
70 14
70 15
70 18
70 21
70 22
70 24
70 26
70 29
70 30
70 34
70 37
70 40
70 43
70 44
70 45
70 47
70 48
70 49
70 50
70 51
70 53
70 54
70 55
70 57
70 59
70 60
70 61
70 63
1 2
1 3
1 4
1 5
1 6
1 8
1 9
1 10
1 15
1 19
1 20
1 21
1 22
1 23
1 25
1 26
1 28
1 30
1 32
1 33
1 35
1 36
1 37
1 41
1 43
1 44
1 46
1 48
1 49
1 50
1 52
