1
1
100
0 99
26 64
36 79
69 99
26 65
55 80
17 96
0 26
18 91
77 54
11 64
11 86
31 86
30 9
51 13
36 80
51 36
14 24
54 64
81 98
73 26
27 26
39 57
39 4
55 83
55 75
57 98
0 55
63 92
91 95
27 19
16 36
79 11
30 88
63 91
20 99
69 87
62 45
79 33
38 10
59 10
45 87
79 53
25 52
43 25
47 25
69 94
69 76
76 94
97 94
36 96
85 84
28 16
5 65
69 30
30 27
28 23
10 33
84 47
69 17
76 28
63 59
28 79
22 25
21 87
61 54
53 4
63 62
4 93
4 58
85 91
58 48
76 43
48 93
95 80
50 82
48 95
48 27
25 87
25 44
39 44
86 71
13 71
9 24
74 98
86 24
51 8
18 38
51 81
29 54
94 47
0 18
63 18
76 63
76 97
98 86
82 65
80 65
89 57
93 65
