1
1
100
0 18
81 99
0 95
81 18
81 95
18 99
3 95
95 99
47 99
61 99
83 99
12 99
82 99
69 99
88 99
62 99
25 99
10 99
11 99
16 99
45 99
86 99
60 99
48 99
17 99
81 13
68 13
13 99
29 99
75 99
81 77
18 77
77 99
81 97
26 97
97 99
24 99
81 44
57 44
50 44
67 44
81 9
81 14
44 99
81 58
21 58
36 58
86 58
58 99
57 99
15 99
81 41
2 41
22 41
15 41
18 41
41 99
21 99
26 99
5 99
46 99
98 99
3 99
40 99
81 65
29 65
81 27
28 18
81 30
31 18
81 32
33 18
34 18
35 18
65 99
63 99
81 19
70 19
60 19
90 19
2 19
33 19
38 18
81 39
81 42
81 43
49 18
19 99
64 99
48 27
33 27
18 27
95 27
98 27
3 9
96 9
9 27
47 27
2 27
12 27
