0
100
0 35
0 24
0 9
0 47
0 50
0 57
0 94
0 61
0 75
0 28
0 46
0 96
0 95
0 74
0 81
0 43
0 91
0 76
0 15
0 41
0 51
72 44
72 20
72 56
72 29
72 50
72 18
72 55
72 8
72 30
72 23
72 34
72 17
72 87
72 53
72 38
94 18
94 34
94 11
94 19
94 50
94 66
94 25
94 97
94 76
94 32
94 62
94 69
94 17
21 54
21 65
21 29
21 58
21 4
21 40
21 20
21 41
21 37
21 83
92 69
92 70
92 83
92 98
92 78
92 87
92 6
92 34
92 85
92 48
92 99
92 63
92 26
92 2
92 84
92 16
92 88
92 32
92 9
60 34
60 9
60 53
60 65
60 3
60 5
60 28
60 8
60 20
60 82
60 6
60 22
60 88
60 41
60 51
60 49
60 84
38 6
38 31
38 93
38 39
38 56
