1
1
100
3 87
10 9
84 85
4 70
9 87
67 99
34 33
4 5
6 5
6 69
2 23
35 84
35 36
67 75
67 66
74 75
24 74
68 46
14 13
14 15
83 84
88 87
69 70
20 21
82 87
33 38
50 86
73 74
50 73
72 73
84 33
15 16
22 21
29 78
7 78
80 79
7 8
78 99
97 87
3 10
4 10
43 61
66 13
29 92
77 27
97 63
64 31
38 37
22 23
43 38
94 87
94 70
59 46
40 17
22 40
39 38
20 83
9 8
9 56
16 75
50 51
36 37
50 12
5 16
32 33
85 86
65 64
27 64
61 60
20 24
78 77
75 87
63 64
20 67
29 68
23 37
38 14
46 13
70 16
17 16
91 92
87 99
86 51
52 51
72 51
97 98
77 73
4 56
2 71
71 8
66 65
91 90
61 62
61 57
33 55
53 54
64 28
61 66
30 60
4 9
