1
1
100
0 25
0 56
0 49
0 41
0 62
0 20
0 33
0 36
0 23
0 24
29 63
29 5
29 27
29 21
29 71
29 45
29 67
29 76
29 3
29 60
29 48
29 80
29 79
29 8
29 20
29 46
29 41
29 66
65 11
65 77
65 64
65 46
65 55
65 53
65 41
65 70
65 18
65 78
65 19
65 68
65 81
65 30
65 63
65 69
7 56
7 23
7 16
7 44
7 8
7 39
7 75
7 10
7 30
35 66
35 3
35 62
35 75
35 26
35 4
35 58
35 63
35 59
35 14
36 54
36 5
36 75
36 48
36 3
36 39
36 37
36 70
36 17
36 68
36 27
36 50
36 23
36 55
36 53
36 67
36 77
28 46
28 13
28 54
28 20
28 44
28 8
28 21
28 52
28 75
28 5
28 70
28 2
28 63
28 42
58 44
58 22
58 52
58 67
58 21
58 47
