1
1
100
0 11
43 54
46 50
21 23
91 96
28 29
43 44
84 87
21 24
21 25
0 16
43 59
93 96
34 39
41 43
33 37
34 40
85 90
86 90
33 34
30 35
35 39
27 29
35 40
22 26
88 89
89 96
36 40
37 40
84 85
30 34
88 92
7 21
38 43
28 33
88 90
96 99
88 93
93 95
86 89
94 95
87 89
37 39
30 37
94 85
31 34
31 36
97 89
42 43
86 91
22 28
95 99
93 98
89 98
94 98
90 98
91 98
92 98
27 30
86 93
87 93
85 93
90 97
91 97
94 97
67 84
73 71
81 84
83 84
68 66
68 82
67 74
78 84
67 77
68 70
68 69
82 77
66 74
76 81
67 81
81 77
79 83
76 83
83 80
79 81
71 84
83 72
73 81
73 83
67 78
76 66
83 77
73 78
69 81
66 78
83 81
83 78
65 71
69 80
79 72
