1
1
100
0 44
0 39
0 69
0 26
0 24
0 42
0 8
0 23
0 7
45 29
45 61
45 58
45 40
45 62
45 64
45 17
45 39
45 42
46 52
46 84
46 76
46 43
46 56
46 22
46 80
46 47
46 8
36 2
36 22
36 6
36 74
36 20
36 85
36 18
36 24
36 47
36 5
36 84
36 56
79 2
79 51
79 10
79 23
79 14
79 32
56 3
56 38
56 35
13 64
13 87
13 61
13 15
13 66
51 9
51 64
86 15
86 18
24 53
24 81
24 58
24 11
22 61
22 42
22 66
77 29
77 73
77 65
77 80
77 20
77 2
12 4
12 18
12 61
12 37
12 21
12 69
12 40
12 14
12 57
75 67
75 48
75 69
75 38
55 39
55 18
55 59
5 52
5 84
5 67
5 27
5 65
5 70
5 26
5 32
50 14
27 6
27 52
27 7
27 74
27 41
