1
1
100
0 25
0 11
64 99
27 99
25 99
0 27
64 11
64 35
14 35
68 35
64 2
64 3
4 11
11 99
64 27
35 99
36 99
20 99
51 99
15 99
33 99
45 99
32 99
29 99
64 77
12 77
88 77
25 77
34 77
77 99
10 99
98 99
79 99
46 99
7 99
92 99
39 99
50 99
64 24
24 99
73 99
28 99
57 99
40 99
71 99
47 99
64 42
25 42
48 42
61 42
42 99
22 99
38 99
64 21
30 21
63 21
21 99
65 99
0 99
64 61
61 99
54 99
56 99
64 97
36 97
64 25
66 97
64 9
97 99
6 99
64 62
64 16
17 25
18 25
62 99
64 89
39 89
25 89
89 99
76 99
64 26
0 26
31 25
25 26
64 41
26 99
64 88
67 88
93 88
44 25
88 99
93 99
74 99
83 99
64 96
64 52
64 53
55 25
64 58
96 99
