1
1
100
0 30
0 44
0 2
0 26
0 47
0 63
0 46
0 67
56 84
56 90
56 57
56 32
56 50
56 6
56 63
56 8
56 53
56 29
54 74
54 44
54 43
54 94
54 33
54 4
54 83
54 14
55 31
55 44
55 70
55 98
55 12
55 21
55 71
55 95
33 30
33 99
33 38
33 35
33 60
33 19
33 65
33 93
33 40
33 7
33 77
33 94
49 12
49 38
49 23
49 61
49 90
49 45
48 12
48 66
48 75
48 90
48 87
48 9
48 63
48 95
48 43
48 34
48 44
36 19
36 41
36 44
36 52
91 32
91 52
91 81
91 83
91 64
91 67
91 84
91 58
91 61
91 28
94 99
94 61
94 52
94 86
94 9
94 6
94 70
76 34
76 84
76 11
76 90
76 93
76 10
76 22
76 98
17 74
17 41
17 31
17 12
17 42
17 69
17 46
17 61
