0
100
0 87
0 58
0 28
0 15
0 41
0 48
0 62
0 70
0 18
0 73
0 50
0 4
0 88
0 35
0 74
0 89
0 80
0 21
0 36
1 41
1 12
1 49
1 78
1 15
1 75
1 58
1 60
1 66
1 57
1 80
1 71
1 23
1 68
1 37
1 55
1 50
1 6
1 14
1 5
84 22
84 41
84 5
84 83
84 90
84 66
84 12
84 86
84 56
84 34
84 78
84 60
84 36
23 41
23 85
23 33
23 18
23 6
23 27
23 4
23 46
23 17
23 72
23 81
23 87
23 67
23 24
23 21
23 32
23 79
23 92
36 46
36 2
36 17
36 27
36 25
36 58
36 48
36 67
36 63
36 55
36 16
36 49
36 74
24 29
24 6
24 57
24 10
24 64
24 27
24 83
24 12
24 41
24 53
24 33
24 91
24 8
24 32
24 56
24 21
24 19
