1
1
100
0 44
0 59
0 52
5 99
5 44
4 77
4 90
4 80
8 44
3 49
5 97
8 3
68 74
57 64
68 57
8 68
0 43
4 20
6 84
0 4
65 95
84 97
5 9
65 84
23 6
64 44
64 18
64 71
66 86
66 57
66 74
51 86
51 35
64 66
76 68
78 9
62 78
64 76
65 23
8 65
92 41
19 98
92 31
0 92
22 49
94 43
94 59
94 55
15 93
15 27
63 9
30 41
94 22
91 67
91 42
72 25
91 4
74 97
91 72
5 46
94 91
27 9
52 59
52 25
70 57
70 47
52 70
27 52
70 85
35 5
35 43
70 81
70 71
28 99
35 73
70 35
70 3
25 79
26 84
28 35
69 10
25 26
87 5
87 57
22 9
22 66
22 87
63 30
14 84
15 14
25 22
25 28
25 78
25 81
56 35
56 6
64 56
34 69
34 55
4 6
