1
1
100
40 99
10 2
27 80
54 80
2 99
53 49
21 49
14 70
42 60
31 67
42 78
5 94
78 31
70 26
10 74
24 53
71 53
5 93
90 58
16 76
94 76
53 14
13 58
26 49
26 55
97 55
51 55
50 29
31 70
48 55
58 71
19 54
0 4
43 27
0 95
0 3
49 99
16 35
14 89
59 89
36 10
95 43
40 4
19 60
50 65
14 90
6 72
2 77
97 80
74 59
40 89
65 80
75 64
44 13
14 98
0 85
14 19
14 21
58 60
8 26
8 67
76 31
13 11
6 77
60 66
71 93
32 95
58 51
10 89
42 4
78 72
36 84
10 79
33 28
43 83
81 85
81 12
81 79
56 12
12 16
12 79
88 91
12 88
23 88
86 23
23 38
81 39
83 28
43 75
98 97
39 49
77 16
38 16
24 59
26 87
32 58
28 45
32 94
68 45
17 68
