1
1
100
24 99
80 99
0 47
24 93
26 28
26 93
0 18
24 32
26 32
43 93
26 82
55 93
26 79
24 16
0 26
24 79
36 28
50 28
28 99
24 71
24 51
24 86
52 93
62 93
30 93
9 93
24 23
94 93
92 93
69 93
56 93
24 3
24 81
49 93
11 93
50 93
64 93
15 18
94 71
50 16
78 18
25 93
76 93
24 26
64 57
45 4
45 77
29 35
0 16
64 16
70 82
12 23
47 77
26 17
39 93
47 82
24 31
7 47
28 17
81 93
47 46
47 40
97 28
75 47
19 47
38 93
98 47
0 24
0 71
0 70
0 98
0 53
0 43
0 61
0 41
95 51
0 95
0 40
5 93
61 93
26 91
0 5
9 26
96 93
28 53
28 3
27 93
0 9
0 39
60 26
60 30
60 84
60 80
60 71
60 98
45 17
60 45
60 36
60 19
94 47
