1
1
100
0 83
0 49
0 53
0 66
0 10
0 4
0 12
0 92
0 90
0 87
0 57
0 36
0 55
0 11
0 45
0 13
0 50
0 74
0 24
0 78
0 95
0 93
0 75
0 34
0 6
0 22
0 65
0 56
0 5
0 73
0 51
0 71
0 33
0 47
0 67
0 89
0 80
0 76
0 58
0 31
0 21
0 60
0 2
0 77
0 91
0 82
0 52
0 23
0 29
0 41
0 32
0 26
0 39
0 64
0 9
0 18
0 85
0 46
0 88
0 79
0 15
0 16
0 25
0 40
0 86
0 48
0 72
0 17
0 38
0 62
0 59
0 42
0 43
0 8
0 54
0 68
0 14
0 44
0 94
0 61
0 28
0 69
0 7
0 30
0 3
0 35
84 83
84 49
84 53
84 39
84 32
84 26
84 28
84 60
84 14
84 87
84 95
84 10
84 25
84 50
