1
1
100
0 28
67 99
0 64
67 28
67 47
67 62
0 67
0 79
0 77
0 89
0 17
74 28
0 74
0 42
56 28
0 56
0 80
0 29
0 75
0 91
12 98
0 12
0 46
0 39
0 53
2 61
2 98
2 55
2 92
2 32
2 52
2 69
2 86
2 20
76 36
76 38
76 5
76 82
76 26
76 81
76 3
76 47
76 35
2 76
2 57
2 83
2 7
0 2
0 41
0 72
65 64
65 19
65 98
65 86
65 10
65 50
65 54
65 7
65 78
30 72
30 68
30 35
30 15
30 42
30 32
65 30
65 85
65 29
65 72
0 19
0 63
69 64
69 91
67 48
0 69
52 67
52 10
52 69
52 86
52 85
52 72
52 40
51 28
52 51
52 29
52 27
52 25
52 73
65 52
88 7
88 58
88 55
88 69
88 42
88 34
88 22
88 98
88 62
89 64
11 28
