1
1
100
62 93
44 93
76 93
0 48
0 87
75 93
0 91
62 48
44 48
0 76
75 48
62 87
87 93
75 91
62 91
44 91
30 93
62 2
44 2
48 93
62 3
91 93
37 93
50 93
44 34
34 93
29 93
83 93
75 89
89 93
47 93
90 93
62 13
13 93
55 93
62 54
54 93
67 93
6 93
80 93
75 8
8 93
44 11
11 93
61 93
2 93
44 88
62 88
75 88
44 76
88 93
75 15
44 15
15 93
36 93
5 93
62 77
77 93
44 73
62 73
73 93
44 40
62 40
40 93
84 93
39 93
75 71
71 93
60 93
81 93
44 43
43 93
75 33
44 33
33 93
75 3
3 93
62 78
75 78
78 93
85 93
75 35
44 35
35 93
75 12
44 12
62 12
64 12
12 93
62 92
92 93
53 93
18 93
75 58
44 58
58 93
38 93
69 93
62 17
0 75
