1
1
100
0 61
71 99
0 52
0 73
71 61
22 99
71 2
10 25
11 52
16 25
71 20
24 25
25 99
52 99
71 60
61 99
77 99
21 99
17 99
93 55
83 55
91 99
55 99
71 73
39 99
34 99
36 73
73 99
8 43
77 43
34 43
43 99
77 98
80 98
33 98
71 95
96 61
7 61
12 61
98 99
59 99
23 87
60 87
14 52
87 99
80 76
76 99
65 99
33 23
80 23
29 25
70 25
72 25
25 23
23 99
69 99
16 99
71 62
33 62
80 62
61 62
41 62
70 62
4 62
68 62
71 31
31 62
59 62
91 62
43 62
71 94
38 52
71 92
39 62
41 55
36 55
91 55
49 61
78 55
12 55
2 55
29 55
82 62
71 77
55 62
26 62
71 90
14 90
90 62
19 62
24 62
80 83
83 62
40 62
72 62
80 18
33 18
67 18
17 18
8 25
