1
1
100
5 8
4 5
87 92
23 29
10 11
4 6
2 3
28 30
30 35
81 85
87 90
89 90
93 96
91 90
91 92
93 95
90 96
93 92
94 95
93 94
86 87
73 77
78 77
75 77
74 77
72 74
80 83
76 77
73 74
9 11
84 85
71 74
76 80
5 7
17 19
8 11
9 8
5 6
81 83
86 88
12 13
9 7
10 7
86 85
16 21
12 15
16 19
81 82
25 26
50 56
24 26
43 46
41 44
45 46
50 52
30 36
55 56
63 66
79 77
53 58
24 28
80 82
34 35
81 84
86 83
80 77
80 84
81 77
76 81
84 83
79 81
73 78
72 75
75 78
20 24
76 78
80 81
79 78
33 35
10 8
6 8
19 23
11 14
7 8
11 12
13 15
13 18
13 16
19 20
21 23
19 22
19 21
17 15
13 14
19 18
22 23
19 15
17 16
17 18
5 10
