1
1
100
0 19
0 18
0 87
0 31
0 68
19 96
86 96
61 96
60 96
0 27
0 93
0 13
56 96
80 96
71 96
0 3
45 19
45 10
45 80
45 77
45 40
45 76
45 67
45 82
45 47
45 75
45 60
45 81
45 15
19 88
95 88
9 88
90 88
91 88
7 88
4 88
19 52
64 52
73 52
81 52
54 52
77 52
75 52
61 52
23 52
28 52
70 88
10 88
68 52
94 88
15 52
44 67
67 88
19 42
65 42
33 42
46 42
58 88
41 42
18 42
19 47
17 47
5 47
82 47
4 47
90 47
63 47
17 37
37 47
78 47
66 47
56 47
52 88
69 47
84 47
16 96
79 96
39 88
29 47
42 88
23 47
67 47
88 96
0 44
0 94
0 86
91 96
88 47
57 47
68 47
49 96
37 96
47 96
19 32
60 32
83 32
91 76
76 32
72 32
33 32
