0
90
0 29
0 15
0 98
0 3
91 23
10 81
10 89
85 25
74 65
95 51
95 73
98 69
98 84
98 19
78 72
78 59
68 25
68 11
72 1
87 8
87 75
87 9
56 37
56 12
56 70
93 11
93 88
93 83
58 46
58 42
58 80
22 4
33 7
63 42
63 8
63 37
61 90
61 69
61 30
15 55
15 8
37 38
37 65
37 82
37 3
37 57
17 42
21 27
21 83
66 26
66 83
66 7
77 3
5 53
3 41
18 13
18 9
20 29
20 31
28 97
28 14
28 27
28 40
19 42
19 82
67 62
81 62
44 84
4 26
1 49
23 34
23 62
23 36
88 51
48 54
48 65
75 45
75 84
11 8
47 49
71 96
50 99
50 76
43 6
42 96
34 53
35 8
6 46
84 30
38 99
