1
1
100
0 91
62 97
62 91
60 97
91 97
26 97
37 97
68 97
76 97
4 97
94 97
79 97
56 97
10 97
44 97
50 97
35 97
54 97
17 97
72 97
81 97
2 97
20 97
95 97
53 97
30 97
80 97
15 97
32 97
82 97
67 97
58 97
27 97
57 97
25 97
93 97
66 97
11 97
78 97
5 97
42 97
62 64
96 64
62 3
62 6
7 91
64 97
62 31
53 31
93 31
62 9
12 91
31 97
86 97
62 16
50 16
52 16
87 16
62 14
16 97
13 97
0 97
62 70
45 70
54 70
93 70
91 70
9 70
57 70
60 70
37 70
86 70
0 70
92 70
2 70
42 70
51 70
85 70
48 70
87 70
49 70
71 70
17 70
80 70
58 70
22 70
24 70
62 26
83 26
23 91
26 70
40 70
30 70
8 70
62 38
83 38
7 38
62 29
38 70
94 70
