1
1
100
0 50
0 3
0 11
0 20
0 22
0 23
0 33
0 40
0 44
0 47
0 4
0 9
0 10
0 16
0 31
0 35
0 41
0 45
0 46
48 11
48 20
48 44
48 47
48 4
48 9
48 10
48 35
48 45
48 2
48 29
48 30
48 34
48 42
48 5
48 19
48 21
48 36
39 22
39 23
39 33
39 44
39 4
39 10
39 35
39 41
39 21
39 43
39 37
39 49
39 28
39 12
39 14
38 3
38 44
38 47
38 34
38 4
38 16
38 45
38 5
38 49
38 28
38 36
38 12
38 24
38 18
32 20
32 22
32 44
32 2
32 34
32 16
32 41
32 45
32 37
32 18
32 19
32 7
32 6
32 13
32 26
32 15
32 27
8 20
8 23
8 33
8 44
8 47
8 7
8 30
8 43
8 4
8 16
8 31
8 35
8 46
8 49
8 27
8 28
14 3
