0
89
24 39
24 34
24 21
24 37
24 22
30 31
23 22
23 27
23 20
23 37
34 20
28 26
28 39
20 36
32 31
32 22
33 25
33 36
21 31
25 35
27 39
22 26
45 42
45 59
58 41
49 43
49 52
49 44
49 56
49 48
50 56
48 40
48 46
48 57
44 46
52 43
40 54
40 46
40 43
54 42
51 42
72 60
72 76
72 78
72 61
72 66
72 62
72 75
72 65
67 61
67 74
67 70
69 66
69 71
69 79
69 64
69 77
74 68
74 70
74 71
74 62
64 79
64 76
64 60
64 77
64 70
64 65
62 61
62 60
62 77
62 78
70 76
70 73
66 79
66 61
66 76
66 71
77 60
77 63
77 73
65 63
65 75
71 79
71 63
60 79
60 61
78 76
78 79
63 79
