1
1
100
0 18
0 29
0 46
0 84
0 77
0 43
0 73
0 38
0 16
0 28
0 32
0 19
0 86
0 71
0 23
0 39
0 15
0 25
0 80
0 58
0 9
0 82
0 91
0 17
0 53
0 89
87 6
87 28
87 85
87 75
87 86
87 88
87 92
87 43
87 66
87 77
87 27
87 5
87 53
87 16
87 46
87 64
87 89
87 94
87 49
87 42
87 63
87 19
87 34
50 51
50 5
50 78
50 52
50 33
50 17
50 40
50 41
50 91
50 46
50 38
50 8
50 61
50 45
50 4
50 92
50 49
50 3
50 27
21 76
21 9
21 20
21 56
21 26
21 33
21 29
21 63
21 92
21 22
21 19
21 81
21 47
21 59
21 44
21 85
49 82
49 83
49 5
49 22
49 14
49 92
49 70
49 61
49 19
49 63
49 94
49 73
49 60
49 55
49 51
49 81
