1
1
100
0 21
0 54
0 24
0 8
0 94
0 27
0 3
0 14
0 46
0 6
0 31
0 69
0 2
0 42
0 13
0 34
0 91
0 15
0 59
0 51
0 10
0 39
0 79
0 4
0 29
0 85
0 52
0 25
0 72
0 76
0 44
0 19
0 64
0 55
0 33
0 50
0 98
0 77
0 97
0 65
0 99
0 5
0 49
0 60
0 92
0 81
0 53
0 71
0 22
0 90
0 30
0 45
0 62
0 11
0 9
0 75
0 37
0 20
0 26
0 63
0 58
0 74
0 17
0 40
0 86
0 18
0 35
0 36
0 70
0 67
0 84
0 66
0 89
0 56
0 16
0 93
0 73
0 83
47 21
47 54
47 82
47 5
47 61
47 96
47 83
47 91
47 4
47 33
47 24
47 20
47 34
47 63
47 94
47 10
47 11
47 66
47 76
47 52
47 64
47 88
