1
1
100
0 79
33 3
3 36
0 2
0 66
27 4
70 2
70 67
65 61
0 64
62 4
0 15
3 65
54 64
3 43
3 29
25 66
25 14
77 79
2 61
0 26
78 79
52 50
0 74
3 72
24 27
2 60
65 29
78 72
4 70
0 25
52 31
31 15
51 43
0 34
3 51
52 55
46 57
58 71
69 70
46 58
0 58
24 58
36 77
52 59
3 5
42 59
42 5
24 20
20 5
2 15
2 25
53 39
3 44
6 39
70 72
60 72
4 64
3 13
31 13
26 27
76 71
62 13
2 65
2 66
2 33
2 19
49 64
68 26
37 32
0 32
0 3
0 20
37 38
30 2
75 30
75 73
44 67
30 77
0 37
73 2
77 2
74 76
14 2
58 2
0 77
69 76
67 54
59 2
57 55
0 48
43 2
70 15
39 25
65 4
74 68
18 4
30 4
53 22
60 3
