1
1
100
0 21
0 8
0 49
0 29
0 18
0 69
0 26
0 88
0 14
0 57
0 68
0 6
0 70
0 9
0 61
0 72
0 27
0 4
0 83
0 56
0 91
0 75
0 84
0 48
0 54
0 20
0 35
0 53
0 67
0 86
0 13
0 19
0 50
0 95
0 80
0 73
0 64
55 21
55 40
55 41
55 65
55 77
55 58
55 43
55 13
55 49
55 39
55 12
55 67
55 14
55 3
55 78
55 54
55 26
55 95
55 63
55 19
55 30
55 35
55 57
55 69
55 32
55 5
55 52
84 91
84 64
84 8
84 89
84 85
84 63
84 78
84 69
84 72
84 18
84 39
84 75
84 86
84 36
84 11
84 31
84 34
84 70
84 19
84 73
84 28
84 80
84 52
84 40
84 50
84 68
84 67
84 82
84 26
84 38
57 21
57 23
57 25
57 3
57 80
57 91
