0
95
0 89
0 27
32 38
32 67
32 91
71 98
71 64
39 86
39 53
90 82
50 92
50 51
50 75
30 63
30 42
46 81
46 63
46 45
58 20
58 70
10 67
10 97
10 96
55 16
55 22
78 3
78 83
78 60
78 96
45 43
45 53
51 80
51 69
81 91
57 18
57 15
94 12
94 87
4 69
4 60
4 40
4 70
4 98
44 38
42 5
49 6
49 80
49 8
12 66
61 7
61 3
28 17
28 65
52 21
19 6
19 21
48 18
48 7
48 98
48 96
18 36
18 25
18 85
65 84
65 2
65 9
26 37
26 27
56 43
56 23
24 60
75 17
75 82
8 20
89 69
1 95
1 34
70 91
82 66
82 16
6 99
6 7
6 95
6 2
33 11
33 96
67 38
5 86
88 62
88 36
88 35
84 2
84 34
13 99
91 47
