1
1
100
72 99
38 99
0 16
72 16
38 16
72 2
38 2
0 72
38 3
4 16
16 99
14 99
33 99
53 99
60 99
38 37
38 72
29 37
37 99
98 99
21 99
23 99
63 99
0 99
13 99
65 99
28 99
38 87
72 87
8 16
9 16
87 99
38 93
93 99
38 41
72 41
41 99
9 99
59 99
48 99
29 99
88 99
38 43
44 43
94 43
17 72
38 18
43 99
58 99
38 51
20 72
51 99
74 99
38 80
72 80
16 80
38 62
67 80
88 80
62 80
55 80
54 80
38 36
10 36
58 36
36 80
19 80
30 80
85 80
68 80
83 80
45 80
96 80
23 80
6 80
10 80
38 46
46 80
0 80
28 80
17 80
90 80
95 80
63 80
84 80
27 80
4 80
52 80
38 32
51 80
82 80
12 80
48 80
78 80
17 18
18 80
38 97
96 97
39 72
40 72
