1
1
100
53 99
55 99
82 78
78 99
10 95
0 10
45 62
24 99
12 25
65 25
74 25
76 25
77 25
37 25
32 25
95 55
23 99
0 45
94 4
8 55
4 99
25 99
0 14
0 74
0 29
40 99
49 99
19 99
0 20
72 99
59 99
0 36
0 50
89 5
0 89
42 99
0 97
76 99
20 70
88 70
14 70
36 70
67 70
35 70
48 70
56 70
73 70
8 70
30 70
28 69
37 69
43 69
4 69
92 69
36 69
67 69
69 70
41 70
70 99
95 15
15 99
0 62
7 99
68 10
0 68
52 10
52 63
52 62
52 65
52 94
38 55
52 38
52 11
52 33
52 37
52 67
52 32
53 21
52 80
21 99
0 91
52 24
38 53
46 55
50 53
95 59
95 60
95 66
0 77
48 99
0 96
0 52
59 10
55 33
59 75
55 56
81 10
33 99
2 99
55 53
