0
93
0 84
0 18
42 90
42 23
59 46
59 89
75 71
75 44
23 70
2 95
2 1
52 3
52 79
24 36
24 15
29 54
29 88
79 48
93 57
93 14
94 35
94 85
21 82
21 50
8 11
8 26
81 58
81 13
47 92
47 45
83 99
83 53
16 15
16 86
71 61
11 87
50 40
12 55
12 49
90 31
57 45
7 78
7 26
44 35
89 88
5 27
5 48
34 95
34 27
78 77
17 69
17 20
82 87
72 63
72 73
31 33
53 74
62 85
62 32
38 3
38 60
28 76
28 91
9 15
9 54
41 37
41 76
20 30
19 99
19 66
33 96
14 48
97 18
97 76
67 96
32 30
74 63
10 58
10 39
46 27
65 69
65 70
73 6
56 43
56 91
25 51
25 22
6 80
77 40
86 92
61 49
37 36
22 88
