5
1
2
3
6
7
91
0 8
0 4
5 9
5 8
8 12
8 10
8 11
9 13
9 12
9 10
11 10
11 12
11 13
11 14
15 19
15 18
15 14
15 17
15 16
15 12
13 30
13 10
13 12
13 17
13 16
14 10
14 18
14 17
14 16
12 30
16 20
16 19
16 18
17 20
17 19
17 21
18 30
18 20
18 19
18 21
22 20
22 19
22 21
22 26
22 25
22 23
24 28
24 21
24 20
24 23
24 26
24 27
25 26
25 21
25 27
25 23
25 28
29 35
29 30
29 28
29 27
26 27
26 30
26 23
28 30
32 36
32 40
32 33
32 37
40 46
40 36
40 41
40 39
42 47
42 43
42 39
42 37
46 52
46 47
39 38
39 43
33 47
33 38
38 44
43 47
44 49
50 54
50 53
48 51
52 53
51 54
