0
100
0 14
0 17
0 58
0 68
0 5
0 42
0 59
0 11
0 89
0 45
0 25
66 93
66 52
66 19
66 99
66 61
66 13
66 29
85 98
85 33
85 4
85 68
85 32
85 48
85 1
85 56
85 83
31 72
31 62
31 48
31 12
31 80
31 95
31 24
31 78
31 10
31 53
31 41
31 20
31 56
31 17
31 23
68 79
68 10
68 91
68 13
68 49
68 77
46 74
46 43
46 61
46 87
46 67
46 76
46 54
46 22
46 63
46 53
46 60
46 65
46 62
46 34
59 77
59 98
59 16
59 76
59 28
59 25
59 69
59 18
59 87
59 79
19 44
19 38
19 87
19 37
19 12
19 98
19 5
19 32
19 21
19 93
19 63
19 45
81 88
81 95
81 44
81 84
81 45
81 40
81 98
81 14
81 69
23 29
23 36
23 6
23 71
23 40
23 11
1 37
