5
2
69
25
51
4
100
0 45
0 11
73 71
73 36
73 56
73 76
12 27
12 31
12 65
12 28
12 60
60 36
60 6
60 67
60 52
77 48
77 63
77 19
77 52
77 59
77 43
32 45
32 29
32 5
32 63
32 13
32 48
32 70
32 49
75 43
75 6
75 15
45 58
45 47
45 20
45 27
45 48
45 30
8 19
8 71
8 17
42 5
42 29
42 17
42 54
42 43
66 5
56 30
1 29
1 48
1 19
1 64
1 38
5 47
5 64
5 53
5 76
24 10
24 57
65 43
65 27
64 18
64 59
28 44
28 20
61 10
43 55
43 59
43 35
43 48
16 67
16 9
16 59
16 53
16 37
23 37
48 19
48 29
58 62
58 21
58 29
58 59
58 78
58 63
58 7
53 3
53 18
63 21
63 59
57 47
20 22
20 3
44 29
44 59
44 7
3 18
3 7
3 19
3 52
9 18
