5
38
28
36
20
2
100
0 17
0 14
0 22
0 44
0 7
0 26
0 40
0 37
0 11
0 34
0 30
0 10
0 8
0 29
0 27
0 16
0 19
0 48
0 21
0 31
0 12
0 32
0 6
0 33
0 18
0 5
0 49
0 13
0 42
0 41
0 35
0 43
0 9
0 1
0 39
0 24
0 4
0 25
0 46
0 47
0 23
0 15
0 45
3 31
3 7
3 17
3 5
3 40
3 42
3 23
3 35
3 27
3 41
3 47
3 43
3 25
3 6
3 30
3 24
3 4
3 29
3 45
3 44
3 8
3 1
3 12
3 37
3 16
3 11
3 32
3 10
3 18
3 9
3 26
3 49
3 19
3 48
3 33
3 14
3 13
3 34
3 22
3 39
3 46
3 15
21 48
21 35
21 22
21 29
21 41
21 18
21 16
21 24
21 5
21 1
21 13
21 23
21 39
21 42
21 4
