5
1
8
2
10
7
100
0 9
0 3
0 6
0 5
4 17
4 13
4 18
4 16
4 11
4 15
4 14
4 12
4 19
20 26
20 24
20 9
20 30
20 25
20 5
20 22
20 29
20 23
20 28
20 27
20 6
20 21
3 17
3 16
3 19
3 18
3 15
3 13
3 14
3 11
12 28
12 25
12 29
12 23
12 26
12 9
12 27
12 24
12 5
12 6
12 30
12 22
21 36
21 39
21 35
21 38
21 18
21 37
21 15
21 32
21 40
21 33
21 11
21 19
21 31
21 13
21 14
21 34
21 17
16 26
16 24
16 27
16 29
16 22
16 28
16 5
16 30
16 25
16 23
16 9
6 13
6 11
6 15
6 18
6 17
6 14
19 5
19 27
19 29
19 26
19 23
19 30
19 28
19 24
19 25
19 22
9 17
9 18
9 14
9 11
9 13
15 28
15 30
15 26
15 22
15 25
