1
1
100
19 50
32 50
0 8
19 8
0 32
0 30
19 2
0 19
0 2
0 31
0 44
0 45
0 12
0 20
0 6
0 14
0 18
0 41
36 8
0 36
0 35
39 8
39 32
39 45
4 8
0 39
0 50
0 13
0 17
26 8
26 32
26 19
26 17
26 3
26 45
30 8
26 30
26 38
26 28
26 13
22 8
26 22
26 18
16 8
26 16
10 8
26 10
26 23
9 8
26 9
26 15
49 8
49 24
26 49
26 37
0 37
0 43
0 29
24 8
0 26
0 24
0 46
47 8
47 32
47 19
47 17
47 20
47 34
45 8
47 45
47 42
47 21
47 15
47 40
47 22
47 9
47 49
47 2
47 30
47 18
12 8
12 35
47 12
47 3
47 10
0 49
0 47
21 8
21 32
11 8
19 13
19 14
15 8
19 17
19 18
19 20
19 23
19 25
0 21
0 38
