1
1
100
0 26
0 13
0 29
26 95
78 95
44 95
23 95
27 95
36 95
0 21
46 26
69 17
46 10
46 33
46 37
46 41
46 70
46 69
46 87
0 33
0 81
0 46
17 95
28 95
49 95
0 91
0 57
66 95
86 95
84 95
0 40
0 67
45 95
0 76
0 31
5 95
9 95
22 95
0 15
0 27
0 53
80 95
26 59
56 59
42 59
57 59
39 59
35 59
71 59
90 59
66 59
28 59
36 59
49 25
0 49
9 59
0 5
0 87
19 95
62 95
68 95
45 32
59 95
0 45
89 95
10 95
0 8
47 26
47 7
47 67
47 72
47 78
47 18
47 87
47 15
47 23
47 44
47 39
47 62
47 88
47 25
47 61
47 28
47 11
47 92
47 50
47 55
47 83
63 26
63 56
63 91
63 75
63 55
63 64
63 21
63 9
63 36
63 76
63 50
63 73
