1
1
100
0 4
0 27
0 88
0 95
0 61
0 14
0 26
0 19
0 94
0 24
0 91
0 46
43 63
43 5
43 62
43 7
43 35
43 37
43 91
43 61
43 81
43 15
43 60
43 92
43 90
43 83
12 44
12 16
12 66
12 51
12 99
12 3
12 54
12 18
12 86
29 77
29 4
29 98
29 75
29 22
29 74
29 25
29 38
29 96
29 32
29 67
29 72
29 82
29 93
29 81
29 19
29 99
29 84
47 77
47 78
47 28
47 92
47 76
47 90
47 49
47 72
47 89
47 16
47 20
47 75
47 51
47 62
47 31
47 35
47 13
15 8
15 49
15 82
15 28
15 16
15 24
15 50
15 94
15 61
15 90
15 7
15 34
15 30
15 64
15 67
45 59
45 14
45 83
45 89
45 36
45 68
45 31
45 26
45 19
45 7
45 69
16 31
16 18
16 70
16 50
