0
100
0 69
0 19
0 2
0 92
0 61
0 58
0 88
0 7
0 98
0 12
0 18
0 93
0 15
0 1
0 22
0 23
0 20
0 67
0 62
0 99
0 47
0 63
0 30
0 71
0 84
0 34
0 38
0 39
0 9
0 57
0 26
0 31
0 95
0 6
0 72
0 33
0 37
0 5
0 4
0 14
0 25
0 44
0 27
0 75
94 18
94 81
94 83
94 26
94 80
94 65
94 12
94 32
94 50
94 39
94 1
94 28
94 10
94 23
94 35
94 34
94 61
94 31
94 43
94 76
94 55
94 70
94 82
94 29
94 13
94 62
94 90
94 99
94 67
94 15
94 72
94 24
94 5
94 77
94 16
94 97
94 53
94 2
94 20
94 98
94 52
94 56
94 85
94 93
94 88
94 42
94 40
94 36
94 51
94 30
94 47
94 57
95 29
95 87
95 31
95 61
