1
1
100
78 99
63 99
0 43
0 19
68 99
17 99
78 43
3 99
43 99
11 99
6 99
34 99
2 99
12 99
97 99
46 99
10 99
52 99
56 99
93 99
58 99
72 99
0 63
78 95
25 95
78 63
51 95
4 43
95 99
78 96
47 96
13 96
63 96
96 99
64 99
92 99
23 99
78 42
41 42
21 42
43 42
42 99
76 69
69 99
54 99
13 99
36 99
5 99
31 99
37 99
78 41
39 41
81 41
59 41
78 51
68 51
51 41
40 41
20 41
29 56
56 41
62 41
45 41
82 41
74 41
47 41
49 41
10 41
31 41
97 61
61 41
50 41
68 41
54 41
86 41
77 41
78 98
6 33
34 43
63 98
98 41
43 58
89 58
92 58
21 58
50 58
65 58
15 58
66 58
38 30
48 63
78 52
30 58
98 58
69 58
72 73
63 73
73 58
54 32
71 63
