1
1
100
0 3
51 53
50 53
0 2
49 53
4 8
4 6
4 7
5 10
5 9
5 11
2 7
2 8
2 6
20 21
20 23
19 22
17 24
17 21
20 22
18 24
18 21
17 23
19 24
19 21
18 23
17 22
18 22
19 23
12 13
12 14
12 16
12 8
12 7
15 10
24 27
15 9
24 26
15 11
24 25
17 16
18 16
19 14
17 13
15 18
16 20
17 14
15 19
28 32
28 29
28 30
28 21
28 23
22 26
22 27
22 25
31 35
31 33
31 34
26 32
31 25
31 27
31 26
36 39
36 37
36 38
32 34
36 29
36 30
36 32
40 42
40 44
40 41
35 37
40 33
40 34
35 38
35 39
35 29
30 34
32 33
30 33
32 25
30 26
32 27
30 25
30 27
43 45
43 46
43 48
43 37
43 38
43 39
47 41
42 46
47 44
47 51
42 48
47 42
47 52
