5
61
47
53
37
78
100
0 74
0 76
0 71
0 82
0 36
0 31
0 23
0 57
0 13
0 33
0 21
0 1
0 68
69 70
69 17
69 29
69 48
69 9
69 79
69 55
69 49
69 23
69 68
69 8
69 12
69 33
69 76
69 54
69 7
69 77
69 50
69 52
69 74
69 63
58 79
58 52
58 29
58 12
58 34
58 26
58 14
58 9
58 60
58 59
58 17
58 18
58 81
58 63
58 19
58 35
58 76
58 40
58 21
58 2
58 74
58 44
58 48
58 41
58 25
58 57
58 20
58 42
58 54
58 4
58 67
58 64
72 74
72 82
72 1
72 77
72 17
72 22
72 55
72 76
72 71
72 29
72 45
72 49
72 50
73 2
73 35
73 20
73 74
73 68
73 25
73 77
73 5
73 24
73 60
73 8
73 32
73 17
73 71
73 18
73 45
73 14
73 31
73 15
73 29
50 31
