1
1
100
0 56
0 13
0 3
56 59
44 59
9 59
33 59
4 59
49 59
5 59
8 59
0 33
0 40
0 21
0 26
0 2
0 49
40 59
52 59
26 59
8 41
50 45
31 41
45 41
14 41
38 41
39 41
49 41
21 41
56 46
15 46
40 46
55 46
36 46
50 41
2 41
16 41
26 41
46 41
19 41
5 41
34 41
11 41
58 41
16 59
56 28
54 28
10 28
58 28
56 12
17 12
18 12
56 30
3 30
8 30
20 12
30 12
21 24
4 24
31 28
12 28
37 28
9 28
24 28
4 41
0 50
57 59
51 28
37 59
41 59
28 59
0 34
48 59
0 44
0 16
14 58
6 56
6 19
6 14
6 37
6 32
6 20
6 17
6 3
30 45
30 11
30 36
30 22
6 30
6 42
6 40
6 57
6 55
25 52
25 58
25 3
25 13
25 9
25 44
25 27
