1
1
100
0 21
76 99
0 87
76 21
0 80
76 4
76 5
6 21
76 7
76 9
76 10
12 21
13 21
76 14
76 16
17 21
76 18
19 21
76 20
23 21
76 29
76 30
31 21
33 21
36 21
37 21
39 21
76 40
43 21
76 44
46 21
76 47
76 49
51 21
21 99
55 99
62 99
39 22
15 22
22 99
83 99
87 99
18 99
92 99
35 99
67 99
78 99
52 99
91 99
51 99
2 99
82 99
70 3
12 3
96 3
21 3
41 3
75 3
37 3
13 3
94 3
92 3
76 79
79 3
73 10
92 10
10 3
78 3
24 14
41 14
14 3
85 3
55 3
54 60
53 60
41 60
34 60
17 60
90 60
63 60
7 60
0 60
66 60
63 72
21 72
62 72
2 72
0 72
39 60
16 60
72 60
32 26
62 26
76 74
26 60
84 60
38 60
83 60
45 60
33 60
