0
100
0 42
11 23
11 75
11 40
18 92
55 37
55 36
55 44
55 5
55 20
24 6
56 25
10 26
10 91
94 60
94 14
94 71
44 49
44 51
89 34
36 50
36 87
58 81
58 41
58 17
12 37
12 81
23 93
23 48
43 3
43 31
43 32
98 49
51 79
51 25
13 80
13 62
13 95
13 75
96 72
74 86
81 64
81 71
53 29
53 8
53 30
45 49
45 32
14 65
14 9
88 68
33 27
33 34
38 52
38 28
73 93
73 72
31 78
62 99
62 34
25 65
50 61
15 99
15 29
15 42
97 39
97 26
16 9
6 8
67 27
67 80
80 19
28 69
2 4
29 22
71 95
87 93
34 92
3 4
3 90
3 92
35 84
46 60
46 5
86 99
86 4
84 17
66 8
48 99
5 64
82 63
72 93
60 79
60 37
42 69
39 99
39 4
64 7
1 99
54 70
