1
1
100
0 17
0 11
0 54
0 48
0 46
0 76
0 24
0 42
0 23
0 43
0 71
0 25
0 83
0 52
0 64
0 8
0 35
0 40
0 57
0 61
0 90
0 93
0 22
0 65
0 70
0 80
0 78
0 41
0 14
0 36
85 19
85 47
85 87
85 4
85 82
85 53
85 49
85 44
85 10
85 43
85 14
85 70
85 51
85 42
85 18
85 57
85 36
85 30
85 39
85 77
85 6
85 89
85 68
85 75
85 90
85 71
85 16
85 7
85 13
85 69
85 26
85 20
85 25
62 75
62 11
62 86
62 25
62 7
62 24
62 21
62 50
62 31
62 64
62 26
62 45
62 19
62 42
62 28
62 92
62 93
62 90
62 73
62 91
62 68
62 52
62 35
62 49
62 59
62 65
62 61
62 32
62 70
62 56
60 70
60 51
60 36
60 13
60 25
60 22
60 91
