1
1
100
41 7
48 7
55 7
62 7
69 7
76 7
83 7
90 7
97 7
48 14
41 14
62 14
55 14
76 14
69 14
90 14
83 14
97 14
41 21
55 21
48 21
69 21
62 21
83 21
76 21
97 21
90 21
48 28
62 28
41 28
76 28
55 28
90 28
69 28
83 28
97 28
41 35
55 35
69 35
48 35
83 35
62 35
97 35
76 35
90 35
48 42
62 42
76 42
41 42
90 42
55 42
69 42
83 42
97 42
41 49
55 49
69 49
83 49
48 49
97 49
62 49
76 49
90 49
48 56
62 56
76 56
90 56
41 56
55 56
69 56
83 56
97 56
41 63
55 63
69 63
83 63
97 63
48 63
62 63
76 63
90 63
6 14
6 21
6 28
13 14
20 14
27 14
34 14
6 35
13 21
20 21
27 21
34 21
6 42
6 49
6 56
6 63
6 7
13 28
20 28
