1
1
100
0 66
40 97
28 97
30 97
80 97
0 28
66 97
11 97
24 97
53 97
68 97
46 97
8 97
40 21
21 97
35 97
19 97
36 97
6 97
2 97
95 97
31 97
39 97
83 97
64 97
0 7
7 97
50 97
91 97
89 97
40 12
12 97
40 33
33 97
34 97
30 41
41 97
49 97
16 97
52 97
76 97
26 97
60 97
69 97
38 97
57 97
67 97
30 81
81 97
58 97
77 97
30 96
40 96
30 28
40 66
96 97
40 29
29 97
4 97
30 22
40 22
54 22
49 22
22 97
32 97
30 62
40 62
66 62
40 28
77 62
3 28
2 28
5 28
30 4
40 6
30 7
62 97
30 73
73 97
30 27
27 97
86 97
20 97
37 97
40 88
88 97
40 55
55 97
40 85
30 85
90 85
36 85
85 97
40 51
30 51
19 51
51 97
5 97
30 70
40 70
