1
1
98
0 25
9 4
25 57
9 11
60 30
51 58
9 60
13 24
9 13
49 16
49 43
50 57
64 7
4 25
4 17
11 7
0 33
15 33
0 15
67 11
4 67
34 14
34 62
56 6
30 16
0 52
54 6
49 37
45 16
56 2
7 25
7 42
57 69
16 24
13 46
51 68
68 43
32 67
14 58
39 10
68 5
51 60
10 67
5 31
2 5
3 5
39 3
2 7
2 35
19 38
38 3
39 58
16 62
57 6
45 56
0 64
2 47
24 69
10 27
42 8
0 44
45 17
38 6
37 40
47 53
19 20
12 6
34 52
26 52
4 64
47 58
14 13
15 19
42 5
0 9
3 67
62 58
68 3
18 3
6 7
10 5
63 68
34 21
61 52
66 64
59 7
49 44
8 3
35 3
2 28
2 36
33 34
2 15
39 14
30 45
55 61
23 4
16 15
