1
1
100
0 61
8 99
0 28
0 37
8 61
0 8
0 78
0 44
0 79
0 49
0 39
90 27
90 81
90 80
90 24
91 10
91 20
91 21
90 9
76 71
90 76
90 52
90 91
0 12
0 90
63 94
8 71
8 4
0 63
50 32
15 61
0 50
71 61
71 16
71 28
73 7
71 73
95 8
95 3
95 56
92 44
71 95
71 99
6 97
97 61
71 6
71 63
71 55
31 61
31 62
71 31
71 23
53 17
53 68
53 57
13 46
13 93
13 32
53 13
36 43
36 7
72 55
36 72
36 15
8 24
36 65
74 61
36 89
36 10
8 38
36 14
71 70
71 30
71 36
59 58
0 59
0 86
69 43
48 26
69 14
69 31
69 48
69 3
69 29
69 75
69 79
69 26
69 12
69 24
69 33
69 92
69 17
22 99
22 62
22 86
22 4
22 59
22 70
22 63
97 75
