1
1
100
0 98
0 18
0 40
0 7
84 85
84 39
84 19
38 58
38 92
38 67
38 73
97 8
97 92
97 19
97 59
97 60
46 44
46 85
47 11
76 85
76 79
12 54
12 51
12 17
61 51
61 71
61 21
16 62
16 96
32 3
32 10
32 64
32 74
80 40
80 33
5 87
5 91
39 74
39 92
94 28
77 4
77 8
77 68
70 53
70 83
70 28
70 31
70 93
92 42
29 90
29 74
78 52
78 99
78 53
78 23
78 69
57 19
64 99
64 6
64 48
64 33
86 17
13 52
13 27
34 3
34 17
10 15
22 63
73 56
72 11
91 8
45 43
45 82
45 74
45 68
56 63
56 37
30 31
65 90
65 24
15 43
15 2
24 42
24 96
31 96
31 36
90 71
2 62
51 44
51 4
3 98
3 18
50 54
50 27
63 71
68 58
83 14
41 99
41 18
41 95
