1
1
100
0 99
59 99
65 99
38 99
0 71
0 65
38 65
0 59
0 38
82 71
0 82
63 99
63 82
0 63
0 48
0 12
54 48
0 54
19 48
19 71
0 19
0 77
72 54
72 48
0 72
0 36
0 2
94 99
94 82
0 94
0 27
47 48
47 94
0 47
45 27
45 77
0 45
9 45
0 9
57 9
57 12
57 72
0 57
33 57
0 33
16 27
16 99
16 82
16 45
0 16
50 94
0 50
0 60
22 60
22 54
22 63
0 22
98 60
98 2
98 94
0 98
41 98
41 99
41 82
41 2
41 72
41 57
41 65
41 38
41 47
0 41
85 98
85 48
85 71
85 27
85 72
85 47
0 85
67 85
67 60
67 9
67 48
67 27
67 77
0 67
15 2
15 19
0 15
81 15
81 41
81 27
81 19
81 82
81 60
81 67
81 54
0 81
80 98
80 71
80 99
