1
1
100
0 99
0 4
0 8
0 2
0 10
0 5
0 16
0 20
0 14
0 24
0 6
0 13
0 12
0 18
0 15
0 19
0 9
0 17
0 22
0 7
0 3
0 11
0 21
0 23
0 91
25 21
25 18
25 75
32 24
25 32
25 4
25 7
25 11
25 12
25 23
25 91
2 4
3 7
3 6
6 12
6 10
25 6
25 2
8 4
8 16
25 8
10 4
20 26
25 10
5 10
25 5
16 32
16 24
16 12
16 48
16 10
25 16
20 10
20 14
40 32
25 20
14 7
25 14
24 12
24 18
24 82
25 24
13 24
26 32
25 13
19 13
19 91
38 32
25 19
26 13
25 26
38 19
38 53
38 15
40 20
40 48
25 38
15 19
25 15
40 38
25 40
44 38
25 44
48 24
48 56
25 48
50 44
25 50
53 48
53 32
25 53
56 50
25 56
64 56
25 64
