1
1
100
0 4
0 35
0 80
91 92
91 4
35 92
91 80
77 92
91 2
3 4
5 4
91 6
91 7
0 91
0 23
0 59
0 20
0 37
0 92
0 62
0 68
0 6
0 73
0 22
0 84
0 13
0 67
0 41
0 75
0 69
0 5
0 71
0 8
42 4
0 42
0 82
0 7
24 4
0 24
0 64
72 4
72 80
72 90
35 4
35 80
72 61
9 4
72 35
0 72
0 28
33 4
0 33
0 51
0 65
0 29
0 48
0 2
9 80
3 80
0 9
0 11
58 4
0 58
3 11
3 32
3 53
91 12
0 3
0 79
0 43
81 4
80 92
0 81
0 45
17 4
0 17
32 4
0 32
0 40
78 4
78 75
78 80
78 21
78 26
78 35
91 13
14 4
91 15
16 4
91 18
0 78
0 36
0 60
0 77
44 4
0 44
76 4
76 80
76 23
0 76
