5
98
97
96
95
94
100
0 1
0 2
0 3
0 4
0 6
0 7
0 11
0 12
0 13
0 15
0 16
0 17
0 18
0 20
0 24
0 28
0 29
0 33
0 36
0 38
0 39
0 43
0 45
0 48
0 49
0 50
0 51
0 53
0 54
0 55
0 56
0 57
0 58
0 59
0 60
0 61
0 63
0 64
0 65
0 66
0 67
0 68
0 70
0 72
0 74
0 75
0 76
0 77
0 78
0 79
0 81
0 82
0 83
0 84
0 85
0 86
0 87
0 88
0 89
0 90
0 91
99 1
99 2
99 3
99 5
99 7
99 8
99 9
99 10
99 11
99 12
99 13
99 14
99 15
99 16
99 17
99 21
99 26
99 29
99 30
99 31
99 32
99 33
99 34
99 35
99 40
99 41
99 42
99 43
99 44
99 45
99 46
99 47
99 49
99 51
99 52
99 56
99 57
99 58
99 59
