1
1
100
0 32
0 27
0 17
0 26
0 20
0 38
0 28
0 41
0 29
0 23
0 5
0 10
0 16
0 18
0 34
0 7
0 43
0 2
0 31
0 11
0 37
0 25
0 14
0 9
0 19
0 6
0 8
0 4
0 13
3 27
3 26
3 17
3 51
3 20
3 44
3 29
3 23
3 31
3 37
3 6
3 43
3 12
3 7
3 14
3 15
3 11
3 16
3 2
3 5
3 10
3 34
3 19
3 4
3 8
13 40
13 44
13 29
13 41
13 59
13 48
13 35
13 17
13 23
13 20
13 54
13 26
13 49
13 28
13 45
13 46
13 15
13 6
13 18
13 10
13 14
13 2
13 34
13 19
13 37
13 16
13 12
13 25
13 9
13 22
13 31
13 7
13 42
13 11
13 33
13 5
13 24
13 8
4 45
4 47
4 46
4 41
4 51
4 49
4 29
4 38
