1
1
100
0 22
23 84
0 13
23 68
23 22
23 13
23 8
13 84
23 34
35 3
36 3
0 23
49 3
49 22
0 14
13 3
0 29
0 36
12 22
12 36
12 76
12 65
12 51
0 12
73 3
73 8
0 73
0 16
0 18
0 62
0 40
0 10
0 79
0 34
0 35
80 3
80 52
68 84
0 80
24 3
0 24
68 3
68 22
23 26
4 3
27 22
11 22
23 39
42 22
41 22
68 64
47 3
0 59
0 8
56 3
56 7
49 10
49 35
40 22
0 56
0 53
33 65
33 13
33 68
5 18
33 5
33 77
67 22
33 67
33 47
33 61
36 22
36 23
68 57
58 22
65 3
36 68
36 52
36 40
36 39
36 35
36 2
36 42
36 32
19 13
19 68
66 3
36 19
36 84
69 3
36 69
33 52
33 16
23 75
33 36
33 84
49 51
78 22
33 14
33 54
