1
1
87
84 12
58 14
30 69
41 9
53 12
14 12
0 84
18 84
16 13
68 16
10 63
0 62
88 46
26 70
66 30
27 15
26 27
26 49
18 28
0 41
48 87
17 20
32 71
69 24
17 46
66 75
78 59
78 54
0 4
60 68
60 8
69 53
33 30
33 9
72 35
22 78
55 10
45 34
7 47
19 53
20 10
20 23
19 83
45 7
4 88
25 9
40 41
73 71
79 61
61 71
16 46
55 13
2 31
32 77
34 85
47 51
5 80
62 64
65 32
47 64
24 30
45 69
57 85
81 31
87 38
41 39
78 88
23 37
38 35
79 44
6 11
37 11
29 11
27 21
73 63
5 29
2 13
52 67
57 8
78 76
57 51
73 5
27 5
50 55
6 59
6 74
49 73
