1
1
96
0 99
2 4
3 5
4 5
6 8
6 7
7 9
8 10
9 10
11 12
11 13
12 14
13 14
15 17
15 16
16 18
17 18
19 18
19 20
21 23
21 22
22 24
23 25
24 26
25 27
26 28
27 29
28 29
30 32
30 31
31 32
33 35
33 34
34 35
36 38
36 37
37 38
39 41
39 40
40 41
42 43
42 41
44 45
44 46
45 47
46 48
47 49
48 50
49 50
51 52
51 53
52 53
54 56
54 53
55 56
57 59
57 56
58 60
59 61
60 62
61 62
63 64
63 65
64 66
65 66
67 68
67 69
68 70
69 71
70 71
72 74
72 71
73 75
74 76
75 76
77 78
77 79
78 80
79 81
80 81
82 84
82 83
83 85
84 86
85 86
87 89
87 88
88 90
89 91
90 92
91 92
93 94
93 95
94 96
95 97
96 98
