1
1
100
0 17
21 99
72 99
6 99
0 95
21 17
17 99
0 6
22 99
79 99
21 48
48 99
61 99
27 99
78 99
14 99
81 99
20 99
39 99
75 99
21 66
66 99
36 99
16 99
80 99
72 82
82 99
73 99
76 99
98 99
23 99
38 99
28 99
12 99
10 99
49 99
21 63
0 72
18 63
74 63
21 72
63 99
21 70
85 70
70 99
7 99
65 99
96 99
21 89
89 99
30 99
21 60
56 60
60 99
33 99
21 35
35 99
21 25
59 25
6 25
52 25
3 25
45 25
76 25
2 17
4 17
5 17
21 8
9 17
21 11
12 17
13 17
25 99
97 99
45 99
2 99
47 99
32 99
68 11
11 99
50 99
5 99
93 99
26 99
34 8
6 8
84 8
21 15
16 17
21 19
20 17
24 17
27 17
29 17
21 31
8 99
68 99
21 91
91 99
24 19
