1
1
100
63 99
0 17
58 99
0 42
39 99
0 34
69 99
0 99
0 52
71 60
0 91
62 52
62 92
16 33
94 60
16 24
16 11
33 99
49 99
52 99
60 99
0 70
0 62
16 17
63 17
58 17
0 39
69 17
0 16
0 63
42 99
69 34
34 99
75 99
0 87
40 17
40 2
40 3
40 38
95 46
46 99
40 20
69 2
58 2
0 40
3 17
4 17
69 5
0 58
6 17
69 7
0 69
3 25
3 12
3 2
3 45
0 3
0 67
0 13
0 9
85 17
85 19
85 52
85 98
85 27
0 85
0 14
0 60
0 44
0 43
33 17
33 83
33 5
33 88
0 33
6 43
6 7
0 6
0 77
54 17
54 90
54 96
0 54
0 5
0 47
0 83
0 84
12 17
12 49
12 77
12 22
0 12
4 13
4 51
4 5
4 78
4 36
4 23
4 93
0 4
