1
1
94
0 2
0 99
2 4
3 5
97 99
0 98
21 19
18 19
62 4
17 19
12 6
9 7
11 9
5 6
15 14
12 11
15 13
16 14
56 9
90 92
96 97
96 98
82 7
32 34
29 31
29 28
93 91
56 90
91 87
91 89
29 27
95 25
59 25
78 80
31 33
31 32
25 27
26 27
34 6
36 38
36 37
10 9
35 33
19 43
66 68
71 69
62 63
62 61
53 71
61 63
68 70
67 69
64 66
65 66
67 68
77 75
50 76
23 21
57 58
57 55
80 79
82 81
82 80
49 47
48 47
46 47
23 50
83 81
83 84
85 38
93 20
44 42
43 41
51 53
52 54
76 75
48 49
23 24
87 89
86 84
89 88
78 76
78 77
62 42
37 38
24 26
92 93
94 95
70 10
73 74
71 73
11 10
13 14
72 73
