5
83
6
37
26
52
100
0 53
0 91
0 25
0 76
0 58
75 36
75 21
88 92
88 68
88 73
88 60
88 30
88 1
72 86
72 68
72 23
72 65
72 35
72 81
1 94
1 12
1 86
1 66
1 45
42 4
42 80
42 47
42 78
42 11
42 55
13 44
13 25
13 30
13 46
13 5
13 23
13 96
13 11
8 73
8 18
8 98
8 49
28 33
28 73
28 36
28 62
28 92
28 64
28 54
12 34
12 63
12 31
12 46
12 92
12 85
12 24
36 27
36 49
36 18
36 31
36 40
36 14
36 46
36 64
96 64
96 43
96 99
96 56
16 20
16 67
16 50
16 15
16 3
16 64
16 11
16 23
87 48
87 92
87 22
87 32
87 84
87 39
87 29
87 79
19 14
19 67
19 38
19 55
19 69
19 32
19 91
68 15
68 97
68 24
68 53
68 60
68 59
68 91
68 33
68 69
