1
1
100
0 99
0 23
96 24
12 76
76 23
15 60
0 60
12 40
98 25
98 90
72 38
98 20
15 96
72 96
75 84
75 41
19 25
19 60
24 99
9 83
9 89
12 80
0 75
9 94
47 33
20 52
88 8
76 60
39 70
33 23
0 44
8 83
8 94
98 9
84 52
0 15
98 62
55 62
55 22
98 72
55 5
55 30
25 99
84 89
60 34
23 34
7 50
44 39
80 58
33 6
23 42
77 6
55 67
60 52
38 90
89 83
74 93
93 90
30 50
89 39
25 40
10 39
77 78
51 82
40 82
60 35
89 74
10 8
91 51
10 41
44 91
10 4
17 35
4 41
7 19
34 99
35 62
9 39
30 93
35 11
35 56
40 31
10 31
84 31
48 42
74 5
35 9
97 50
97 80
97 62
50 90
33 44
67 93
4 17
85 8
40 85
10 95
16 29
35 51
35 81
