5
6
68
90
37
21
100
0 61
76 16
76 58
76 59
76 70
76 5
25 19
25 47
25 97
25 87
25 53
25 40
31 34
31 53
31 24
31 97
31 19
31 20
31 13
31 78
11 33
11 42
96 7
96 55
96 44
96 32
96 18
96 46
96 9
96 69
58 49
58 5
58 78
58 64
58 19
58 3
58 65
58 32
58 45
43 44
43 94
43 26
36 26
36 41
36 74
36 54
63 64
63 2
63 91
63 84
63 14
63 15
63 73
63 80
30 81
30 57
30 95
30 71
30 77
30 34
30 89
30 13
22 48
22 34
22 72
22 40
22 88
22 17
22 15
22 74
22 85
45 18
45 9
73 92
73 60
73 50
73 98
73 72
54 48
54 42
54 47
54 92
54 62
54 19
54 49
89 71
89 4
89 52
89 32
89 84
89 40
89 23
89 85
51 18
51 56
51 2
51 15
51 78
51 80
75 2
