1
1
100
0 24
0 26
61 97
52 97
0 21
76 97
77 97
61 24
19 50
41 75
23 90
22 92
3 66
30 90
40 74
6 80
37 63
42 79
39 50
40 94
15 89
47 62
12 53
35 49
13 63
7 64
17 94
2 51
40 53
42 54
32 57
42 91
41 85
8 57
31 89
3 56
22 50
48 85
45 78
47 83
43 73
43 57
4 68
28 69
23 84
19 55
16 78
37 81
46 70
61 36
26 51
15 85
17 67
21 49
42 92
28 67
15 71
45 86
5 50
25 69
20 86
47 86
43 82
7 80
7 74
10 71
61 41
7 70
61 29
19 96
2 56
10 58
10 67
8 68
5 89
38 70
3 67
21 93
2 62
2 49
5 84
39 51
39 78
14 70
38 55
60 24
26 80
32 68
45 82
88 24
6 50
30 50
34 87
40 75
38 71
33 49
7 49
13 58
14 65
33 56
