1
1
100
0 82
36 99
0 50
57 99
36 82
0 24
0 22
0 36
0 27
0 2
0 99
0 87
0 77
0 47
0 15
0 44
0 20
0 41
0 79
0 68
92 82
92 3
0 92
0 85
0 8
0 72
0 51
0 29
0 93
0 42
0 12
0 66
0 46
53 82
53 40
53 85
53 18
0 53
0 55
0 14
0 18
0 17
0 57
0 11
0 84
0 95
0 65
94 82
94 65
0 94
0 64
0 5
62 82
62 49
62 13
6 82
7 82
0 62
86 82
86 84
86 14
9 82
36 10
0 86
0 39
23 82
23 95
23 28
23 79
36 12
36 13
14 82
36 15
0 23
0 4
0 28
0 96
67 82
67 40
67 10
67 36
67 99
67 81
19 82
19 96
67 19
67 76
67 47
67 69
67 90
67 88
67 95
67 43
67 24
67 77
67 70
67 56
67 25
67 18
67 75
