0
100
0 86
0 57
0 69
0 60
0 37
0 95
0 56
0 73
0 82
0 75
0 92
3 36
3 92
3 93
3 66
3 94
3 45
3 90
3 64
3 22
3 63
3 81
3 67
98 20
98 39
98 67
98 6
98 22
98 90
98 81
98 89
98 94
72 74
72 59
72 86
72 91
72 55
72 34
72 62
72 5
72 8
72 42
72 31
72 9
72 65
72 43
72 32
92 84
92 33
92 36
92 88
92 96
92 57
92 79
92 53
92 7
92 95
92 13
92 24
92 67
92 5
92 17
1 56
1 97
1 95
1 8
1 78
1 71
1 13
1 77
1 30
1 6
42 57
42 22
42 24
42 85
42 44
42 12
42 58
42 10
42 40
42 27
42 39
42 23
42 80
42 95
31 49
31 25
31 34
31 48
31 87
31 40
31 55
31 57
31 29
31 44
31 58
31 88
31 20
31 16
