1
1
100
0 34
0 63
0 44
0 48
0 6
0 64
0 85
0 46
0 23
0 2
0 35
0 26
0 10
0 3
0 76
0 41
0 79
0 52
0 40
0 65
0 8
0 49
0 60
0 16
0 56
0 43
0 24
0 5
0 20
0 81
62 79
62 28
62 70
62 67
62 41
62 75
62 73
62 3
62 76
62 68
62 82
62 61
62 60
62 8
62 18
62 4
62 64
62 9
62 57
62 78
62 31
62 58
62 63
62 32
62 23
62 50
62 49
62 77
22 84
22 34
22 15
22 69
22 27
22 56
22 59
22 10
22 81
22 6
22 46
22 70
22 72
22 87
22 19
22 28
22 2
22 75
22 71
22 30
22 68
22 44
22 60
22 23
22 53
22 11
22 65
14 34
14 51
14 29
14 8
14 9
14 21
14 38
14 6
14 35
14 32
14 26
14 72
14 79
14 36
14 53
