0
100
0 59
0 26
0 35
0 22
0 40
25 32
25 35
25 56
25 29
25 11
25 44
22 55
22 29
22 18
22 4
22 47
22 51
22 39
22 11
22 58
22 41
22 52
22 50
46 41
46 54
46 33
46 56
6 45
6 47
6 42
18 56
18 11
47 5
47 54
47 16
47 11
9 55
52 59
52 21
52 45
52 36
52 34
28 49
28 31
28 7
28 26
28 13
24 37
24 41
24 16
53 57
50 21
50 40
55 16
55 58
2 23
2 40
2 30
56 16
56 43
56 29
56 17
54 40
54 44
54 23
32 19
32 17
32 35
32 41
34 45
34 16
3 27
7 8
7 37
10 30
10 59
10 20
10 29
10 36
10 40
43 8
43 45
43 57
43 48
43 41
43 13
1 23
1 49
1 33
1 17
35 19
35 11
35 44
23 41
23 15
23 44
23 5
23 58
23 16
23 31
