5
3
22
37
36
5
90
1 26
1 63
1 4
1 2
77 96
92 46
92 50
92 14
25 15
67 48
67 97
67 42
8 11
8 33
35 60
35 56
44 91
44 49
44 42
69 93
6 10
6 29
6 19
6 33
4 14
4 16
30 43
30 53
2 38
88 48
88 59
87 72
87 50
84 79
84 82
84 55
46 89
46 72
46 85
46 93
46 47
58 15
32 29
80 75
80 63
80 85
20 51
10 75
49 96
13 28
13 53
13 42
93 56
70 57
70 45
55 14
55 45
65 81
31 45
34 12
34 73
50 79
50 98
53 40
53 21
95 56
45 76
45 15
86 7
18 81
18 19
21 98
21 29
63 28
63 62
17 73
17 11
62 48
33 57
39 19
74 56
51 89
57 64
57 12
82 64
82 12
56 60
56 81
56 76
56 19
