5
15
97
9
72
95
100
0 11
0 88
0 22
0 40
0 8
0 74
0 54
0 32
0 5
0 18
0 23
0 51
0 94
0 49
0 13
0 83
29 36
29 50
29 94
29 38
29 68
29 83
29 54
29 28
29 64
29 93
29 82
29 6
29 46
29 20
29 75
29 39
29 7
29 92
29 80
29 17
29 65
29 52
85 49
85 81
85 90
85 65
85 64
85 6
85 61
85 35
85 58
85 47
85 83
85 82
85 43
85 94
85 1
85 86
85 4
85 60
85 16
85 25
85 84
50 26
50 73
50 2
50 60
50 66
50 69
50 79
50 65
50 80
50 89
50 48
50 41
50 20
50 42
50 43
50 22
50 57
50 96
50 94
50 91
50 52
50 35
40 77
40 35
40 37
40 96
40 52
40 30
40 38
40 20
40 39
40 18
40 55
40 49
40 76
40 75
40 1
40 21
40 53
40 44
40 16
