1
1
100
0 84
14 99
65 99
57 99
14 84
79 99
2 84
0 14
0 37
0 13
0 51
0 77
0 63
0 31
0 87
0 55
0 92
2 41
2 26
2 70
0 2
46 84
46 24
0 46
0 67
0 3
0 60
0 95
59 84
59 75
59 39
59 66
14 6
0 59
0 68
91 84
91 20
91 51
0 91
0 49
0 9
0 71
0 48
0 64
0 73
0 88
0 42
0 22
0 97
0 24
0 65
0 16
0 18
0 4
0 36
0 25
0 40
0 57
28 84
28 78
28 44
28 14
28 79
28 31
28 54
28 47
28 34
28 25
28 51
28 21
28 49
28 64
28 38
28 55
28 17
28 81
28 39
28 13
28 27
82 84
82 20
10 84
14 11
12 84
28 82
28 20
15 84
14 16
28 59
28 77
28 26
28 67
28 33
28 18
29 84
29 68
28 29
95 84
95 80
19 84
