5
30
31
1
42
66
100
0 16
0 4
0 7
0 46
0 2
0 24
0 12
0 41
0 59
0 18
0 19
0 5
0 56
0 58
0 26
0 70
0 35
0 68
0 51
0 25
0 9
50 15
50 74
50 40
50 75
50 51
50 13
50 67
50 53
50 6
50 47
50 45
50 12
50 69
50 57
50 27
50 46
50 77
50 78
50 68
50 4
50 48
50 9
50 76
22 23
22 75
22 77
22 76
22 73
22 37
22 3
22 28
22 26
22 7
22 74
22 9
22 72
22 16
22 21
22 45
22 69
68 3
68 32
68 19
68 53
68 29
68 73
68 72
68 61
68 60
68 58
68 6
68 45
68 39
68 26
68 65
68 10
68 4
68 17
68 69
68 27
68 9
68 52
68 44
68 75
68 46
57 79
57 32
57 47
57 23
57 73
57 65
57 16
57 9
57 19
57 75
57 7
57 2
57 6
57 33
