1
1
100
0 99
68 99
50 2
36 60
55 60
85 92
10 16
22 64
2 99
29 99
17 58
71 90
17 31
90 56
58 56
22 49
60 99
58 74
0 85
63 74
61 85
71 36
61 88
18 10
0 9
9 16
87 72
0 22
31 90
83 90
9 83
33 83
0 7
9 14
0 31
52 23
54 50
81 96
33 63
52 81
14 20
2 16
2 30
83 4
4 30
50 22
8 58
50 96
64 16
83 93
40 62
40 81
33 11
22 72
22 20
62 74
25 16
33 23
0 52
57 7
76 4
76 57
76 75
47 88
0 76
10 85
10 36
59 74
10 59
69 96
69 7
3 47
3 80
69 3
74 99
85 59
89 24
69 89
47 41
90 18
56 89
44 59
0 69
80 34
65 34
34 69
49 68
49 91
76 68
91 68
68 69
3 49
84 49
36 88
90 49
91 46
93 59
96 59
19 99
19 43
