1
1
100
0 66
42 99
42 66
0 9
24 99
2 66
42 3
42 4
5 66
6 66
7 66
42 8
9 66
10 66
11 66
12 66
42 13
14 66
42 15
16 66
42 17
18 66
19 66
0 42
0 77
0 67
0 73
0 21
0 34
5 35
5 32
5 83
0 5
0 84
16 89
16 78
0 16
0 33
46 66
12 20
46 27
0 46
0 76
0 92
0 80
0 96
0 30
0 95
0 56
0 75
0 51
0 63
0 53
12 87
42 25
26 66
12 42
12 46
26 57
26 54
26 71
26 42
7 37
26 7
2 62
26 2
26 81
12 73
12 26
12 98
12 25
12 39
12 50
12 15
41 66
12 41
12 89
12 55
12 92
10 29
10 55
12 10
0 32
0 98
0 12
0 43
57 66
57 96
57 42
57 40
57 49
57 71
57 80
57 33
57 56
57 60
57 53
57 21
57 35
57 73
