1
1
89
0 76
0 2
0 20
3 69
3 81
3 2
3 29
3 84
3 91
10 7
10 22
10 74
5 20
5 4
5 25
5 12
9 27
9 42
9 12
58 22
77 55
20 17
42 46
42 70
42 84
42 89
34 52
34 39
34 40
92 95
4 11
4 16
4 2
4 75
22 97
22 17
22 21
22 41
22 30
14 15
67 17
66 71
66 68
65 87
65 39
53 24
62 2
62 24
62 61
45 41
45 32
45 48
45 43
45 25
54 76
54 88
54 98
24 80
24 23
24 71
24 29
17 6
17 16
63 74
68 73
78 8
78 85
81 80
27 33
29 19
29 6
29 49
29 26
29 25
12 73
30 2
31 32
8 37
8 11
8 7
21 40
23 72
23 25
7 6
18 82
18 2
57 82
44 99
39 38
