1
1
100
96 99
95 99
0 4
0 3
98 99
96 97
4 87
89 87
98 87
30 87
19 97
92 97
53 97
87 97
74 97
89 97
96 64
84 64
74 64
96 88
96 49
98 49
92 88
91 88
49 88
67 88
61 64
65 97
56 49
61 49
91 49
45 49
51 49
88 64
67 10
72 12
12 10
49 97
10 97
96 25
42 25
94 25
4 59
54 59
93 59
40 59
87 59
38 59
74 59
44 59
61 59
94 59
93 96
93 98
93 45
93 92
93 17
49 38
49 89
93 49
2 93
29 45
29 87
29 68
2 29
41 91
41 90
2 41
86 42
2 86
2 62
59 25
62 32
59 62
4 96
67 96
59 65
75 76
75 67
59 75
52 75
52 15
4 16
52 44
52 17
52 95
52 10
52 42
52 67
2 52
12 53
96 90
54 90
65 90
44 90
92 3
84 3
94 90
18 90
68 90
