1
1
100
0 88
31 99
0 72
38 99
31 88
31 91
53 88
26 88
54 88
46 88
31 78
40 72
31 66
15 72
31 74
31 23
36 88
68 88
44 88
31 38
89 99
59 83
51 2
59 38
0 3
81 9
46 22
32 99
14 60
58 76
53 84
89 76
46 41
46 55
55 99
63 9
54 2
44 3
63 79
0 43
29 99
32 35
58 30
77 30
15 55
0 10
73 86
73 4
0 85
4 30
4 41
0 80
0 4
29 22
32 11
0 21
58 24
55 76
0 55
52 21
0 66
47 23
6 2
54 79
15 9
86 87
86 64
86 78
59 64
14 35
37 88
63 37
0 13
75 60
76 72
67 48
67 28
10 22
85 4
46 86
45 99
45 11
15 50
6 91
32 57
32 80
33 83
33 11
81 38
15 91
44 93
67 5
40 34
6 16
15 92
92 35
61 35
59 61
12 74
31 62
