1
1
100
0 68
0 46
0 66
75 99
16 99
75 68
75 46
75 66
51 99
15 99
0 63
75 2
3 68
4 68
75 5
75 6
75 7
8 68
75 9
10 68
75 11
75 12
13 68
75 14
75 17
75 18
0 75
0 11
0 62
0 93
0 48
0 52
0 55
0 57
0 71
0 83
0 18
2 46
2 66
0 2
51 68
0 51
0 60
0 64
0 5
0 38
0 61
0 87
0 21
58 68
58 46
0 58
0 72
0 45
0 91
0 15
32 68
0 32
0 29
0 76
0 67
17 46
0 17
0 4
26 68
26 46
0 26
0 50
80 68
0 80
44 68
44 46
0 44
3 46
3 66
3 79
3 65
20 68
21 46
22 68
23 68
24 68
75 25
0 3
74 68
0 74
39 68
0 39
0 24
0 19
70 68
0 70
0 16
13 46
13 66
13 83
13 92
13 9
75 27
28 68
