5
30
54
16
32
43
100
0 59
0 10
0 74
0 29
0 6
0 64
63 28
63 70
63 91
63 34
63 44
63 89
63 88
63 75
63 11
63 41
63 17
63 55
63 86
6 61
6 84
6 80
6 87
6 33
6 44
6 90
92 13
92 87
92 68
48 76
48 60
48 41
48 17
48 18
48 14
48 73
48 10
48 61
48 97
48 3
48 64
48 88
48 44
69 57
69 36
69 84
69 85
69 73
69 59
69 77
96 94
96 4
96 31
96 29
81 88
81 62
81 59
86 98
86 91
86 19
86 72
59 13
59 5
59 99
59 49
59 35
59 58
59 1
59 17
21 14
21 58
21 93
19 51
19 28
19 39
19 22
19 49
19 80
19 82
19 72
19 1
47 27
47 8
47 50
47 87
47 98
24 40
24 35
24 36
24 67
24 58
24 39
24 33
24 94
24 7
24 4
65 56
61 8
61 97
61 45
