0
100
0 12
0 11
0 61
0 13
0 86
0 94
0 97
71 79
71 15
71 54
71 44
71 88
64 74
64 19
64 29
14 60
14 51
14 57
14 37
14 29
14 77
7 80
7 86
7 44
7 23
7 58
7 90
7 92
43 81
43 34
43 24
43 40
43 95
43 18
5 96
5 58
5 21
5 78
5 67
25 74
25 2
25 82
25 67
25 90
93 22
98 52
98 49
98 18
98 72
19 22
19 6
19 65
19 86
91 47
91 9
91 70
91 77
29 55
29 48
29 94
29 30
29 61
29 77
69 72
69 77
69 18
69 35
12 26
12 16
12 58
12 56
12 97
12 27
12 2
12 67
37 67
37 84
37 68
37 4
78 11
78 99
78 23
78 65
78 42
38 99
38 89
38 86
38 22
38 60
38 28
47 82
47 73
47 57
47 84
47 49
47 66
92 36
92 34
92 20
72 35
