1
1
100
0 18
0 29
71 18
0 20
0 33
0 13
0 84
0 53
0 26
0 73
18 99
68 99
6 99
77 99
12 99
18 70
17 70
76 99
17 99
0 36
61 99
70 99
0 67
0 71
51 99
16 99
0 38
27 99
44 43
30 43
95 43
43 99
75 99
0 21
87 99
84 99
39 11
67 11
18 3
45 3
65 3
52 3
48 3
2 3
92 3
72 11
40 11
93 11
77 11
74 11
98 3
96 11
35 11
3 11
27 11
11 99
47 99
0 99
0 87
0 62
0 44
42 99
36 99
0 63
0 37
48 99
0 8
0 77
13 99
67 78
22 78
33 78
58 78
81 78
56 78
88 78
18 10
8 10
51 10
19 10
22 10
6 10
73 10
85 78
10 78
55 78
53 78
42 78
17 78
50 78
78 99
73 99
0 57
0 66
21 99
4 34
22 34
63 34
27 3
6 3
