1
1
100
0 72
88 98
88 72
86 98
0 32
0 69
88 2
3 72
0 88
0 41
0 65
0 30
0 63
0 38
0 54
0 22
0 6
0 23
0 84
7 72
7 43
7 88
7 78
7 79
7 27
7 91
7 25
7 29
7 9
7 16
7 23
7 60
7 75
39 72
39 14
7 39
7 81
0 33
7 62
7 83
0 56
0 7
0 16
0 40
0 25
0 26
80 72
80 19
80 27
80 89
80 69
8 72
88 9
80 88
80 18
80 39
80 15
80 84
80 98
80 35
80 57
80 79
80 96
80 91
80 90
73 72
73 2
73 75
73 42
0 80
36 72
36 48
88 13
0 36
0 29
9 72
9 18
9 45
9 52
9 53
9 47
9 6
9 59
9 68
9 37
9 67
9 17
9 11
9 97
51 72
51 26
88 15
9 51
89 72
89 82
89 86
89 88
89 40
89 25
89 90
