5
23
60
36
8
3
100
0 52
0 41
0 58
0 16
0 20
0 40
0 22
0 67
0 73
0 79
0 33
0 61
0 6
0 38
0 77
0 32
0 51
0 83
0 53
0 10
0 14
0 64
0 72
0 55
0 86
0 66
0 25
0 92
0 48
0 46
0 89
0 19
0 44
0 63
0 26
0 34
0 17
0 91
0 50
0 29
0 49
0 76
0 7
0 43
0 62
0 65
0 1
0 75
0 78
0 12
0 85
0 69
0 35
0 80
0 57
0 71
0 93
0 21
0 27
0 2
0 13
0 81
0 87
0 24
0 74
0 68
0 31
0 70
0 39
0 28
0 37
0 54
0 18
0 45
0 11
0 59
0 82
0 9
0 4
0 56
0 88
0 30
0 47
0 15
0 90
0 84
0 42
5 59
5 71
5 38
5 58
5 17
5 34
5 39
5 26
5 2
5 63
5 74
5 73
5 47
