1
1
100
46 99
68 99
0 25
46 25
25 99
89 99
38 99
83 99
8 99
90 99
68 43
46 43
59 43
74 43
43 99
34 99
98 99
9 99
95 99
21 99
68 79
46 79
2 79
79 99
45 99
59 99
11 99
13 99
16 99
62 99
28 99
29 99
27 99
31 99
72 99
96 99
88 99
57 99
42 26
26 99
68 54
54 99
74 99
91 99
67 99
49 99
68 77
77 99
68 75
75 99
20 99
86 99
68 71
71 99
73 99
82 99
68 78
78 99
53 99
66 99
44 99
46 3
68 3
0 42
3 99
12 99
30 99
46 70
68 70
31 70
47 70
25 70
45 70
88 70
37 70
10 70
16 70
61 70
51 70
71 70
80 70
62 70
68 34
34 70
85 70
33 70
30 70
79 70
44 70
17 70
93 70
68 7
7 70
52 70
27 70
64 70
75 70
9 70
5 70
65 70
