1
1
100
0 99
84 99
93 83
46 15
14 76
53 76
14 38
68 76
17 68
40 96
11 17
45 76
36 39
11 98
36 80
0 73
0 25
95 39
84 92
95 89
25 69
28 11
39 99
89 9
94 99
96 64
59 84
82 12
59 50
53 14
72 12
76 67
86 94
75 97
33 53
22 64
52 69
78 73
78 93
23 24
7 45
7 35
35 31
29 97
35 12
82 59
0 6
4 86
2 9
82 28
64 99
9 31
12 10
14 69
72 97
4 10
83 60
68 99
86 92
64 80
39 80
17 96
75 91
89 84
91 86
74 38
89 39
56 43
74 34
79 34
62 34
88 80
89 56
89 20
75 27
49 27
37 38
55 26
85 83
21 85
31 62
49 5
42 47
47 5
2 10
30 54
47 8
30 40
30 8
67 99
61 59
98 39
54 34
34 39
9 92
35 29
26 54
38 92
37 21
96 80
