0
100
0 90
0 21
0 35
0 87
0 86
0 93
0 7
0 52
0 79
0 69
0 32
0 61
0 19
0 54
0 24
0 23
0 14
0 71
0 20
0 59
0 84
0 77
0 99
0 88
0 47
0 22
0 4
0 72
0 25
0 91
0 57
0 58
0 37
0 30
0 17
0 98
0 33
0 3
0 67
0 49
0 39
0 65
0 34
0 12
0 50
0 81
0 83
0 27
0 26
0 97
0 64
0 31
0 70
0 92
0 45
0 60
0 2
0 74
0 68
0 38
0 55
0 40
0 11
0 89
0 94
0 18
0 46
0 15
0 8
0 16
0 80
0 41
0 13
36 38
36 33
36 34
36 16
36 41
36 65
36 59
36 11
36 24
36 60
36 28
36 91
36 17
36 80
36 35
36 47
36 78
36 40
36 67
36 73
36 29
36 27
36 98
36 14
36 74
36 92
36 70
