1
1
93
0 5
2 7
4 9
6 11
8 10
8 13
5 7
10 12
15 17
15 20
13 18
11 9
16 14
16 18
21 26
21 19
23 25
23 18
28 26
28 33
30 32
30 25
35 37
35 33
40 38
40 42
45 43
45 50
47 42
47 49
52 57
52 54
50 55
48 53
48 46
43 41
38 36
31 36
31 29
24 29
24 22
19 17
14 12
22 27
27 29
32 37
34 36
39 41
39 44
44 49
51 53
51 56
54 56
59 61
59 57
64 69
64 62
66 68
66 61
71 73
71 69
76 74
76 81
78 80
78 73
83 85
83 81
88 86
88 90
93 91
93 95
96 94
91 89
86 84
79 84
79 77
74 72
67 72
67 65
62 60
55 60
58 60
58 63
63 65
68 70
75 77
75 80
82 84
82 87
85 90
87 89
92 94
92 97
