1
1
100
0 94
16 99
0 58
16 94
16 58
0 11
0 95
71 99
2 94
16 3
16 4
16 5
6 94
7 94
16 8
9 94
16 10
16 11
16 12
16 13
14 94
15 94
17 94
16 18
16 19
20 94
94 99
16 22
23 58
16 24
58 99
91 99
25 99
23 99
38 99
73 99
16 74
76 74
55 74
44 4
76 4
74 99
70 99
2 99
62 99
0 99
96 99
35 99
36 99
97 99
87 99
51 99
95 99
17 99
68 99
89 99
76 99
16 48
48 99
16 46
63 46
73 46
46 99
57 99
44 99
79 99
61 99
59 99
3 99
98 99
6 99
16 80
80 99
27 99
54 99
75 99
16 30
33 30
30 99
72 99
66 99
14 99
65 99
41 99
88 99
77 99
16 78
43 78
78 99
16 85
71 85
36 85
68 11
83 85
16 34
16 37
16 39
40 94
85 99
16 26
