1
1
100
0 95
0 15
49 99
48 99
0 89
95 99
0 48
49 15
2 15
49 3
4 15
5 15
6 15
49 7
8 15
49 9
49 10
11 15
15 99
78 99
69 99
12 99
93 99
11 99
35 99
40 99
91 99
72 99
24 99
96 99
49 33
39 33
49 48
33 99
52 99
73 99
27 99
36 99
85 99
66 99
30 99
77 99
90 99
43 7
60 7
7 99
29 99
41 99
49 79
79 99
49 37
95 37
49 13
14 15
49 16
49 17
37 99
49 2
95 2
48 2
58 2
62 2
71 2
60 2
74 2
29 2
3 2
52 2
73 2
69 2
84 2
89 2
31 2
81 2
6 2
49 93
95 93
15 93
93 2
92 2
72 2
88 2
61 2
49 64
64 2
43 2
66 13
13 2
57 2
49 70
42 70
87 70
95 70
49 22
15 70
49 25
70 2
53 2
41 2
49 75
