1
1
100
0 53
66 74
0 32
0 40
15 74
66 53
32 74
0 20
66 2
3 53
0 66
0 7
0 69
0 38
0 11
0 4
0 48
0 46
58 53
32 53
58 38
5 53
0 58
0 60
0 62
0 6
0 21
0 61
0 51
0 73
0 36
8 53
8 48
0 8
35 53
0 35
0 64
10 53
10 41
66 9
0 10
55 53
55 34
0 55
0 33
24 53
66 12
0 24
15 53
15 32
13 53
14 53
66 16
0 15
0 17
0 44
0 23
29 53
29 41
18 53
32 9
0 29
13 32
66 20
0 13
28 53
28 74
28 66
12 53
16 53
32 17
32 19
0 28
0 54
43 53
43 67
0 43
12 6
32 21
22 53
32 23
0 12
56 53
0 56
0 68
26 53
27 53
18 32
0 18
0 72
59 53
59 66
59 32
59 73
59 19
59 38
59 12
59 31
59 34
52 53
