1
1
100
0 57
0 52
0 6
0 9
0 64
0 66
0 69
0 70
0 92
7 16
7 88
57 99
52 99
3 99
33 75
33 76
22 99
48 8
48 76
48 11
48 34
48 38
48 54
0 33
88 99
56 8
59 99
76 99
89 99
7 43
48 32
56 64
7 64
48 55
56 86
7 96
8 99
56 87
57 11
0 48
56 57
52 16
25 99
57 34
59 54
52 34
35 99
0 7
0 56
21 4
0 21
54 99
54 16
54 34
54 38
54 75
54 11
54 24
54 29
54 35
54 94
4 99
75 99
16 99
11 99
38 99
54 64
15 99
13 99
47 99
57 65
65 99
6 34
54 6
54 19
6 99
54 42
24 34
57 29
29 34
73 34
66 34
0 39
39 99
0 95
95 99
54 97
57 97
97 99
57 36
36 99
55 99
70 99
84 99
92 99
54 10
10 34
54 85
85 34
15 34
