1
1
100
0 11
58 99
58 11
0 26
58 2
58 3
0 58
0 89
0 14
0 67
0 61
0 88
0 50
0 81
16 11
16 7
16 64
16 80
58 5
0 16
0 85
0 90
0 65
0 68
0 93
20 11
20 33
20 77
20 24
20 67
58 7
58 8
58 9
58 10
0 20
0 24
0 34
0 36
25 11
25 68
0 25
0 94
0 19
0 51
92 11
92 67
92 26
92 58
92 83
92 59
92 64
92 73
92 54
92 66
92 68
92 48
92 31
92 62
92 81
92 14
92 10
92 35
92 41
92 52
92 2
92 37
92 8
92 38
92 84
92 65
92 44
92 34
92 7
0 92
0 76
0 78
0 12
0 40
0 54
0 29
0 18
0 44
0 64
91 11
15 11
58 17
58 18
91 58
91 36
91 73
91 13
91 9
91 77
91 20
91 5
91 53
91 3
91 66
91 21
91 37
