1
1
100
0 11
0 12
0 13
0 14
0 15
0 17
0 19
0 21
0 23
0 25
0 27
0 29
0 31
0 33
0 34
0 38
0 42
0 46
50 99
54 99
58 99
62 99
66 99
67 99
68 99
69 99
70 99
71 99
72 99
73 99
74 99
75 99
76 99
77 99
78 99
79 99
80 99
81 99
82 99
83 99
84 99
85 99
86 99
87 99
88 99
89 99
90 99
91 99
92 99
93 99
94 99
95 99
96 99
97 99
98 99
0 5
0 8
0 9
0 10
50 11
54 11
58 11
62 11
66 11
67 11
68 11
69 11
70 11
71 11
72 11
73 11
74 11
75 11
76 11
77 11
78 11
79 11
80 11
81 11
82 11
83 11
84 11
85 11
86 11
87 11
88 11
89 11
90 11
91 11
92 11
93 11
94 11
95 11
96 11
97 11
98 11
50 12
54 12
58 12
62 12
