0
100
0 18
0 9
0 65
28 21
28 53
28 32
38 41
38 71
38 20
38 63
60 76
60 39
60 17
60 52
60 85
60 31
60 64
66 70
66 88
66 8
95 88
95 18
95 63
95 55
95 30
95 68
93 87
93 36
93 39
93 18
93 19
93 65
93 7
93 21
2 59
2 18
2 44
2 30
97 41
97 59
97 16
97 14
6 3
6 77
6 91
6 63
6 56
65 49
65 39
65 78
65 61
65 1
47 70
47 20
47 88
47 8
40 22
40 63
40 46
40 85
40 12
40 15
40 59
40 98
27 20
27 90
27 94
27 7
27 67
27 79
15 1
15 14
15 49
15 80
31 37
31 32
31 49
55 64
55 1
11 8
11 21
11 54
11 98
11 26
11 14
11 58
83 57
83 92
83 90
83 24
39 99
39 29
39 82
39 52
98 67
98 3
98 91
52 71
52 42
52 12
