1
1
100
38 99
11 99
90 99
0 44
17 99
94 99
6 99
4 66
38 44
43 44
66 99
10 99
84 99
60 55
38 86
44 55
27 55
95 55
32 55
83 55
15 55
35 55
75 99
55 99
71 99
91 98
8 98
96 98
28 98
87 98
64 98
90 98
51 77
36 77
90 77
95 77
61 77
77 98
40 98
94 98
46 98
89 98
68 99
74 99
63 99
98 99
41 99
79 99
21 99
34 99
39 73
74 73
72 73
35 86
75 73
86 73
95 73
85 73
22 12
12 73
40 73
10 73
78 73
49 73
45 73
38 11
83 11
32 11
38 23
11 73
93 73
30 99
32 99
87 99
60 99
65 99
84 56
8 56
69 56
56 99
37 44
31 44
73 99
38 42
86 99
9 99
46 48
48 99
19 99
53 99
64 99
38 2
44 2
89 2
28 92
92 2
26 2
91 2
33 2
87 2
