1
1
100
19 42
42 97
23 97
18 97
87 97
0 65
32 97
2 97
69 97
59 97
20 65
84 65
0 19
91 65
57 47
0 57
10 14
0 10
0 84
64 65
0 4
0 69
14 97
24 97
45 97
12 9
39 9
34 9
19 91
85 79
79 9
37 35
27 74
24 74
31 74
74 35
42 81
18 81
35 9
54 9
23 9
65 50
59 95
33 95
19 15
95 50
13 50
15 50
67 50
50 9
19 57
57 9
0 45
0 20
0 79
95 86
95 92
95 88
95 23
95 84
41 38
49 70
49 28
96 20
96 2
49 96
95 49
95 36
95 17
95 83
21 42
95 54
95 8
95 66
95 78
95 57
51 67
51 17
51 2
51 7
51 92
51 66
51 62
51 39
82 4
82 71
53 91
82 53
69 91
82 69
82 36
82 44
63 36
63 47
63 84
63 78
82 63
51 82
95 51
0 95
