1
1
100
58 81
9 58
21 98
44 58
21 8
9 22
44 87
9 72
9 54
21 78
40 8
54 58
72 58
40 95
48 95
79 22
16 25
72 22
16 87
9 79
79 57
44 54
54 22
9 98
40 44
98 22
4 81
4 58
4 25
4 18
76 95
71 95
16 24
27 24
16 27
71 66
48 76
71 76
84 66
17 66
24 25
71 17
48 84
66 95
27 25
84 17
27 17
9 44
8 44
8 98
72 44
48 44
84 16
40 84
98 44
8 48
40 48
71 48
21 40
21 63
73 63
49 63
0 63
8 78
73 78
49 78
78 63
78 40
58 60
25 81
58 87
22 80
25 18
25 87
49 77
73 77
30 77
0 33
33 77
49 33
77 63
0 77
30 36
21 73
49 73
30 73
3 36
36 77
8 72
54 72
79 72
23 32
8 54
79 54
40 71
98 54
98 40
98 72
9 8
36 73
