1
1
100
64 95
61 95
0 83
64 83
61 83
11 95
61 31
31 95
61 2
2 83
83 95
3 95
52 95
62 95
61 57
57 95
70 95
16 95
74 95
13 95
14 95
79 95
44 95
77 95
85 95
64 25
25 95
76 95
21 95
64 28
28 95
68 95
61 41
41 95
61 45
64 45
61 4
45 95
61 78
64 78
47 78
56 78
78 95
17 95
66 95
58 95
20 95
64 32
32 95
51 95
73 95
92 95
61 55
55 95
61 67
64 67
80 67
64 5
83 67
91 67
43 67
85 67
32 67
49 67
17 67
50 67
36 67
56 67
54 67
57 67
13 67
16 67
92 67
21 67
94 67
34 67
53 67
26 67
88 67
6 67
33 67
2 67
7 83
78 67
5 67
59 95
93 67
88 95
94 95
64 35
67 95
19 95
93 95
38 95
71 95
64 80
61 80
24 80
3 80
83 80
