1
1
100
0 24
0 45
24 99
68 99
63 99
65 99
0 89
12 99
0 80
0 86
0 2
53 99
62 99
0 46
89 99
98 99
24 26
41 26
0 63
33 24
33 34
33 64
33 2
33 95
33 73
33 10
33 8
33 92
9 99
26 99
33 35
33 75
7 99
0 3
0 17
46 99
0 35
0 31
0 33
96 24
96 19
96 62
96 13
96 43
96 21
96 50
96 75
96 70
96 35
96 85
96 54
96 58
26 79
96 12
96 92
96 26
96 65
96 5
60 99
82 99
0 79
41 24
41 69
41 58
41 77
41 3
41 95
41 62
41 5
41 48
41 16
41 21
97 24
97 93
41 93
97 85
41 97
41 67
41 12
54 99
0 77
0 96
25 99
0 81
0 32
61 24
61 66
61 90
61 38
61 60
61 35
61 80
61 83
61 85
61 95
61 57
61 31
61 29
61 50
61 14
