1
1
100
0 7
0 5
56 64
0 4
2 10
31 39
22 30
0 2
26 30
3 11
3 7
10 18
3 10
3 9
11 18
16 24
49 56
20 26
3 5
19 24
12 16
91 99
98 99
60 69
19 25
94 99
92 99
28 35
34 43
96 99
28 37
95 99
19 23
31 38
40 47
34 38
26 32
82 90
19 28
33 41
12 19
12 10
11 19
16 25
25 32
25 33
3 12
75 83
6 11
17 25
10 19
35 39
10 17
42 47
48 56
14 19
44 52
27 34
67 74
50 56
57 65
39 47
18 26
35 42
11 20
22 26
35 41
90 99
14 22
53 62
69 78
78 87
73 79
80 87
73 81
44 50
91 93
82 87
74 79
41 47
83 87
66 74
44 47
0 6
74 81
16 22
44 51
84 87
51 59
8 16
68 75
53 60
75 79
93 99
57 64
91 97
90 97
53 55
91 98
50 59
