1
1
100
0 49
54 93
54 49
54 2
3 49
54 4
54 5
6 49
7 49
8 49
9 49
54 10
54 11
54 12
13 49
54 14
15 49
54 16
49 93
53 93
23 93
34 93
54 67
41 67
61 67
25 67
18 49
67 93
89 93
17 93
20 93
81 93
38 93
54 65
7 65
21 49
65 93
74 93
28 93
54 84
22 84
24 49
84 93
30 93
26 93
31 2
85 2
39 2
88 2
2 93
79 93
45 93
37 93
56 93
54 83
35 83
63 83
49 83
36 83
77 83
92 83
91 83
16 83
66 83
86 83
53 83
55 83
52 11
64 11
87 11
11 83
18 83
47 83
89 83
54 31
31 83
87 5
82 5
5 83
24 83
31 93
54 80
53 80
54 73
24 80
83 93
3 93
54 90
86 90
49 90
14 90
84 90
51 90
24 90
81 90
70 90
89 90
56 90
47 90
75 90
