1
1
100
0 75
0 30
0 48
0 96
75 99
79 99
24 99
17 88
45 99
20 99
4 99
0 17
98 60
89 99
34 99
87 99
0 70
0 34
10 99
0 68
39 99
0 26
0 87
83 99
6 99
73 99
53 99
25 99
75 59
11 59
41 59
36 59
12 59
32 59
48 59
71 59
49 59
73 59
75 96
58 96
17 96
25 96
51 96
39 96
38 96
22 96
83 96
58 59
28 96
54 59
96 59
59 99
60 96
4 96
15 96
0 82
94 75
94 86
94 10
94 40
94 98
94 12
94 25
94 78
94 68
94 34
94 69
37 96
75 8
6 8
62 8
60 8
42 8
50 8
3 8
63 8
44 8
43 8
66 8
46 8
26 8
0 10
42 62
0 94
62 96
65 5
0 4
5 99
58 8
8 96
0 22
0 27
0 63
22 99
51 99
96 99
57 33
42 99
0 57
0 92
