1
1
100
0 51
95 96
9 96
95 51
11 96
0 22
95 2
51 96
62 96
95 28
28 96
40 96
56 96
95 89
70 89
5 89
89 96
4 96
10 96
15 96
22 96
27 96
65 96
20 96
30 96
55 96
64 96
66 96
74 96
49 96
67 96
33 96
95 72
7 51
72 96
95 57
40 57
95 12
57 96
83 96
26 96
95 60
15 60
65 60
51 60
95 29
24 12
80 12
19 12
43 29
29 60
12 60
89 60
39 60
94 60
16 60
37 60
41 60
9 60
95 36
15 36
36 60
76 60
95 75
5 75
95 23
75 60
85 60
13 60
78 96
71 60
31 51
57 60
84 96
95 14
79 14
78 14
34 51
35 51
38 51
42 51
44 51
45 51
14 96
60 96
95 80
7 80
95 47
80 96
50 51
95 52
95 53
95 54
12 96
91 96
95 69
5 69
71 69
51 69
85 69
