1
1
100
54 89
0 4
0 60
5 28
28 89
7 12
86 60
87 89
54 19
12 19
7 33
8 19
11 19
27 89
52 66
7 73
73 66
87 66
16 66
39 66
45 62
62 14
60 40
7 65
60 65
52 65
13 65
86 59
59 76
70 76
72 76
84 76
14 66
19 89
9 33
81 89
86 64
64 89
14 40
65 40
48 40
69 2
82 2
58 2
23 2
7 52
7 5
11 2
71 36
38 36
12 68
68 36
25 36
32 36
52 36
16 37
70 37
86 37
54 77
77 37
4 37
69 37
67 37
83 37
2 40
54 18
33 18
62 18
20 18
32 18
0 18
54 16
16 18
17 24
42 24
10 24
64 24
35 30
24 18
78 29
41 60
29 18
20 76
55 76
88 76
17 18
32 12
76 18
9 50
39 50
69 50
48 53
51 53
53 50
60 51
12 61
32 61
31 51
86 51
30 51
