1
1
100
0 62
84 95
0 22
9 95
91 95
84 62
22 95
12 95
70 95
0 61
0 84
0 10
0 83
0 72
0 27
0 46
0 2
0 21
0 58
47 62
47 75
22 62
47 52
0 47
0 53
0 67
0 57
0 51
0 25
0 86
90 62
90 64
0 90
0 78
0 24
69 62
69 25
69 91
84 5
69 22
0 69
0 74
0 82
0 39
88 62
88 25
88 91
88 84
22 3
88 22
88 35
88 53
88 74
88 87
88 23
88 50
88 95
88 94
88 57
88 17
88 9
60 62
60 91
88 60
83 62
83 21
83 50
83 52
10 62
83 22
88 83
88 85
0 94
0 88
7 62
7 86
7 89
7 22
84 13
84 14
0 7
0 80
0 6
0 9
14 62
0 14
42 62
42 16
42 64
42 80
42 12
42 75
42 84
42 22
42 93
42 90
42 13
42 32
42 3
42 20
