1
1
100
0 6
0 92
3 6
3 34
3 90
69 49
69 14
3 69
3 7
3 74
3 63
20 61
20 79
20 13
60 92
60 89
20 94
0 20
0 14
0 3
0 16
75 99
75 6
35 6
0 22
0 44
0 49
0 10
9 75
9 4
9 2
9 34
9 91
9 44
9 89
9 79
9 33
9 15
32 89
32 82
32 63
9 32
96 90
96 53
9 96
9 76
97 18
97 75
97 44
97 19
97 34
87 41
97 87
97 53
42 19
42 77
55 67
42 55
97 42
97 31
97 50
97 58
36 41
97 36
97 35
97 49
62 81
64 57
64 53
64 31
87 13
62 64
97 80
30 26
30 13
98 10
30 98
30 4
30 64
17 81
30 17
30 39
30 11
30 41
31 67
31 20
30 15
17 89
17 66
17 72
17 16
17 29
97 30
97 62
97 52
97 17
97 41
75 89
97 32
17 15
