1
1
100
0 35
79 99
53 99
42 62
70 99
79 37
62 37
89 42
35 3
2 87
41 65
35 50
41 53
2 34
72 93
95 88
35 74
28 82
15 95
15 19
96 28
58 62
58 93
45 20
48 68
68 6
58 45
96 48
4 27
5 40
4 81
34 88
5 81
19 54
11 90
95 17
73 33
6 92
28 54
78 44
36 54
49 78
89 2
7 12
54 33
42 87
11 40
11 86
6 93
95 74
78 12
9 42
87 62
76 93
76 28
20 90
76 57
76 15
96 68
39 92
10 88
7 55
15 51
56 10
64 51
50 69
14 55
14 73
58 48
19 39
80 46
35 8
91 49
27 48
89 96
6 70
6 73
74 31
4 43
19 56
80 56
47 88
49 85
63 57
47 66
55 93
29 30
0 72
11 5
44 92
42 90
86 94
93 79
12 17
85 87
43 77
22 77
49 66
21 47
34 73
