1
1
100
4 98
32 98
0 87
0 78
61 98
32 87
4 87
40 98
0 21
0 26
36 87
4 2
2 87
36 60
87 98
15 98
45 98
67 98
8 98
37 98
38 98
91 98
92 98
43 98
53 98
68 98
5 98
72 98
4 96
96 98
24 98
25 98
59 98
7 98
93 98
57 98
4 74
74 98
69 98
32 82
4 82
31 82
51 82
38 82
96 82
87 82
71 82
0 36
36 82
32 27
27 82
73 82
4 11
11 82
35 82
95 82
49 82
39 82
37 82
32 47
47 82
29 82
4 88
88 82
3 82
32 59
59 82
14 82
6 82
85 82
30 82
58 82
66 82
50 82
78 82
72 82
86 82
69 82
4 94
32 94
94 82
2 82
78 98
82 98
28 98
32 49
4 49
12 49
87 49
58 49
5 49
3 49
7 49
32 16
16 49
32 92
92 49
43 49
73 49
36 49
