1
1
100
92 96
77 96
0 6
0 39
92 6
6 96
89 96
53 96
27 96
57 96
20 96
58 96
33 96
24 96
43 96
77 29
92 29
29 96
39 96
37 96
95 96
81 96
12 96
75 96
64 96
77 69
69 96
15 96
34 96
70 96
92 30
30 96
0 36
36 96
51 96
74 96
77 47
47 96
86 96
67 96
7 96
92 90
90 96
46 96
0 77
92 76
2 76
92 77
76 96
94 96
73 96
92 48
36 48
77 48
6 48
42 48
92 91
68 91
91 48
35 48
68 48
26 48
64 48
12 48
73 48
92 51
53 51
13 51
4 51
51 48
75 48
43 48
70 29
29 48
0 48
82 48
7 48
34 48
8 48
27 48
38 48
79 48
80 48
57 48
58 48
67 48
22 48
3 48
92 13
27 13
10 77
92 11
92 14
15 6
92 16
17 77
13 48
33 48
62 48
53 48
