1
1
100
0 67
77 35
49 26
77 49
65 99
65 67
19 52
34 48
84 62
51 35
28 34
4 99
41 48
48 49
49 97
37 48
38 47
38 19
9 34
9 63
75 67
75 8
77 28
46 38
11 67
25 91
85 84
82 60
4 41
37 24
85 9
46 25
64 58
58 52
9 82
72 8
4 83
94 17
91 90
35 67
16 13
48 39
51 26
51 34
77 29
62 4
24 68
49 6
2 68
77 37
6 68
94 46
64 9
17 27
27 16
91 66
90 17
76 71
23 46
64 24
77 62
4 36
34 71
55 97
34 55
18 75
2 20
72 17
47 58
34 18
22 17
78 73
98 78
73 90
73 52
78 18
78 33
78 14
89 23
25 33
8 13
87 10
87 93
41 69
79 10
31 86
64 31
27 89
55 18
3 16
3 86
51 8
30 33
69 47
49 37
16 66
35 63
78 30
42 30
23 68
