1
1
100
0 46
42 99
0 52
0 86
0 83
0 56
42 46
42 52
0 42
0 18
0 23
0 43
0 68
0 13
0 33
0 8
0 28
0 54
0 10
0 50
0 25
0 98
0 95
39 46
0 39
0 2
21 46
21 52
0 21
0 64
0 6
0 47
0 97
0 69
58 46
0 58
0 80
73 46
0 73
0 67
0 65
0 5
0 89
7 46
7 52
0 7
0 38
85 46
85 52
0 85
0 17
71 46
71 52
0 71
0 66
0 36
0 78
0 90
0 4
0 94
60 46
0 60
0 81
0 24
0 82
0 99
0 45
37 46
37 52
0 37
16 46
16 52
16 86
0 16
0 59
29 46
0 29
0 74
0 35
0 15
0 49
20 46
20 52
0 20
31 46
31 52
31 86
0 31
0 62
92 46
92 52
92 86
92 83
92 56
92 55
92 42
92 16
92 97
92 50
76 46
