5
16
76
20
55
80
100
0 60
0 15
0 93
0 42
0 67
0 10
0 28
0 53
0 7
0 71
0 82
0 57
0 12
0 68
0 9
0 91
73 81
73 40
73 31
73 37
73 53
73 64
73 83
73 34
73 89
73 75
73 45
73 62
73 1
73 77
73 41
73 78
73 2
73 17
73 63
51 74
51 42
51 1
51 69
51 91
51 4
51 75
51 89
51 63
51 3
51 67
51 90
51 8
51 15
51 46
51 13
51 10
51 59
51 5
51 52
51 49
51 37
51 21
51 61
53 35
53 68
53 27
53 93
53 72
53 33
53 10
53 90
53 87
53 3
53 59
53 43
53 95
53 74
53 22
53 12
53 13
53 30
53 41
17 77
17 90
17 85
17 46
17 19
17 84
17 34
17 88
17 44
17 68
17 38
17 54
17 69
17 64
17 61
17 11
17 9
17 74
17 33
17 1
17 37
24 18
