1
1
100
74 94
39 94
0 87
74 87
87 94
29 94
6 94
3 94
84 94
38 94
39 41
41 94
9 94
25 94
13 94
62 94
69 94
74 73
73 94
74 70
70 94
71 94
5 94
74 67
67 94
15 94
17 94
86 94
32 94
2 94
7 94
63 94
91 94
4 94
49 94
35 94
39 21
74 21
21 94
74 52
52 94
82 94
39 19
19 94
8 94
44 94
39 60
74 60
87 60
18 60
53 60
30 60
49 60
93 60
22 60
76 60
85 60
15 60
83 60
92 60
72 60
74 64
64 60
43 60
5 60
13 60
6 60
3 60
39 20
74 20
20 60
90 60
39 88
88 60
86 60
2 60
56 60
74 62
62 60
55 60
12 60
0 60
32 60
39 66
66 60
67 60
19 60
71 60
74 38
38 60
74 40
40 60
25 60
73 60
28 94
39 18
74 18
18 94
74 47
39 47
