1
1
94
0 34
0 49
0 85
0 70
0 15
0 52
31 11
31 63
2 83
2 5
43 7
43 99
21 56
21 83
21 45
63 69
98 93
98 10
98 59
98 72
66 36
66 15
68 32
68 40
82 14
82 79
24 9
24 12
33 53
62 16
62 9
40 69
40 11
40 67
5 4
64 7
91 70
91 76
91 10
41 15
87 27
87 56
87 58
25 12
44 4
50 23
54 89
54 83
54 8
35 71
35 27
77 72
45 32
13 32
13 39
23 26
23 97
72 79
39 67
95 60
74 3
74 57
22 96
22 30
70 28
70 65
70 48
70 59
70 7
70 20
70 88
36 56
56 30
73 47
34 47
34 60
34 48
34 71
65 85
81 57
60 80
90 37
78 69
6 8
3 59
3 75
83 51
76 32
51 7
51 93
51 17
61 47
27 59
17 97
