0
100
0 63
0 61
0 62
0 3
0 4
0 1
2 3
2 1
2 61
2 62
2 63
6 61
6 63
6 5
6 10
6 62
7 63
7 62
7 61
7 8
7 3
11 61
11 62
11 63
11 10
11 15
12 61
12 62
12 63
12 8
16 15
20 24
19 18
19 15
23 22
23 27
24 28
29 33
29 30
25 21
26 22
26 27
30 31
34 35
34 33
38 37
38 42
39 43
39 35
39 40
41 37
41 42
45 49
46 50
46 47
43 47
44 48
36 35
32 31
63 65
63 64
63 8
63 54
63 56
63 1
63 55
63 3
63 5
63 49
63 51
63 9
63 53
63 59
63 60
63 50
63 57
63 58
63 4
63 52
10 62
10 9
10 61
14 13
18 17
9 61
9 62
5 62
5 61
1 61
62 53
62 58
62 3
62 52
62 60
62 55
62 49
62 65
62 56
62 54
62 59
