1
1
100
0 72
70 99
70 72
70 67
70 91
72 99
69 99
54 99
32 99
80 99
47 99
64 99
90 99
8 99
29 33
40 33
66 33
45 33
2 41
5 41
70 12
41 33
26 33
15 33
56 99
41 99
70 9
30 9
46 9
53 9
33 99
74 99
14 22
22 99
86 99
26 99
15 99
23 99
39 72
84 99
70 77
96 77
53 77
53 81
63 81
70 58
81 77
59 77
79 77
8 77
70 83
10 83
94 83
83 77
7 48
49 48
10 48
17 48
95 48
87 48
13 48
24 48
84 48
96 82
72 82
2 82
14 82
41 82
82 48
93 72
22 48
48 77
88 77
66 77
17 77
5 18
70 21
28 72
18 77
42 72
9 99
65 77
34 77
77 99
16 99
59 99
81 58
19 58
92 58
52 72
18 58
46 58
15 58
57 58
29 91
91 58
98 58
96 58
30 58
94 58
