1
1
100
0 30
0 86
0 25
0 57
0 34
0 46
0 7
0 9
0 8
0 35
0 33
0 17
0 28
0 43
0 44
0 95
0 29
0 97
0 81
0 65
0 52
0 85
0 5
0 80
0 19
0 53
0 69
0 62
0 23
0 83
0 89
0 6
0 64
0 37
0 18
0 71
0 42
0 12
0 76
0 77
0 32
0 49
0 98
0 54
0 73
0 47
0 36
0 59
0 48
0 58
0 21
0 96
0 45
0 88
0 84
0 3
0 66
0 40
0 27
0 87
0 56
0 60
0 82
0 72
0 50
0 91
0 13
15 86
15 87
15 92
15 25
15 61
15 69
15 18
15 90
15 39
15 11
15 44
15 41
15 46
15 97
15 47
15 48
15 2
15 5
15 55
15 56
15 66
15 59
15 10
15 52
15 51
15 6
15 94
15 72
15 91
15 49
15 37
15 45
15 81
