1
1
100
0 92
0 48
0 95
21 8
21 37
32 79
32 50
32 7
32 19
32 36
65 17
65 57
65 51
65 84
65 88
65 91
65 68
78 55
87 60
87 47
87 26
87 86
87 69
68 42
68 6
46 89
46 85
46 41
90 10
90 36
90 58
90 41
76 35
76 17
76 20
2 34
2 29
2 7
2 4
2 75
2 26
2 36
2 88
41 74
41 43
41 20
41 82
41 29
41 19
14 62
14 25
14 72
40 5
40 50
40 93
40 4
40 96
77 43
77 8
77 35
77 54
77 24
7 92
7 38
7 84
70 72
34 81
34 50
34 97
34 63
19 20
19 56
19 13
47 79
25 20
25 45
73 85
36 3
36 48
36 29
36 58
36 37
36 12
56 64
56 13
55 5
11 39
11 85
86 71
86 58
86 88
82 10
82 64
82 24
38 29
38 99
38 3
38 54
67 80
83 16
