1
1
100
0 23
0 4
0 84
0 61
0 75
0 44
0 49
0 53
0 7
0 42
0 26
0 18
0 71
0 6
0 48
0 3
0 17
0 76
0 60
0 90
0 21
0 11
0 91
0 59
0 72
0 22
0 25
0 43
0 92
0 14
0 79
0 78
0 96
0 33
0 40
0 70
0 30
0 31
0 94
0 81
0 88
0 89
0 58
0 35
0 87
0 28
0 41
0 38
0 56
0 65
0 83
0 55
0 77
0 62
0 73
0 80
0 27
0 50
0 5
0 9
0 10
0 15
0 95
0 16
0 47
0 68
0 82
0 66
0 97
0 45
0 74
0 54
0 57
0 37
0 34
0 2
0 69
0 63
0 39
0 93
0 64
0 8
0 46
0 85
0 29
0 13
0 32
0 36
0 12
0 51
0 52
0 20
0 24
0 86
0 19
67 98
67 38
67 24
67 12
17 18
