1
1
100
0 50
42 99
42 50
0 56
50 99
71 99
41 99
49 99
85 99
80 99
78 99
67 99
97 99
2 99
25 99
5 99
38 99
36 99
23 99
75 99
87 99
76 99
13 99
56 99
61 99
66 99
42 90
90 99
93 99
43 99
42 15
15 99
52 99
79 99
42 77
98 77
24 77
10 77
0 42
0 33
0 96
0 79
0 87
0 37
0 12
0 40
0 29
0 45
51 50
51 80
51 57
42 7
0 51
0 72
0 55
0 36
0 10
0 44
0 66
0 30
0 94
0 54
0 34
0 35
0 84
0 93
14 50
14 55
14 42
31 50
31 46
31 12
14 31
14 29
14 13
14 82
14 15
14 47
14 35
14 88
14 83
14 46
14 56
14 43
14 76
14 23
14 75
81 50
81 22
81 16
81 42
81 66
81 26
81 88
81 82
81 54
81 35
81 7
81 86
81 92
