1
1
100
64 79
64 44
0 76
75 44
64 20
73 76
25 78
45 24
38 19
38 45
38 60
32 41
2 46
70 54
47 60
47 67
25 49
76 78
76 6
11 50
25 33
32 38
6 44
11 60
73 24
73 63
28 79
2 15
11 26
2 33
67 26
67 61
67 49
28 50
52 58
32 71
34 48
2 13
38 49
38 47
25 67
2 74
54 44
54 22
54 43
34 31
34 74
2 21
0 21
14 21
14 45
28 29
28 78
11 36
43 61
11 29
18 39
2 18
18 20
75 5
56 60
5 56
34 13
13 27
5 7
14 36
32 36
21 50
36 39
7 46
11 17
40 69
69 8
77 76
77 29
65 19
4 17
65 77
65 55
25 16
67 63
67 79
6 49
2 16
0 54
2 38
8 44
38 54
25 54
37 44
37 35
30 76
37 30
2 78
65 4
47 43
70 13
40 13
21 13
0 61
