5
55
62
30
43
34
100
0 60
0 35
0 59
0 76
0 95
0 45
0 16
0 65
0 84
0 77
0 51
0 5
0 31
0 74
0 26
0 10
0 87
0 36
0 82
0 52
0 90
0 72
0 22
0 23
0 93
0 79
0 57
0 71
0 12
0 39
0 54
0 47
0 21
0 81
0 68
0 44
0 53
0 88
0 20
0 83
0 11
0 2
0 19
0 96
0 24
0 63
0 70
0 86
0 48
0 91
0 33
0 7
0 80
0 42
0 17
0 56
0 38
0 61
0 98
0 73
0 32
0 97
0 89
0 94
0 49
0 66
0 78
0 50
0 37
0 15
0 1
0 6
58 76
58 75
58 66
58 47
58 64
58 20
58 84
58 22
58 13
58 39
58 12
58 67
58 17
58 53
58 45
58 83
58 35
58 33
58 59
58 2
58 42
58 78
58 1
58 8
58 95
58 21
58 72
58 31
