1
1
100
0 99
0 85
0 19
0 92
0 86
0 55
0 87
0 98
0 42
0 84
0 50
0 96
0 46
0 26
0 62
0 43
0 81
0 28
0 4
0 13
0 17
0 20
0 49
0 68
0 47
0 25
0 27
0 31
0 70
0 72
0 38
0 60
0 64
0 2
0 6
0 10
0 14
0 41
0 9
0 53
0 24
0 44
0 54
0 16
0 39
0 77
0 34
0 83
0 74
0 79
0 5
0 40
0 18
0 71
0 69
0 75
0 65
0 21
0 36
0 23
0 63
0 67
0 97
0 7
0 52
0 3
0 80
0 30
0 32
0 66
0 29
0 37
0 89
0 45
0 82
0 51
0 95
0 59
58 99
58 20
58 53
58 96
58 55
58 17
58 66
58 56
58 13
58 22
58 82
58 93
58 67
58 40
58 23
58 84
58 60
58 98
58 48
58 2
58 30
58 25
