1
1
100
0 60
14 99
0 56
0 26
5 60
0 14
50 39
0 50
0 31
0 41
0 68
0 70
0 46
0 4
24 60
0 5
0 13
0 45
0 63
0 87
48 96
48 26
48 20
48 23
48 64
48 2
48 69
48 37
48 47
48 82
48 22
48 68
48 86
48 59
16 60
16 37
16 80
48 16
48 49
48 70
48 90
9 60
9 56
9 73
9 4
9 19
9 47
9 81
9 97
9 96
9 37
9 93
9 28
9 15
9 68
34 87
34 56
34 82
34 37
34 45
34 61
6 61
34 6
34 71
34 10
34 4
34 55
18 87
34 18
34 68
9 34
9 7
9 99
9 90
67 26
67 77
67 86
67 27
67 58
67 68
67 6
67 21
67 44
74 46
74 14
74 33
74 53
74 42
30 84
30 72
30 61
30 40
30 45
74 30
50 20
50 40
50 66
50 10
26 49
50 93
