1
1
96
0 49
0 26
0 10
46 25
46 50
46 27
46 34
66 34
66 81
45 44
45 79
45 8
86 75
86 44
96 63
70 77
70 40
41 12
5 43
5 73
5 69
3 31
3 95
3 65
64 13
64 85
69 47
69 91
40 21
40 98
93 25
93 57
93 55
82 35
82 29
82 77
82 59
82 9
95 56
95 80
95 8
95 13
67 47
25 62
85 78
85 22
21 4
21 35
79 37
79 22
79 12
10 38
10 39
15 8
30 26
30 87
30 63
43 16
43 11
27 53
27 32
73 33
73 61
65 76
65 90
35 37
35 59
35 42
19 53
19 37
19 76
62 74
44 36
94 23
94 17
87 54
87 63
78 7
61 71
56 49
57 58
57 20
53 74
88 23
88 13
39 89
76 71
76 47
2 77
2 7
2 6
58 32
98 75
98 99
11 28
6 14
