1
1
100
0 14
0 5
0 39
0 55
0 32
0 15
0 27
0 33
0 56
0 41
0 73
0 24
0 50
0 70
0 53
0 31
0 52
0 3
0 21
0 35
0 60
0 2
0 54
0 48
0 64
0 68
0 10
0 51
0 71
0 20
0 4
0 8
0 17
0 36
0 19
0 61
0 69
0 25
0 44
0 66
0 29
0 40
0 23
0 38
0 11
0 45
0 46
0 58
0 63
0 65
0 42
0 47
0 37
0 43
0 7
0 34
0 13
0 57
0 67
0 6
0 16
0 26
0 9
0 18
0 72
0 62
0 59
0 30
0 28
0 12
0 22
49 14
49 5
49 27
49 37
49 43
49 3
49 61
49 25
49 53
49 60
49 17
49 9
49 46
49 68
49 52
49 65
49 26
49 57
49 4
49 23
49 72
49 73
49 18
49 50
49 33
49 24
49 67
49 19
49 2
