1
1
100
0 65
43 90
0 23
0 30
43 65
43 2
43 3
65 90
28 90
51 90
60 90
62 3
46 3
3 90
59 90
39 90
11 90
75 90
84 90
14 90
23 90
52 90
12 2
21 2
14 2
2 90
43 64
48 64
21 64
64 90
78 90
85 90
43 27
65 27
26 27
18 27
36 27
84 27
74 27
10 27
39 27
44 27
66 27
31 27
14 27
43 57
12 57
57 27
6 27
50 90
27 90
82 90
36 90
24 90
33 90
10 90
34 90
43 80
29 80
16 80
80 90
18 90
5 90
48 90
9 90
26 90
20 90
63 90
4 90
43 25
56 25
15 65
25 90
61 90
68 90
43 70
70 90
6 90
43 62
43 22
62 90
35 90
37 90
16 90
43 72
79 72
18 72
43 32
43 38
40 65
72 90
43 47
79 47
42 65
43 45
43 49
47 90
0 90
79 90
54 90
