4
29
96
49
91
100
0 99
0 8
0 66
0 45
0 74
0 20
0 4
0 87
0 57
0 86
0 65
0 19
0 92
0 54
3 24
3 9
3 7
3 42
3 40
3 47
3 89
3 81
3 53
63 73
63 81
63 11
63 99
63 76
63 48
63 10
63 8
63 53
63 64
63 77
63 65
63 24
63 42
63 30
63 57
90 20
90 46
90 57
90 67
90 59
90 38
90 74
90 36
90 85
90 11
90 10
90 78
50 94
50 11
50 62
50 71
50 59
50 60
50 39
50 93
50 33
50 76
50 88
50 52
50 12
50 69
50 44
55 57
55 74
55 38
55 26
55 46
55 20
55 33
55 7
55 2
55 34
55 60
55 82
55 47
55 93
55 21
43 27
43 59
43 19
43 8
43 93
43 78
43 23
43 89
43 42
43 79
41 99
41 10
41 70
41 23
41 76
41 54
41 52
41 62
41 28
