1
1
98
0 99
0 98
48 49
77 79
77 78
25 26
25 27
44 46
44 45
37 38
37 39
17 19
17 18
42 43
40 41
54 56
54 55
28 30
28 29
7 9
7 8
60 62
60 61
75 76
75 77
3 5
3 4
61 62
92 93
92 94
95 97
95 96
9 11
9 10
34 36
34 35
51 53
51 52
48 50
26 27
88 90
88 89
38 39
25 24
11 13
12 13
11 12
66 67
23 24
73 74
73 75
66 65
65 67
88 87
82 84
82 83
23 22
71 70
70 72
52 53
30 32
31 33
30 31
86 87
45 47
48 47
55 56
79 81
79 80
83 85
40 39
93 94
35 36
18 19
63 62
20 22
20 21
57 56
89 91
14 16
17 16
14 15
32 33
57 59
84 85
90 91
68 67
42 41
60 59
63 64
4 6
5 6
68 69
73 72
49 50
98 99
98 97
80 81
