1
1
100
0 49
67 94
51 94
67 49
7 94
12 94
67 2
0 67
0 31
0 77
0 37
0 60
0 16
42 49
0 42
54 49
54 84
54 85
54 90
0 54
0 25
0 86
0 78
0 7
15 49
15 24
15 76
15 94
15 47
0 15
57 49
0 57
0 47
0 51
0 79
0 45
0 19
0 68
0 64
0 36
85 49
85 25
85 65
0 85
0 55
70 49
70 56
70 67
70 8
70 60
70 83
70 5
70 62
29 49
70 29
70 33
70 86
70 76
70 51
70 12
70 90
70 87
70 65
67 13
14 49
16 49
70 42
70 3
70 74
16 35
16 19
16 74
70 16
70 17
70 23
70 18
70 19
70 35
70 47
82 49
82 58
67 19
67 20
21 49
70 82
70 92
70 4
70 13
0 93
70 54
0 69
71 49
71 65
71 74
71 67
71 37
71 42
71 45
71 34
71 50
