1
1
100
0 57
98 99
0 24
0 40
98 57
0 23
2 57
3 57
4 57
5 57
0 98
0 11
0 69
0 59
3 13
3 62
0 3
0 27
0 52
0 95
0 37
0 7
0 73
0 72
0 41
0 71
0 67
0 19
76 57
76 24
76 83
76 86
76 90
76 4
0 76
0 82
0 79
94 57
94 97
9 57
98 10
0 94
0 18
0 36
0 38
87 57
87 19
87 31
0 87
0 33
0 97
0 88
0 32
15 57
15 13
15 30
15 67
13 57
0 15
0 61
0 62
0 21
0 56
31 57
31 18
31 27
0 31
66 57
66 63
66 32
0 66
0 78
64 57
64 14
64 38
64 98
64 28
64 17
64 79
64 51
64 92
64 21
4 73
4 19
4 23
64 4
64 10
64 16
64 76
64 42
64 80
64 73
34 57
34 42
34 75
64 34
68 57
68 12
68 81
64 68
