1
1
100
0 72
21 8
37 82
37 72
81 32
81 71
0 21
0 79
38 56
37 54
38 19
38 52
20 72
20 24
68 53
68 63
20 68
20 47
20 56
49 8
49 41
20 49
65 72
65 62
65 73
65 30
65 63
65 75
0 62
38 20
61 54
61 55
61 30
3 54
3 41
66 71
48 63
37 25
3 7
66 18
61 53
61 3
48 7
34 22
48 15
48 6
48 55
48 34
76 22
61 48
0 38
37 12
0 15
71 58
13 71
60 82
60 4
36 72
36 56
36 32
36 44
36 62
36 53
36 59
74 37
74 43
44 30
74 55
45 63
60 58
60 36
44 74
68 52
68 73
7 6
7 64
7 70
68 7
68 55
44 45
12 72
12 55
34 39
12 34
65 32
47 72
44 33
69 41
35 9
69 35
44 65
44 68
81 59
81 6
21 40
31 30
31 16
31 25
31 43
31 9
