1
1
100
0 73
35 98
0 21
35 73
0 35
0 3
0 90
0 61
43 73
43 75
0 43
0 28
0 40
0 17
0 47
0 62
11 73
11 20
11 53
0 11
0 10
0 78
0 9
0 69
0 49
0 86
0 57
0 74
0 45
44 73
44 16
44 36
44 5
44 72
35 5
0 44
0 64
0 79
29 73
29 16
29 13
0 29
0 13
41 73
41 4
41 22
41 6
41 47
41 35
41 24
41 28
41 10
41 20
41 34
41 44
41 96
41 30
41 46
41 75
19 73
19 84
41 19
41 16
54 73
54 80
41 54
41 38
41 64
41 29
41 76
41 71
87 73
87 50
35 14
15 73
16 73
41 87
0 41
0 92
0 58
0 77
0 82
0 52
0 81
16 38
16 82
16 88
0 16
71 73
71 25
71 35
71 63
71 20
26 73
26 35
26 56
26 5
26 97
26 24
26 69
