1
1
100
35 54
17 54
0 40
35 40
5 40
40 54
52 54
34 54
20 54
14 54
19 54
26 54
38 54
35 25
25 54
29 54
6 54
18 54
33 54
46 54
11 54
10 54
17 22
0 35
17 35
52 22
8 35
9 35
17 10
17 13
0 17
0 44
0 10
0 21
0 47
0 15
0 9
8 19
0 8
5 28
5 50
0 5
0 46
0 11
0 36
0 45
23 35
22 54
17 8
16 8
23 8
21 8
40 50
33 50
23 20
50 8
37 8
2 8
40 7
7 8
40 48
48 8
27 8
17 6
30 6
34 6
17 3
3 6
47 6
27 6
11 6
2 6
40 19
50 6
29 6
28 6
40 20
17 26
40 33
17 29
40 36
17 31
10 6
13 6
47 31
31 6
40 53
53 8
40 26
17 4
40 41
17 20
6 8
17 18
18 8
0 23
0 19
4 8
35 15
2 15
