5
49
69
17
26
28
100
0 89
0 44
0 47
0 52
0 9
0 92
0 81
0 56
0 48
0 95
0 12
0 13
0 78
0 29
0 3
0 45
0 51
0 79
0 98
0 73
0 2
0 1
0 91
0 38
0 74
0 70
0 60
0 80
0 99
0 16
0 27
0 65
0 24
0 35
0 36
0 41
0 68
0 58
0 64
0 82
0 67
0 75
0 37
0 66
0 71
0 72
0 87
0 85
0 6
0 31
0 22
0 14
0 4
0 25
0 5
0 93
0 54
0 46
0 86
0 62
0 43
0 30
61 51
61 86
61 71
61 87
61 79
61 33
61 81
61 39
61 11
61 24
61 38
61 34
61 30
61 27
61 48
61 98
61 84
61 67
61 41
61 31
61 78
61 89
61 56
61 18
61 94
61 55
61 91
61 40
61 8
61 10
61 82
61 44
61 97
61 74
61 54
61 73
61 66
61 93
