5
12
13
24
4
6
100
0 46
0 49
0 52
0 74
0 66
0 16
0 67
0 9
0 1
0 20
0 48
0 33
0 42
0 28
0 58
0 64
0 10
0 70
0 27
0 38
0 30
0 63
0 73
0 32
0 22
0 56
0 72
0 59
0 15
0 65
0 51
0 45
0 37
0 62
0 43
0 34
0 55
0 31
0 69
0 5
0 29
0 23
0 18
0 3
0 60
0 61
0 17
0 19
0 14
0 40
0 47
0 54
0 25
0 44
0 50
0 8
0 36
0 39
0 71
0 7
0 57
0 41
0 11
0 53
0 68
0 35
0 2
0 26
21 47
21 50
21 16
21 70
21 51
21 1
21 7
21 68
21 69
21 39
21 11
21 28
21 19
21 64
21 52
21 10
21 25
21 26
21 48
21 46
21 44
21 30
21 61
21 58
21 73
21 53
21 8
21 2
21 37
21 31
21 35
21 59
