1
1
100
0 43
0 18
0 56
0 79
0 7
0 17
0 38
0 68
0 27
0 46
0 74
0 13
0 5
0 89
0 92
0 16
0 19
0 24
0 62
0 31
0 96
0 69
0 36
0 94
0 93
0 95
0 41
0 26
0 91
0 53
0 58
0 75
11 13
11 3
11 37
11 18
11 77
11 34
11 25
11 41
11 87
11 54
11 36
11 9
11 17
11 86
11 26
11 94
11 28
11 62
11 4
11 50
11 96
11 57
11 5
11 61
11 93
11 31
11 49
11 84
11 22
11 20
11 38
11 29
11 83
11 14
6 59
6 43
6 42
6 63
6 32
6 20
6 36
6 7
6 48
6 54
6 92
6 94
6 27
6 52
6 80
6 46
6 89
6 4
6 12
6 23
6 87
6 68
6 13
6 79
6 93
6 19
6 91
6 38
6 10
6 2
6 61
6 86
29 51
29 85
