1
1
100
10 20
11 21
11 12
11 2
20 30
21 22
21 31
21 30
12 22
12 13
12 3
3 13
4 14
4 13
5 14
5 15
6 15
6 16
7 16
7 17
8 17
8 18
9 18
19 28
19 29
18 28
18 17
27 28
27 37
27 36
27 17
26 36
26 35
26 25
26 17
16 25
15 25
15 24
14 24
14 23
13 23
22 23
22 32
31 41
31 32
31 40
40 50
41 42
41 32
41 51
50 60
51 42
51 61
51 52
60 61
70 61
70 80
71 62
71 72
71 80
71 61
81 72
81 82
81 91
81 90
91 82
92 82
92 83
93 84
93 94
83 82
83 74
83 73
84 85
84 94
84 75
74 64
74 73
74 75
65 66
65 56
65 55
65 75
64 55
64 54
64 63
73 63
73 72
72 62
63 53
63 62
54 55
54 45
54 44
53 44
53 43
53 62
52 43
42 43
42 33
