1
1
100
38 99
26 99
17 99
83 98
15 98
87 98
88 99
90 10
8 10
84 10
52 10
40 10
32 59
55 59
46 60
76 60
33 60
26 60
59 99
98 99
0 44
38 44
72 99
9 99
53 99
91 99
77 99
56 99
0 99
94 99
38 3
63 3
53 3
73 3
4 3
41 69
38 25
55 3
25 69
69 3
82 3
38 46
46 3
57 81
18 29
29 81
36 81
41 81
43 81
44 51
36 51
91 51
95 45
51 81
45 81
31 81
38 8
22 8
21 8
34 8
82 8
93 71
77 71
71 8
62 8
73 8
11 8
38 92
74 92
35 92
37 92
63 92
52 92
31 92
77 92
38 76
28 76
49 76
41 76
56 76
77 76
68 76
11 76
15 76
6 76
75 76
19 76
76 92
92 8
81 3
38 5
5 99
75 3
3 99
43 99
59 60
77 60
15 60
82 60
53 60
