1
1
100
0 14
0 33
0 54
0 56
0 94
0 30
0 46
0 61
0 89
0 36
0 82
0 53
0 63
0 11
0 24
0 84
0 67
0 86
0 34
88 13
88 44
88 67
88 6
88 15
88 86
88 34
88 55
88 95
88 31
88 48
88 24
88 74
88 92
88 78
88 82
88 91
88 33
88 21
88 81
88 94
43 74
43 84
43 86
43 73
43 53
43 77
43 5
43 2
43 31
43 67
43 24
43 19
43 81
43 16
43 56
43 28
43 54
8 51
8 74
8 27
8 56
8 62
8 86
8 11
8 6
8 96
8 30
8 20
8 39
8 78
8 83
8 84
8 87
8 5
8 68
8 59
8 69
61 20
61 68
61 91
61 44
61 69
61 89
61 10
61 73
61 86
61 34
61 78
61 22
61 85
61 3
61 65
61 18
61 51
61 90
61 96
61 50
70 26
70 66
70 71
